#
# A fatal error has been detected by the Java Runtime Environment:
#
#  SIGSEGV (0xb) at pc=0x00007f34cf062495, pid=23774, tid=25235
#
# JRE version: OpenJDK Runtime Environment (11.0.11+9) (build 11.0.11+9-Ubuntu-0ubuntu2.18.04)
# Java VM: OpenJDK 64-Bit Server VM (11.0.11+9-Ubuntu-0ubuntu2.18.04, mixed mode, sharing, tiered, compressed oops, g1 gc, linux-amd64)
# Problematic frame:
# C  [libjimage.so+0x2495]
#
# Core dump will be written. Default location: Core dumps may be processed with "/usr/share/apport/apport %p %s %c %d %P %E" (or dumping to /home/mark/eclipse-workspace/Sceletonization/core.23774)
#
# If you would like to submit a bug report, please visit:
#   https://bugs.launchpad.net/ubuntu/+source/openjdk-lts
#

---------------  S U M M A R Y ------------

Command Line: -Dfile.encoding=UTF-8 Main

Host: Intel(R) Core(TM) i7-8550U CPU @ 1.80GHz, 8 cores, 15G, Ubuntu 18.04.5 LTS
Time: Tue May 11 10:13:01 2021 EEST elapsed time: 25158.832155 seconds (0d 6h 59m 18s)

---------------  T H R E A D  ---------------

Current thread (0x00007f3444002800):  JavaThread "XToolkt-Shutdown-Thread" [_thread_in_vm, id=25235, stack(0x00007f3461ce6000,0x00007f3461de7000)]

Stack: [0x00007f3461ce6000,0x00007f3461de7000],  sp=0x00007f3461de4068,  free space=1016k
Native frames: (J=compiled Java code, A=aot compiled Java code, j=interpreted, Vv=VM code, C=native code)
C  [libjimage.so+0x2495]
C  [libjimage.so+0x3515]  JIMAGE_FindResource+0xd5
V  [libjvm.so+0x596f2f]
V  [libjvm.so+0x5991cb]
V  [libjvm.so+0xd845ac]
V  [libjvm.so+0xd831d2]
V  [libjvm.so+0xd856e6]
V  [libjvm.so+0x6403ad]
V  [libjvm.so+0x640812]
V  [libjvm.so+0x9ee696]
V  [libjvm.so+0x9f512d]
V  [libjvm.so+0x8274a6]
V  [libjvm.so+0x827add]
j  sun.awt.X11.XToolkit.lambda$init$0()V+0 java.desktop@11.0.11
j  sun.awt.X11.XToolkit$$Lambda$10.run()V+4 java.desktop@11.0.11
j  java.lang.Thread.run()V+11 java.base@11.0.11
v  ~StubRoutines::call_stub
V  [libjvm.so+0x82db91]
V  [libjvm.so+0x82c030]
V  [libjvm.so+0x82c0eb]
V  [libjvm.so+0x8cae9c]
V  [libjvm.so+0xdba950]
V  [libjvm.so+0xdb67e9]
V  [libjvm.so+0xb7b34e]

Java frames: (J=compiled Java code, j=interpreted, Vv=VM code)
j  sun.awt.X11.XToolkit.lambda$init$0()V+0 java.desktop@11.0.11
j  sun.awt.X11.XToolkit$$Lambda$10.run()V+4 java.desktop@11.0.11
j  java.lang.Thread.run()V+11 java.base@11.0.11
v  ~StubRoutines::call_stub

siginfo: si_signo: 11 (SIGSEGV), si_code: 1 (SEGV_MAPERR), si_addr: 0x00007f34bf95032a

Register to memory mapping:

RAX=0x0000000000096136 is an unknown value
RBX=0x00007f34c8009e40 points into unknown readable memory: 0x0000000000000000 | 00 00 00 00 00 00 00 00
RCX=0x00007f34bf87801c is an unknown value
RDX=0x00007f34bf899108 is an unknown value
RSP=0x00007f3461de4068 is pointing into the stack for thread: 0x00007f3444002800
RBP=0x00007f3461de40d0 is pointing into the stack for thread: 0x00007f3444002800
RSI=0x00007f34bf95032a is an unknown value
RDI=0x00007f3461de4070 is pointing into the stack for thread: 0x00007f3444002800
R8 =0x0 is NULL
R9 =0x00000000ca0d71f0 is an unknown value
R10=0x00007f3461de4114 is pointing into the stack for thread: 0x00007f3444002800
R11=0x00007f3461de4070 is pointing into the stack for thread: 0x00007f3444002800
R12=0x0000000000096136 is an unknown value
R13=0x00007f3461de40f0 is pointing into the stack for thread: 0x00007f3444002800
R14=0x00007f3461de5188 is pointing into the stack for thread: 0x00007f3444002800
R15=0x00007f34781de7b0 points into unknown readable memory: 0x2f7477612f6e7573 | 73 75 6e 2f 61 77 74 2f


Registers:
RAX=0x0000000000096136, RBX=0x00007f34c8009e40, RCX=0x00007f34bf87801c, RDX=0x00007f34bf899108
RSP=0x00007f3461de4068, RBP=0x00007f3461de40d0, RSI=0x00007f34bf95032a, RDI=0x00007f3461de4070
R8 =0x0000000000000000, R9 =0x00000000ca0d71f0, R10=0x00007f3461de4114, R11=0x00007f3461de4070
R12=0x0000000000096136, R13=0x00007f3461de40f0, R14=0x00007f3461de5188, R15=0x00007f34781de7b0
RIP=0x00007f34cf062495, EFLAGS=0x0000000000010202, CSGSFS=0x002b000000000033, ERR=0x0000000000000004
  TRAPNO=0x000000000000000e

Top of Stack: (sp=0x00007f3461de4068)
0x00007f3461de4068:   00007f34cf063091 0000000000000000
0x00007f3461de4078:   0000000000000000 0000000000000000
0x00007f3461de4088:   0000000000000000 0000000000000000
0x00007f3461de4098:   0000000000000000 0000000000000000 

Instructions: (pc=0x00007f34cf062495)
0x00007f34cf062395:   00 01 66 0f 1f 84 00 00 00 00 00 44 69 c8 93 01
0x00007f34cf0623a5:   00 01 49 83 c2 01 41 0f b6 c0 45 0f b6 42 ff 44
0x00007f34cf0623b5:   31 c8 45 84 c0 75 e4 25 ff ff ff 7f 41 89 cd 48
0x00007f34cf0623c5:   89 d1 31 d2 49 89 f4 41 f7 f5 89 d0 8b 34 81 48
0x00007f34cf0623d5:   8b 07 ff 50 20 85 c0 7f 22 ba ff ff ff ff 74 04
0x00007f34cf0623e5:   f7 d0 89 c2 48 83 c4 08 89 d0 5b 41 5c 41 5d 5d
0x00007f34cf0623f5:   c3 66 2e 0f 1f 84 00 00 00 00 00 41 0f b6 34 24
0x00007f34cf062405:   89 c7 40 84 f6 74 1b 0f 1f 40 00 69 ff 93 01 00
0x00007f34cf062415:   01 48 83 c3 01 31 f7 0f b6 73 ff 40 84 f6 75 eb
0x00007f34cf062425:   89 f8 25 ff ff ff 7f 31 d2 48 83 c4 08 41 f7 f5
0x00007f34cf062435:   5b 41 5c 41 5d 5d 89 d0 c3 66 90 b8 93 01 00 01
0x00007f34cf062445:   e9 77 ff ff ff 83 ca ff 89 d0 c3 0f b6 17 48 89
0x00007f34cf062455:   f8 84 d2 75 19 eb 1e 0f 1f 40 00 38 ca 75 1c 48
0x00007f34cf062465:   83 c0 01 0f b6 10 48 83 c6 01 84 d2 74 15 0f b6
0x00007f34cf062475:   0e 84 c9 75 e6 c3 0f 1f 44 00 00 31 c0 c3 0f 1f
0x00007f34cf062485:   44 00 00 c3 90 66 0f 1f 44 00 00 48 85 f6 74 5a
0x00007f34cf062495:   0f b6 06 84 c0 74 54 0f 1f 40 00 0f b6 d0 83 e0
0x00007f34cf0624a5:   07 c1 fa 03 44 8d 50 01 0f b6 c0 41 89 d1 4c 8d
0x00007f34cf0624b5:   44 06 02 48 8d 56 01 31 c0 66 90 0f b6 0a 48 c1
0x00007f34cf0624c5:   e0 08 48 83 c2 01 48 09 c8 49 39 d0 75 ed 49 63
0x00007f34cf0624d5:   d1 48 89 04 d7 41 0f b6 c2 48 8d 74 06 01 48 85
0x00007f34cf0624e5:   f6 74 07 0f b6 06 84 c0 75 b1 c3 c3 90 0f 1f 40
0x00007f34cf0624f5:   00 66 2e 0f 1f 84 00 00 00 00 00 66 0f ef c0 0f
0x00007f34cf062505:   11 07 0f 11 47 10 0f 11 47 20 0f 11 47 30 c3 66
0x00007f34cf062515:   90 66 2e 0f 1f 84 00 00 00 00 00 48 8b 46 10 48
0x00007f34cf062525:   89 37 48 89 47 08 c3 0f 1f 40 00 c3 90 0f 1f 40
0x00007f34cf062535:   00 66 2e 0f 1f 84 00 00 00 00 00 48 b8 00 00 00
0x00007f34cf062545:   00 08 00 00 00 55 be 08 00 00 00 48 89 e5 53 48
0x00007f34cf062555:   89 fb 48 83 ec 08 48 89 07 bf 08 00 00 00 e8 d8
0x00007f34cf062565:   f0 ff ff 48 89 43 08 48 83 c4 08 5b 5d c3 90 66
0x00007f34cf062575:   90 66 2e 0f 1f 84 00 00 00 00 00 55 48 89 e5 41
0x00007f34cf062585:   54 49 89 f4 53 48 89 fb 8b 17 48 8b 47 08 3b 57 


Stack slot to memory mapping:
stack at sp + 0 slots: 0x00007f34cf063091: <offset 0x0000000000003091> in /usr/lib/jvm/java-11-openjdk-amd64/lib/libjimage.so at 0x00007f34cf060000
stack at sp + 1 slots: 0x0 is NULL
stack at sp + 2 slots: 0x0 is NULL
stack at sp + 3 slots: 0x0 is NULL
stack at sp + 4 slots: 0x0 is NULL
stack at sp + 5 slots: 0x0 is NULL
stack at sp + 6 slots: 0x0 is NULL
stack at sp + 7 slots: 0x0 is NULL


---------------  P R O C E S S  ---------------

Threads class SMR info:
_java_thread_list=0x00007f3444003d20, length=18, elements={
0x00007f34c81d0000, 0x00007f34c81d2000, 0x00007f34c81d8800, 0x00007f34c81da800,
0x00007f34c81dc800, 0x00007f34c81de800, 0x00007f34c81e0800, 0x00007f34c822c000,
0x00007f34c832f000, 0x00007f34c835d800, 0x00007f34c8523000, 0x00007f3450005800,
0x00007f34c8017000, 0x00007f347c001000, 0x00007f347c002800, 0x00007f347c004000,
0x00007f347c006000, 0x00007f3444002800
}

Java Threads: ( => current thread )
  0x00007f34c81d0000 JavaThread "Reference Handler" daemon [_thread_blocked, id=23788, stack(0x00007f349d6ff000,0x00007f349d800000)]
  0x00007f34c81d2000 JavaThread "Finalizer" daemon [_thread_blocked, id=23789, stack(0x00007f349d5fe000,0x00007f349d6ff000)]
  0x00007f34c81d8800 JavaThread "Signal Dispatcher" daemon [_thread_blocked, id=23790, stack(0x00007f349cf74000,0x00007f349d075000)]
  0x00007f34c81da800 JavaThread "Service Thread" daemon [_thread_blocked, id=23791, stack(0x00007f349ce73000,0x00007f349cf74000)]
  0x00007f34c81dc800 JavaThread "C2 CompilerThread0" daemon [_thread_blocked, id=23792, stack(0x00007f349cd72000,0x00007f349ce73000)]
  0x00007f34c81de800 JavaThread "C1 CompilerThread0" daemon [_thread_blocked, id=23793, stack(0x00007f349cc71000,0x00007f349cd72000)]
  0x00007f34c81e0800 JavaThread "Sweeper thread" daemon [_thread_blocked, id=23794, stack(0x00007f349cb70000,0x00007f349cc71000)]
  0x00007f34c822c000 JavaThread "Common-Cleaner" daemon [_thread_blocked, id=23796, stack(0x00007f349c96d000,0x00007f349ca6e000)]
  0x00007f34c832f000 JavaThread "Java2D Disposer" daemon [_thread_blocked, id=23800, stack(0x00007f3468104000,0x00007f3468205000)]
  0x00007f34c835d800 JavaThread "AWT-XAWT" daemon [_thread_in_native, id=23801, stack(0x00007f3468003000,0x00007f3468104000)]
  0x00007f34c8523000 JavaThread "AWT-Shutdown" [_thread_blocked, id=23803, stack(0x00007f34621eb000,0x00007f34622ec000)]
  0x00007f3450005800 JavaThread "AWT-EventQueue-0" [_thread_blocked, id=23804, stack(0x00007f34620ea000,0x00007f34621eb000)]
  0x00007f34c8017000 JavaThread "DestroyJavaVM" [_thread_blocked, id=23781, stack(0x00007f34d236b000,0x00007f34d246c000)]
  0x00007f347c001000 JavaThread "SIGHUP handler" daemon [_thread_blocked, id=25145, stack(0x00007f34622ec000,0x00007f34623ed000)]
  0x00007f347c002800 JavaThread "SIGHUP handler" daemon [_thread_blocked, id=25150, stack(0x00007f3461fe9000,0x00007f34620ea000)]
  0x00007f347c004000 JavaThread "SIGTERM handler" daemon [_thread_blocked, id=25197, stack(0x00007f3461ee8000,0x00007f3461fe9000)]
  0x00007f347c006000 JavaThread "SIGTERM handler" daemon [_thread_blocked, id=25198, stack(0x00007f3461de7000,0x00007f3461ee8000)]
=>0x00007f3444002800 JavaThread "XToolkt-Shutdown-Thread" [_thread_in_vm, id=25235, stack(0x00007f3461ce6000,0x00007f3461de7000)]

Other Threads:
  0x00007f34c81cd000 VMThread "VM Thread" [stack: 0x00007f34a40bc000,0x00007f34a41bc000] [id=23787]
  0x00007f34c8229800 WatcherThread [stack: 0x00007f349ca70000,0x00007f349cb70000] [id=23795]
  0x00007f34c802f800 GCTaskThread "GC Thread#0" [stack: 0x00007f34ce340000,0x00007f34ce440000] [id=23782]
  0x00007f34c808d800 ConcurrentGCThread "G1 Main Marker" [stack: 0x00007f34cc1e9000,0x00007f34cc2e9000] [id=23783]
  0x00007f34c808f800 ConcurrentGCThread "G1 Conc#0" [stack: 0x00007f34cc0e7000,0x00007f34cc1e7000] [id=23784]
  0x00007f34c818f800 ConcurrentGCThread "G1 Refine#0" [stack: 0x00007f34a42c0000,0x00007f34a43c0000] [id=23785]
  0x00007f34c8191000 ConcurrentGCThread "G1 Young RemSet Sampling" [stack: 0x00007f34a41be000,0x00007f34a42be000] [id=23786]

Threads with active compile tasks:

VM state:not at safepoint (normal execution)

VM Mutex/Monitor currently owned by a thread: None

Heap address: 0x0000000707800000, size: 3976 MB, Compressed Oops mode: Zero based, Oop shift amount: 3
Narrow klass base: 0x0000000800000000, Narrow klass shift: 3
Compressed class space size: 1073741824 Address: 0x0000000840000000

Heap:
 garbage-first heap   total 258048K, used 10952K [0x0000000707800000, 0x0000000800000000)
  region size 1024K, 12 young (12288K), 0 survivors (0K)
 Metaspace       used 8432K, capacity 8803K, committed 9088K, reserved 1056768K
  class space    used 854K, capacity 1049K, committed 1152K, reserved 1048576K
Heap Regions: E=young(eden), S=young(survivor), O=old, HS=humongous(starts), HC=humongous(continues), CS=collection set, F=free, A=archive, TAMS=top-at-mark-start (previous, next)
|   0|0x0000000707800000, 0x0000000707800000, 0x0000000707900000|  0%| F|  |TAMS 0x0000000707800000, 0x0000000707800000| Untracked 
|   1|0x0000000707900000, 0x0000000707900000, 0x0000000707a00000|  0%| F|  |TAMS 0x0000000707900000, 0x0000000707900000| Untracked 
|   2|0x0000000707a00000, 0x0000000707a00000, 0x0000000707b00000|  0%| F|  |TAMS 0x0000000707a00000, 0x0000000707a00000| Untracked 
|   3|0x0000000707b00000, 0x0000000707b00000, 0x0000000707c00000|  0%| F|  |TAMS 0x0000000707b00000, 0x0000000707b00000| Untracked 
|   4|0x0000000707c00000, 0x0000000707c00000, 0x0000000707d00000|  0%| F|  |TAMS 0x0000000707c00000, 0x0000000707c00000| Untracked 
|   5|0x0000000707d00000, 0x0000000707d00000, 0x0000000707e00000|  0%| F|  |TAMS 0x0000000707d00000, 0x0000000707d00000| Untracked 
|   6|0x0000000707e00000, 0x0000000707e00000, 0x0000000707f00000|  0%| F|  |TAMS 0x0000000707e00000, 0x0000000707e00000| Untracked 
|   7|0x0000000707f00000, 0x0000000707f00000, 0x0000000708000000|  0%| F|  |TAMS 0x0000000707f00000, 0x0000000707f00000| Untracked 
|   8|0x0000000708000000, 0x0000000708000000, 0x0000000708100000|  0%| F|  |TAMS 0x0000000708000000, 0x0000000708000000| Untracked 
|   9|0x0000000708100000, 0x0000000708100000, 0x0000000708200000|  0%| F|  |TAMS 0x0000000708100000, 0x0000000708100000| Untracked 
|  10|0x0000000708200000, 0x0000000708200000, 0x0000000708300000|  0%| F|  |TAMS 0x0000000708200000, 0x0000000708200000| Untracked 
|  11|0x0000000708300000, 0x0000000708300000, 0x0000000708400000|  0%| F|  |TAMS 0x0000000708300000, 0x0000000708300000| Untracked 
|  12|0x0000000708400000, 0x0000000708400000, 0x0000000708500000|  0%| F|  |TAMS 0x0000000708400000, 0x0000000708400000| Untracked 
|  13|0x0000000708500000, 0x0000000708500000, 0x0000000708600000|  0%| F|  |TAMS 0x0000000708500000, 0x0000000708500000| Untracked 
|  14|0x0000000708600000, 0x0000000708600000, 0x0000000708700000|  0%| F|  |TAMS 0x0000000708600000, 0x0000000708600000| Untracked 
|  15|0x0000000708700000, 0x0000000708700000, 0x0000000708800000|  0%| F|  |TAMS 0x0000000708700000, 0x0000000708700000| Untracked 
|  16|0x0000000708800000, 0x0000000708800000, 0x0000000708900000|  0%| F|  |TAMS 0x0000000708800000, 0x0000000708800000| Untracked 
|  17|0x0000000708900000, 0x0000000708900000, 0x0000000708a00000|  0%| F|  |TAMS 0x0000000708900000, 0x0000000708900000| Untracked 
|  18|0x0000000708a00000, 0x0000000708a00000, 0x0000000708b00000|  0%| F|  |TAMS 0x0000000708a00000, 0x0000000708a00000| Untracked 
|  19|0x0000000708b00000, 0x0000000708b00000, 0x0000000708c00000|  0%| F|  |TAMS 0x0000000708b00000, 0x0000000708b00000| Untracked 
|  20|0x0000000708c00000, 0x0000000708c00000, 0x0000000708d00000|  0%| F|  |TAMS 0x0000000708c00000, 0x0000000708c00000| Untracked 
|  21|0x0000000708d00000, 0x0000000708d00000, 0x0000000708e00000|  0%| F|  |TAMS 0x0000000708d00000, 0x0000000708d00000| Untracked 
|  22|0x0000000708e00000, 0x0000000708e00000, 0x0000000708f00000|  0%| F|  |TAMS 0x0000000708e00000, 0x0000000708e00000| Untracked 
|  23|0x0000000708f00000, 0x0000000708f00000, 0x0000000709000000|  0%| F|  |TAMS 0x0000000708f00000, 0x0000000708f00000| Untracked 
|  24|0x0000000709000000, 0x0000000709000000, 0x0000000709100000|  0%| F|  |TAMS 0x0000000709000000, 0x0000000709000000| Untracked 
|  25|0x0000000709100000, 0x0000000709100000, 0x0000000709200000|  0%| F|  |TAMS 0x0000000709100000, 0x0000000709100000| Untracked 
|  26|0x0000000709200000, 0x0000000709200000, 0x0000000709300000|  0%| F|  |TAMS 0x0000000709200000, 0x0000000709200000| Untracked 
|  27|0x0000000709300000, 0x0000000709300000, 0x0000000709400000|  0%| F|  |TAMS 0x0000000709300000, 0x0000000709300000| Untracked 
|  28|0x0000000709400000, 0x0000000709400000, 0x0000000709500000|  0%| F|  |TAMS 0x0000000709400000, 0x0000000709400000| Untracked 
|  29|0x0000000709500000, 0x0000000709500000, 0x0000000709600000|  0%| F|  |TAMS 0x0000000709500000, 0x0000000709500000| Untracked 
|  30|0x0000000709600000, 0x0000000709600000, 0x0000000709700000|  0%| F|  |TAMS 0x0000000709600000, 0x0000000709600000| Untracked 
|  31|0x0000000709700000, 0x0000000709700000, 0x0000000709800000|  0%| F|  |TAMS 0x0000000709700000, 0x0000000709700000| Untracked 
|  32|0x0000000709800000, 0x0000000709800000, 0x0000000709900000|  0%| F|  |TAMS 0x0000000709800000, 0x0000000709800000| Untracked 
|  33|0x0000000709900000, 0x0000000709900000, 0x0000000709a00000|  0%| F|  |TAMS 0x0000000709900000, 0x0000000709900000| Untracked 
|  34|0x0000000709a00000, 0x0000000709a00000, 0x0000000709b00000|  0%| F|  |TAMS 0x0000000709a00000, 0x0000000709a00000| Untracked 
|  35|0x0000000709b00000, 0x0000000709b00000, 0x0000000709c00000|  0%| F|  |TAMS 0x0000000709b00000, 0x0000000709b00000| Untracked 
|  36|0x0000000709c00000, 0x0000000709c00000, 0x0000000709d00000|  0%| F|  |TAMS 0x0000000709c00000, 0x0000000709c00000| Untracked 
|  37|0x0000000709d00000, 0x0000000709d00000, 0x0000000709e00000|  0%| F|  |TAMS 0x0000000709d00000, 0x0000000709d00000| Untracked 
|  38|0x0000000709e00000, 0x0000000709e00000, 0x0000000709f00000|  0%| F|  |TAMS 0x0000000709e00000, 0x0000000709e00000| Untracked 
|  39|0x0000000709f00000, 0x0000000709f00000, 0x000000070a000000|  0%| F|  |TAMS 0x0000000709f00000, 0x0000000709f00000| Untracked 
|  40|0x000000070a000000, 0x000000070a000000, 0x000000070a100000|  0%| F|  |TAMS 0x000000070a000000, 0x000000070a000000| Untracked 
|  41|0x000000070a100000, 0x000000070a100000, 0x000000070a200000|  0%| F|  |TAMS 0x000000070a100000, 0x000000070a100000| Untracked 
|  42|0x000000070a200000, 0x000000070a200000, 0x000000070a300000|  0%| F|  |TAMS 0x000000070a200000, 0x000000070a200000| Untracked 
|  43|0x000000070a300000, 0x000000070a300000, 0x000000070a400000|  0%| F|  |TAMS 0x000000070a300000, 0x000000070a300000| Untracked 
|  44|0x000000070a400000, 0x000000070a400000, 0x000000070a500000|  0%| F|  |TAMS 0x000000070a400000, 0x000000070a400000| Untracked 
|  45|0x000000070a500000, 0x000000070a500000, 0x000000070a600000|  0%| F|  |TAMS 0x000000070a500000, 0x000000070a500000| Untracked 
|  46|0x000000070a600000, 0x000000070a600000, 0x000000070a700000|  0%| F|  |TAMS 0x000000070a600000, 0x000000070a600000| Untracked 
|  47|0x000000070a700000, 0x000000070a700000, 0x000000070a800000|  0%| F|  |TAMS 0x000000070a700000, 0x000000070a700000| Untracked 
|  48|0x000000070a800000, 0x000000070a800000, 0x000000070a900000|  0%| F|  |TAMS 0x000000070a800000, 0x000000070a800000| Untracked 
|  49|0x000000070a900000, 0x000000070a900000, 0x000000070aa00000|  0%| F|  |TAMS 0x000000070a900000, 0x000000070a900000| Untracked 
|  50|0x000000070aa00000, 0x000000070aa00000, 0x000000070ab00000|  0%| F|  |TAMS 0x000000070aa00000, 0x000000070aa00000| Untracked 
|  51|0x000000070ab00000, 0x000000070ab00000, 0x000000070ac00000|  0%| F|  |TAMS 0x000000070ab00000, 0x000000070ab00000| Untracked 
|  52|0x000000070ac00000, 0x000000070ac00000, 0x000000070ad00000|  0%| F|  |TAMS 0x000000070ac00000, 0x000000070ac00000| Untracked 
|  53|0x000000070ad00000, 0x000000070ad00000, 0x000000070ae00000|  0%| F|  |TAMS 0x000000070ad00000, 0x000000070ad00000| Untracked 
|  54|0x000000070ae00000, 0x000000070ae00000, 0x000000070af00000|  0%| F|  |TAMS 0x000000070ae00000, 0x000000070ae00000| Untracked 
|  55|0x000000070af00000, 0x000000070af00000, 0x000000070b000000|  0%| F|  |TAMS 0x000000070af00000, 0x000000070af00000| Untracked 
|  56|0x000000070b000000, 0x000000070b000000, 0x000000070b100000|  0%| F|  |TAMS 0x000000070b000000, 0x000000070b000000| Untracked 
|  57|0x000000070b100000, 0x000000070b100000, 0x000000070b200000|  0%| F|  |TAMS 0x000000070b100000, 0x000000070b100000| Untracked 
|  58|0x000000070b200000, 0x000000070b200000, 0x000000070b300000|  0%| F|  |TAMS 0x000000070b200000, 0x000000070b200000| Untracked 
|  59|0x000000070b300000, 0x000000070b300000, 0x000000070b400000|  0%| F|  |TAMS 0x000000070b300000, 0x000000070b300000| Untracked 
|  60|0x000000070b400000, 0x000000070b400000, 0x000000070b500000|  0%| F|  |TAMS 0x000000070b400000, 0x000000070b400000| Untracked 
|  61|0x000000070b500000, 0x000000070b500000, 0x000000070b600000|  0%| F|  |TAMS 0x000000070b500000, 0x000000070b500000| Untracked 
|  62|0x000000070b600000, 0x000000070b600000, 0x000000070b700000|  0%| F|  |TAMS 0x000000070b600000, 0x000000070b600000| Untracked 
|  63|0x000000070b700000, 0x000000070b700000, 0x000000070b800000|  0%| F|  |TAMS 0x000000070b700000, 0x000000070b700000| Untracked 
|  64|0x000000070b800000, 0x000000070b800000, 0x000000070b900000|  0%| F|  |TAMS 0x000000070b800000, 0x000000070b800000| Untracked 
|  65|0x000000070b900000, 0x000000070b900000, 0x000000070ba00000|  0%| F|  |TAMS 0x000000070b900000, 0x000000070b900000| Untracked 
|  66|0x000000070ba00000, 0x000000070ba00000, 0x000000070bb00000|  0%| F|  |TAMS 0x000000070ba00000, 0x000000070ba00000| Untracked 
|  67|0x000000070bb00000, 0x000000070bb00000, 0x000000070bc00000|  0%| F|  |TAMS 0x000000070bb00000, 0x000000070bb00000| Untracked 
|  68|0x000000070bc00000, 0x000000070bc00000, 0x000000070bd00000|  0%| F|  |TAMS 0x000000070bc00000, 0x000000070bc00000| Untracked 
|  69|0x000000070bd00000, 0x000000070bd00000, 0x000000070be00000|  0%| F|  |TAMS 0x000000070bd00000, 0x000000070bd00000| Untracked 
|  70|0x000000070be00000, 0x000000070be00000, 0x000000070bf00000|  0%| F|  |TAMS 0x000000070be00000, 0x000000070be00000| Untracked 
|  71|0x000000070bf00000, 0x000000070bf00000, 0x000000070c000000|  0%| F|  |TAMS 0x000000070bf00000, 0x000000070bf00000| Untracked 
|  72|0x000000070c000000, 0x000000070c000000, 0x000000070c100000|  0%| F|  |TAMS 0x000000070c000000, 0x000000070c000000| Untracked 
|  73|0x000000070c100000, 0x000000070c100000, 0x000000070c200000|  0%| F|  |TAMS 0x000000070c100000, 0x000000070c100000| Untracked 
|  74|0x000000070c200000, 0x000000070c200000, 0x000000070c300000|  0%| F|  |TAMS 0x000000070c200000, 0x000000070c200000| Untracked 
|  75|0x000000070c300000, 0x000000070c300000, 0x000000070c400000|  0%| F|  |TAMS 0x000000070c300000, 0x000000070c300000| Untracked 
|  76|0x000000070c400000, 0x000000070c400000, 0x000000070c500000|  0%| F|  |TAMS 0x000000070c400000, 0x000000070c400000| Untracked 
|  77|0x000000070c500000, 0x000000070c500000, 0x000000070c600000|  0%| F|  |TAMS 0x000000070c500000, 0x000000070c500000| Untracked 
|  78|0x000000070c600000, 0x000000070c600000, 0x000000070c700000|  0%| F|  |TAMS 0x000000070c600000, 0x000000070c600000| Untracked 
|  79|0x000000070c700000, 0x000000070c700000, 0x000000070c800000|  0%| F|  |TAMS 0x000000070c700000, 0x000000070c700000| Untracked 
|  80|0x000000070c800000, 0x000000070c800000, 0x000000070c900000|  0%| F|  |TAMS 0x000000070c800000, 0x000000070c800000| Untracked 
|  81|0x000000070c900000, 0x000000070c900000, 0x000000070ca00000|  0%| F|  |TAMS 0x000000070c900000, 0x000000070c900000| Untracked 
|  82|0x000000070ca00000, 0x000000070ca00000, 0x000000070cb00000|  0%| F|  |TAMS 0x000000070ca00000, 0x000000070ca00000| Untracked 
|  83|0x000000070cb00000, 0x000000070cb00000, 0x000000070cc00000|  0%| F|  |TAMS 0x000000070cb00000, 0x000000070cb00000| Untracked 
|  84|0x000000070cc00000, 0x000000070cc00000, 0x000000070cd00000|  0%| F|  |TAMS 0x000000070cc00000, 0x000000070cc00000| Untracked 
|  85|0x000000070cd00000, 0x000000070cd00000, 0x000000070ce00000|  0%| F|  |TAMS 0x000000070cd00000, 0x000000070cd00000| Untracked 
|  86|0x000000070ce00000, 0x000000070ce00000, 0x000000070cf00000|  0%| F|  |TAMS 0x000000070ce00000, 0x000000070ce00000| Untracked 
|  87|0x000000070cf00000, 0x000000070cf00000, 0x000000070d000000|  0%| F|  |TAMS 0x000000070cf00000, 0x000000070cf00000| Untracked 
|  88|0x000000070d000000, 0x000000070d000000, 0x000000070d100000|  0%| F|  |TAMS 0x000000070d000000, 0x000000070d000000| Untracked 
|  89|0x000000070d100000, 0x000000070d100000, 0x000000070d200000|  0%| F|  |TAMS 0x000000070d100000, 0x000000070d100000| Untracked 
|  90|0x000000070d200000, 0x000000070d200000, 0x000000070d300000|  0%| F|  |TAMS 0x000000070d200000, 0x000000070d200000| Untracked 
|  91|0x000000070d300000, 0x000000070d300000, 0x000000070d400000|  0%| F|  |TAMS 0x000000070d300000, 0x000000070d300000| Untracked 
|  92|0x000000070d400000, 0x000000070d400000, 0x000000070d500000|  0%| F|  |TAMS 0x000000070d400000, 0x000000070d400000| Untracked 
|  93|0x000000070d500000, 0x000000070d500000, 0x000000070d600000|  0%| F|  |TAMS 0x000000070d500000, 0x000000070d500000| Untracked 
|  94|0x000000070d600000, 0x000000070d600000, 0x000000070d700000|  0%| F|  |TAMS 0x000000070d600000, 0x000000070d600000| Untracked 
|  95|0x000000070d700000, 0x000000070d700000, 0x000000070d800000|  0%| F|  |TAMS 0x000000070d700000, 0x000000070d700000| Untracked 
|  96|0x000000070d800000, 0x000000070d800000, 0x000000070d900000|  0%| F|  |TAMS 0x000000070d800000, 0x000000070d800000| Untracked 
|  97|0x000000070d900000, 0x000000070d900000, 0x000000070da00000|  0%| F|  |TAMS 0x000000070d900000, 0x000000070d900000| Untracked 
|  98|0x000000070da00000, 0x000000070da00000, 0x000000070db00000|  0%| F|  |TAMS 0x000000070da00000, 0x000000070da00000| Untracked 
|  99|0x000000070db00000, 0x000000070db00000, 0x000000070dc00000|  0%| F|  |TAMS 0x000000070db00000, 0x000000070db00000| Untracked 
| 100|0x000000070dc00000, 0x000000070dc00000, 0x000000070dd00000|  0%| F|  |TAMS 0x000000070dc00000, 0x000000070dc00000| Untracked 
| 101|0x000000070dd00000, 0x000000070dd00000, 0x000000070de00000|  0%| F|  |TAMS 0x000000070dd00000, 0x000000070dd00000| Untracked 
| 102|0x000000070de00000, 0x000000070de00000, 0x000000070df00000|  0%| F|  |TAMS 0x000000070de00000, 0x000000070de00000| Untracked 
| 103|0x000000070df00000, 0x000000070df00000, 0x000000070e000000|  0%| F|  |TAMS 0x000000070df00000, 0x000000070df00000| Untracked 
| 104|0x000000070e000000, 0x000000070e000000, 0x000000070e100000|  0%| F|  |TAMS 0x000000070e000000, 0x000000070e000000| Untracked 
| 105|0x000000070e100000, 0x000000070e100000, 0x000000070e200000|  0%| F|  |TAMS 0x000000070e100000, 0x000000070e100000| Untracked 
| 106|0x000000070e200000, 0x000000070e200000, 0x000000070e300000|  0%| F|  |TAMS 0x000000070e200000, 0x000000070e200000| Untracked 
| 107|0x000000070e300000, 0x000000070e300000, 0x000000070e400000|  0%| F|  |TAMS 0x000000070e300000, 0x000000070e300000| Untracked 
| 108|0x000000070e400000, 0x000000070e400000, 0x000000070e500000|  0%| F|  |TAMS 0x000000070e400000, 0x000000070e400000| Untracked 
| 109|0x000000070e500000, 0x000000070e500000, 0x000000070e600000|  0%| F|  |TAMS 0x000000070e500000, 0x000000070e500000| Untracked 
| 110|0x000000070e600000, 0x000000070e600000, 0x000000070e700000|  0%| F|  |TAMS 0x000000070e600000, 0x000000070e600000| Untracked 
| 111|0x000000070e700000, 0x000000070e700000, 0x000000070e800000|  0%| F|  |TAMS 0x000000070e700000, 0x000000070e700000| Untracked 
| 112|0x000000070e800000, 0x000000070e800000, 0x000000070e900000|  0%| F|  |TAMS 0x000000070e800000, 0x000000070e800000| Untracked 
| 113|0x000000070e900000, 0x000000070e900000, 0x000000070ea00000|  0%| F|  |TAMS 0x000000070e900000, 0x000000070e900000| Untracked 
| 114|0x000000070ea00000, 0x000000070ea00000, 0x000000070eb00000|  0%| F|  |TAMS 0x000000070ea00000, 0x000000070ea00000| Untracked 
| 115|0x000000070eb00000, 0x000000070eb00000, 0x000000070ec00000|  0%| F|  |TAMS 0x000000070eb00000, 0x000000070eb00000| Untracked 
| 116|0x000000070ec00000, 0x000000070ec00000, 0x000000070ed00000|  0%| F|  |TAMS 0x000000070ec00000, 0x000000070ec00000| Untracked 
| 117|0x000000070ed00000, 0x000000070ed00000, 0x000000070ee00000|  0%| F|  |TAMS 0x000000070ed00000, 0x000000070ed00000| Untracked 
| 118|0x000000070ee00000, 0x000000070ee00000, 0x000000070ef00000|  0%| F|  |TAMS 0x000000070ee00000, 0x000000070ee00000| Untracked 
| 119|0x000000070ef00000, 0x000000070ef00000, 0x000000070f000000|  0%| F|  |TAMS 0x000000070ef00000, 0x000000070ef00000| Untracked 
| 120|0x000000070f000000, 0x000000070f000000, 0x000000070f100000|  0%| F|  |TAMS 0x000000070f000000, 0x000000070f000000| Untracked 
| 121|0x000000070f100000, 0x000000070f100000, 0x000000070f200000|  0%| F|  |TAMS 0x000000070f100000, 0x000000070f100000| Untracked 
| 122|0x000000070f200000, 0x000000070f200000, 0x000000070f300000|  0%| F|  |TAMS 0x000000070f200000, 0x000000070f200000| Untracked 
| 123|0x000000070f300000, 0x000000070f300000, 0x000000070f400000|  0%| F|  |TAMS 0x000000070f300000, 0x000000070f300000| Untracked 
| 124|0x000000070f400000, 0x000000070f400000, 0x000000070f500000|  0%| F|  |TAMS 0x000000070f400000, 0x000000070f400000| Untracked 
| 125|0x000000070f500000, 0x000000070f500000, 0x000000070f600000|  0%| F|  |TAMS 0x000000070f500000, 0x000000070f500000| Untracked 
| 126|0x000000070f600000, 0x000000070f600000, 0x000000070f700000|  0%| F|  |TAMS 0x000000070f600000, 0x000000070f600000| Untracked 
| 127|0x000000070f700000, 0x000000070f700000, 0x000000070f800000|  0%| F|  |TAMS 0x000000070f700000, 0x000000070f700000| Untracked 
| 128|0x000000070f800000, 0x000000070f800000, 0x000000070f900000|  0%| F|  |TAMS 0x000000070f800000, 0x000000070f800000| Untracked 
| 129|0x000000070f900000, 0x000000070f900000, 0x000000070fa00000|  0%| F|  |TAMS 0x000000070f900000, 0x000000070f900000| Untracked 
| 130|0x000000070fa00000, 0x000000070fa00000, 0x000000070fb00000|  0%| F|  |TAMS 0x000000070fa00000, 0x000000070fa00000| Untracked 
| 131|0x000000070fb00000, 0x000000070fb00000, 0x000000070fc00000|  0%| F|  |TAMS 0x000000070fb00000, 0x000000070fb00000| Untracked 
| 132|0x000000070fc00000, 0x000000070fc00000, 0x000000070fd00000|  0%| F|  |TAMS 0x000000070fc00000, 0x000000070fc00000| Untracked 
| 133|0x000000070fd00000, 0x000000070fd00000, 0x000000070fe00000|  0%| F|  |TAMS 0x000000070fd00000, 0x000000070fd00000| Untracked 
| 134|0x000000070fe00000, 0x000000070fe00000, 0x000000070ff00000|  0%| F|  |TAMS 0x000000070fe00000, 0x000000070fe00000| Untracked 
| 135|0x000000070ff00000, 0x000000070ff00000, 0x0000000710000000|  0%| F|  |TAMS 0x000000070ff00000, 0x000000070ff00000| Untracked 
| 136|0x0000000710000000, 0x0000000710000000, 0x0000000710100000|  0%| F|  |TAMS 0x0000000710000000, 0x0000000710000000| Untracked 
| 137|0x0000000710100000, 0x0000000710100000, 0x0000000710200000|  0%| F|  |TAMS 0x0000000710100000, 0x0000000710100000| Untracked 
| 138|0x0000000710200000, 0x0000000710200000, 0x0000000710300000|  0%| F|  |TAMS 0x0000000710200000, 0x0000000710200000| Untracked 
| 139|0x0000000710300000, 0x0000000710300000, 0x0000000710400000|  0%| F|  |TAMS 0x0000000710300000, 0x0000000710300000| Untracked 
| 140|0x0000000710400000, 0x0000000710400000, 0x0000000710500000|  0%| F|  |TAMS 0x0000000710400000, 0x0000000710400000| Untracked 
| 141|0x0000000710500000, 0x0000000710500000, 0x0000000710600000|  0%| F|  |TAMS 0x0000000710500000, 0x0000000710500000| Untracked 
| 142|0x0000000710600000, 0x0000000710600000, 0x0000000710700000|  0%| F|  |TAMS 0x0000000710600000, 0x0000000710600000| Untracked 
| 143|0x0000000710700000, 0x0000000710700000, 0x0000000710800000|  0%| F|  |TAMS 0x0000000710700000, 0x0000000710700000| Untracked 
| 144|0x0000000710800000, 0x0000000710800000, 0x0000000710900000|  0%| F|  |TAMS 0x0000000710800000, 0x0000000710800000| Untracked 
| 145|0x0000000710900000, 0x0000000710900000, 0x0000000710a00000|  0%| F|  |TAMS 0x0000000710900000, 0x0000000710900000| Untracked 
| 146|0x0000000710a00000, 0x0000000710a00000, 0x0000000710b00000|  0%| F|  |TAMS 0x0000000710a00000, 0x0000000710a00000| Untracked 
| 147|0x0000000710b00000, 0x0000000710b00000, 0x0000000710c00000|  0%| F|  |TAMS 0x0000000710b00000, 0x0000000710b00000| Untracked 
| 148|0x0000000710c00000, 0x0000000710c00000, 0x0000000710d00000|  0%| F|  |TAMS 0x0000000710c00000, 0x0000000710c00000| Untracked 
| 149|0x0000000710d00000, 0x0000000710d00000, 0x0000000710e00000|  0%| F|  |TAMS 0x0000000710d00000, 0x0000000710d00000| Untracked 
| 150|0x0000000710e00000, 0x0000000710e00000, 0x0000000710f00000|  0%| F|  |TAMS 0x0000000710e00000, 0x0000000710e00000| Untracked 
| 151|0x0000000710f00000, 0x0000000710f00000, 0x0000000711000000|  0%| F|  |TAMS 0x0000000710f00000, 0x0000000710f00000| Untracked 
| 152|0x0000000711000000, 0x0000000711000000, 0x0000000711100000|  0%| F|  |TAMS 0x0000000711000000, 0x0000000711000000| Untracked 
| 153|0x0000000711100000, 0x0000000711100000, 0x0000000711200000|  0%| F|  |TAMS 0x0000000711100000, 0x0000000711100000| Untracked 
| 154|0x0000000711200000, 0x0000000711200000, 0x0000000711300000|  0%| F|  |TAMS 0x0000000711200000, 0x0000000711200000| Untracked 
| 155|0x0000000711300000, 0x0000000711300000, 0x0000000711400000|  0%| F|  |TAMS 0x0000000711300000, 0x0000000711300000| Untracked 
| 156|0x0000000711400000, 0x0000000711400000, 0x0000000711500000|  0%| F|  |TAMS 0x0000000711400000, 0x0000000711400000| Untracked 
| 157|0x0000000711500000, 0x0000000711500000, 0x0000000711600000|  0%| F|  |TAMS 0x0000000711500000, 0x0000000711500000| Untracked 
| 158|0x0000000711600000, 0x0000000711600000, 0x0000000711700000|  0%| F|  |TAMS 0x0000000711600000, 0x0000000711600000| Untracked 
| 159|0x0000000711700000, 0x0000000711700000, 0x0000000711800000|  0%| F|  |TAMS 0x0000000711700000, 0x0000000711700000| Untracked 
| 160|0x0000000711800000, 0x0000000711800000, 0x0000000711900000|  0%| F|  |TAMS 0x0000000711800000, 0x0000000711800000| Untracked 
| 161|0x0000000711900000, 0x0000000711900000, 0x0000000711a00000|  0%| F|  |TAMS 0x0000000711900000, 0x0000000711900000| Untracked 
| 162|0x0000000711a00000, 0x0000000711a00000, 0x0000000711b00000|  0%| F|  |TAMS 0x0000000711a00000, 0x0000000711a00000| Untracked 
| 163|0x0000000711b00000, 0x0000000711b00000, 0x0000000711c00000|  0%| F|  |TAMS 0x0000000711b00000, 0x0000000711b00000| Untracked 
| 164|0x0000000711c00000, 0x0000000711c00000, 0x0000000711d00000|  0%| F|  |TAMS 0x0000000711c00000, 0x0000000711c00000| Untracked 
| 165|0x0000000711d00000, 0x0000000711d00000, 0x0000000711e00000|  0%| F|  |TAMS 0x0000000711d00000, 0x0000000711d00000| Untracked 
| 166|0x0000000711e00000, 0x0000000711e00000, 0x0000000711f00000|  0%| F|  |TAMS 0x0000000711e00000, 0x0000000711e00000| Untracked 
| 167|0x0000000711f00000, 0x0000000711f00000, 0x0000000712000000|  0%| F|  |TAMS 0x0000000711f00000, 0x0000000711f00000| Untracked 
| 168|0x0000000712000000, 0x0000000712000000, 0x0000000712100000|  0%| F|  |TAMS 0x0000000712000000, 0x0000000712000000| Untracked 
| 169|0x0000000712100000, 0x0000000712100000, 0x0000000712200000|  0%| F|  |TAMS 0x0000000712100000, 0x0000000712100000| Untracked 
| 170|0x0000000712200000, 0x0000000712200000, 0x0000000712300000|  0%| F|  |TAMS 0x0000000712200000, 0x0000000712200000| Untracked 
| 171|0x0000000712300000, 0x0000000712300000, 0x0000000712400000|  0%| F|  |TAMS 0x0000000712300000, 0x0000000712300000| Untracked 
| 172|0x0000000712400000, 0x0000000712400000, 0x0000000712500000|  0%| F|  |TAMS 0x0000000712400000, 0x0000000712400000| Untracked 
| 173|0x0000000712500000, 0x0000000712500000, 0x0000000712600000|  0%| F|  |TAMS 0x0000000712500000, 0x0000000712500000| Untracked 
| 174|0x0000000712600000, 0x0000000712600000, 0x0000000712700000|  0%| F|  |TAMS 0x0000000712600000, 0x0000000712600000| Untracked 
| 175|0x0000000712700000, 0x0000000712700000, 0x0000000712800000|  0%| F|  |TAMS 0x0000000712700000, 0x0000000712700000| Untracked 
| 176|0x0000000712800000, 0x0000000712800000, 0x0000000712900000|  0%| F|  |TAMS 0x0000000712800000, 0x0000000712800000| Untracked 
| 177|0x0000000712900000, 0x0000000712900000, 0x0000000712a00000|  0%| F|  |TAMS 0x0000000712900000, 0x0000000712900000| Untracked 
| 178|0x0000000712a00000, 0x0000000712a00000, 0x0000000712b00000|  0%| F|  |TAMS 0x0000000712a00000, 0x0000000712a00000| Untracked 
| 179|0x0000000712b00000, 0x0000000712b00000, 0x0000000712c00000|  0%| F|  |TAMS 0x0000000712b00000, 0x0000000712b00000| Untracked 
| 180|0x0000000712c00000, 0x0000000712c00000, 0x0000000712d00000|  0%| F|  |TAMS 0x0000000712c00000, 0x0000000712c00000| Untracked 
| 181|0x0000000712d00000, 0x0000000712d00000, 0x0000000712e00000|  0%| F|  |TAMS 0x0000000712d00000, 0x0000000712d00000| Untracked 
| 182|0x0000000712e00000, 0x0000000712e00000, 0x0000000712f00000|  0%| F|  |TAMS 0x0000000712e00000, 0x0000000712e00000| Untracked 
| 183|0x0000000712f00000, 0x0000000712f00000, 0x0000000713000000|  0%| F|  |TAMS 0x0000000712f00000, 0x0000000712f00000| Untracked 
| 184|0x0000000713000000, 0x0000000713000000, 0x0000000713100000|  0%| F|  |TAMS 0x0000000713000000, 0x0000000713000000| Untracked 
| 185|0x0000000713100000, 0x0000000713100000, 0x0000000713200000|  0%| F|  |TAMS 0x0000000713100000, 0x0000000713100000| Untracked 
| 186|0x0000000713200000, 0x0000000713200000, 0x0000000713300000|  0%| F|  |TAMS 0x0000000713200000, 0x0000000713200000| Untracked 
| 187|0x0000000713300000, 0x0000000713300000, 0x0000000713400000|  0%| F|  |TAMS 0x0000000713300000, 0x0000000713300000| Untracked 
| 188|0x0000000713400000, 0x0000000713400000, 0x0000000713500000|  0%| F|  |TAMS 0x0000000713400000, 0x0000000713400000| Untracked 
| 189|0x0000000713500000, 0x0000000713500000, 0x0000000713600000|  0%| F|  |TAMS 0x0000000713500000, 0x0000000713500000| Untracked 
| 190|0x0000000713600000, 0x0000000713600000, 0x0000000713700000|  0%| F|  |TAMS 0x0000000713600000, 0x0000000713600000| Untracked 
| 191|0x0000000713700000, 0x0000000713700000, 0x0000000713800000|  0%| F|  |TAMS 0x0000000713700000, 0x0000000713700000| Untracked 
| 192|0x0000000713800000, 0x0000000713800000, 0x0000000713900000|  0%| F|  |TAMS 0x0000000713800000, 0x0000000713800000| Untracked 
| 193|0x0000000713900000, 0x0000000713900000, 0x0000000713a00000|  0%| F|  |TAMS 0x0000000713900000, 0x0000000713900000| Untracked 
| 194|0x0000000713a00000, 0x0000000713a00000, 0x0000000713b00000|  0%| F|  |TAMS 0x0000000713a00000, 0x0000000713a00000| Untracked 
| 195|0x0000000713b00000, 0x0000000713b00000, 0x0000000713c00000|  0%| F|  |TAMS 0x0000000713b00000, 0x0000000713b00000| Untracked 
| 196|0x0000000713c00000, 0x0000000713c00000, 0x0000000713d00000|  0%| F|  |TAMS 0x0000000713c00000, 0x0000000713c00000| Untracked 
| 197|0x0000000713d00000, 0x0000000713d00000, 0x0000000713e00000|  0%| F|  |TAMS 0x0000000713d00000, 0x0000000713d00000| Untracked 
| 198|0x0000000713e00000, 0x0000000713e00000, 0x0000000713f00000|  0%| F|  |TAMS 0x0000000713e00000, 0x0000000713e00000| Untracked 
| 199|0x0000000713f00000, 0x0000000713f00000, 0x0000000714000000|  0%| F|  |TAMS 0x0000000713f00000, 0x0000000713f00000| Untracked 
| 200|0x0000000714000000, 0x0000000714000000, 0x0000000714100000|  0%| F|  |TAMS 0x0000000714000000, 0x0000000714000000| Untracked 
| 201|0x0000000714100000, 0x0000000714100000, 0x0000000714200000|  0%| F|  |TAMS 0x0000000714100000, 0x0000000714100000| Untracked 
| 202|0x0000000714200000, 0x0000000714200000, 0x0000000714300000|  0%| F|  |TAMS 0x0000000714200000, 0x0000000714200000| Untracked 
| 203|0x0000000714300000, 0x0000000714300000, 0x0000000714400000|  0%| F|  |TAMS 0x0000000714300000, 0x0000000714300000| Untracked 
| 204|0x0000000714400000, 0x0000000714400000, 0x0000000714500000|  0%| F|  |TAMS 0x0000000714400000, 0x0000000714400000| Untracked 
| 205|0x0000000714500000, 0x0000000714500000, 0x0000000714600000|  0%| F|  |TAMS 0x0000000714500000, 0x0000000714500000| Untracked 
| 206|0x0000000714600000, 0x0000000714600000, 0x0000000714700000|  0%| F|  |TAMS 0x0000000714600000, 0x0000000714600000| Untracked 
| 207|0x0000000714700000, 0x0000000714700000, 0x0000000714800000|  0%| F|  |TAMS 0x0000000714700000, 0x0000000714700000| Untracked 
| 208|0x0000000714800000, 0x0000000714800000, 0x0000000714900000|  0%| F|  |TAMS 0x0000000714800000, 0x0000000714800000| Untracked 
| 209|0x0000000714900000, 0x0000000714900000, 0x0000000714a00000|  0%| F|  |TAMS 0x0000000714900000, 0x0000000714900000| Untracked 
| 210|0x0000000714a00000, 0x0000000714a00000, 0x0000000714b00000|  0%| F|  |TAMS 0x0000000714a00000, 0x0000000714a00000| Untracked 
| 211|0x0000000714b00000, 0x0000000714b00000, 0x0000000714c00000|  0%| F|  |TAMS 0x0000000714b00000, 0x0000000714b00000| Untracked 
| 212|0x0000000714c00000, 0x0000000714c00000, 0x0000000714d00000|  0%| F|  |TAMS 0x0000000714c00000, 0x0000000714c00000| Untracked 
| 213|0x0000000714d00000, 0x0000000714d00000, 0x0000000714e00000|  0%| F|  |TAMS 0x0000000714d00000, 0x0000000714d00000| Untracked 
| 214|0x0000000714e00000, 0x0000000714e00000, 0x0000000714f00000|  0%| F|  |TAMS 0x0000000714e00000, 0x0000000714e00000| Untracked 
| 215|0x0000000714f00000, 0x0000000714f00000, 0x0000000715000000|  0%| F|  |TAMS 0x0000000714f00000, 0x0000000714f00000| Untracked 
| 216|0x0000000715000000, 0x0000000715000000, 0x0000000715100000|  0%| F|  |TAMS 0x0000000715000000, 0x0000000715000000| Untracked 
| 217|0x0000000715100000, 0x0000000715100000, 0x0000000715200000|  0%| F|  |TAMS 0x0000000715100000, 0x0000000715100000| Untracked 
| 218|0x0000000715200000, 0x0000000715200000, 0x0000000715300000|  0%| F|  |TAMS 0x0000000715200000, 0x0000000715200000| Untracked 
| 219|0x0000000715300000, 0x0000000715300000, 0x0000000715400000|  0%| F|  |TAMS 0x0000000715300000, 0x0000000715300000| Untracked 
| 220|0x0000000715400000, 0x0000000715400000, 0x0000000715500000|  0%| F|  |TAMS 0x0000000715400000, 0x0000000715400000| Untracked 
| 221|0x0000000715500000, 0x0000000715500000, 0x0000000715600000|  0%| F|  |TAMS 0x0000000715500000, 0x0000000715500000| Untracked 
| 222|0x0000000715600000, 0x0000000715600000, 0x0000000715700000|  0%| F|  |TAMS 0x0000000715600000, 0x0000000715600000| Untracked 
| 223|0x0000000715700000, 0x0000000715700000, 0x0000000715800000|  0%| F|  |TAMS 0x0000000715700000, 0x0000000715700000| Untracked 
| 224|0x0000000715800000, 0x0000000715800000, 0x0000000715900000|  0%| F|  |TAMS 0x0000000715800000, 0x0000000715800000| Untracked 
| 225|0x0000000715900000, 0x0000000715900000, 0x0000000715a00000|  0%| F|  |TAMS 0x0000000715900000, 0x0000000715900000| Untracked 
| 226|0x0000000715a00000, 0x0000000715a00000, 0x0000000715b00000|  0%| F|  |TAMS 0x0000000715a00000, 0x0000000715a00000| Untracked 
| 227|0x0000000715b00000, 0x0000000715b00000, 0x0000000715c00000|  0%| F|  |TAMS 0x0000000715b00000, 0x0000000715b00000| Untracked 
| 228|0x0000000715c00000, 0x0000000715c00000, 0x0000000715d00000|  0%| F|  |TAMS 0x0000000715c00000, 0x0000000715c00000| Untracked 
| 229|0x0000000715d00000, 0x0000000715d00000, 0x0000000715e00000|  0%| F|  |TAMS 0x0000000715d00000, 0x0000000715d00000| Untracked 
| 230|0x0000000715e00000, 0x0000000715e00000, 0x0000000715f00000|  0%| F|  |TAMS 0x0000000715e00000, 0x0000000715e00000| Untracked 
| 231|0x0000000715f00000, 0x0000000715f00000, 0x0000000716000000|  0%| F|  |TAMS 0x0000000715f00000, 0x0000000715f00000| Untracked 
| 232|0x0000000716000000, 0x0000000716000000, 0x0000000716100000|  0%| F|  |TAMS 0x0000000716000000, 0x0000000716000000| Untracked 
| 233|0x0000000716100000, 0x0000000716100000, 0x0000000716200000|  0%| F|  |TAMS 0x0000000716100000, 0x0000000716100000| Untracked 
| 234|0x0000000716200000, 0x0000000716200000, 0x0000000716300000|  0%| F|  |TAMS 0x0000000716200000, 0x0000000716200000| Untracked 
| 235|0x0000000716300000, 0x0000000716300000, 0x0000000716400000|  0%| F|  |TAMS 0x0000000716300000, 0x0000000716300000| Untracked 
| 236|0x0000000716400000, 0x0000000716400000, 0x0000000716500000|  0%| F|  |TAMS 0x0000000716400000, 0x0000000716400000| Untracked 
| 237|0x0000000716500000, 0x0000000716500000, 0x0000000716600000|  0%| F|  |TAMS 0x0000000716500000, 0x0000000716500000| Untracked 
| 238|0x0000000716600000, 0x0000000716700000, 0x0000000716700000|100%| E|  |TAMS 0x0000000716600000, 0x0000000716600000| Complete 
| 239|0x0000000716700000, 0x0000000716800000, 0x0000000716800000|100%| E|CS|TAMS 0x0000000716700000, 0x0000000716700000| Complete 
| 240|0x0000000716800000, 0x0000000716900000, 0x0000000716900000|100%| E|CS|TAMS 0x0000000716800000, 0x0000000716800000| Complete 
| 241|0x0000000716900000, 0x0000000716a00000, 0x0000000716a00000|100%| E|CS|TAMS 0x0000000716900000, 0x0000000716900000| Complete 
| 242|0x0000000716a00000, 0x0000000716b00000, 0x0000000716b00000|100%| E|CS|TAMS 0x0000000716a00000, 0x0000000716a00000| Complete 
| 243|0x0000000716b00000, 0x0000000716c00000, 0x0000000716c00000|100%| E|  |TAMS 0x0000000716b00000, 0x0000000716b00000| Complete 
| 244|0x0000000716c00000, 0x0000000716d00000, 0x0000000716d00000|100%| E|CS|TAMS 0x0000000716c00000, 0x0000000716c00000| Complete 
| 245|0x0000000716d00000, 0x0000000716e00000, 0x0000000716e00000|100%| E|CS|TAMS 0x0000000716d00000, 0x0000000716d00000| Complete 
| 246|0x0000000716e00000, 0x0000000716f00000, 0x0000000716f00000|100%| E|CS|TAMS 0x0000000716e00000, 0x0000000716e00000| Complete 
| 247|0x0000000716f00000, 0x0000000717000000, 0x0000000717000000|100%| E|CS|TAMS 0x0000000716f00000, 0x0000000716f00000| Complete 
| 248|0x0000000717000000, 0x0000000717100000, 0x0000000717100000|100%| E|CS|TAMS 0x0000000717000000, 0x0000000717000000| Complete 
| 249|0x0000000717100000, 0x0000000717200000, 0x0000000717200000|100%| E|CS|TAMS 0x0000000717100000, 0x0000000717100000| Complete 
|2950|0x00000007bfe00000, 0x00000007bfe47000, 0x00000007bff00000| 27%|OA|  |TAMS 0x00000007bfe00000, 0x00000007bfe00000| Untracked 
|2951|0x00000007bff00000, 0x00000007bff6b000, 0x00000007c0000000| 41%|CA|  |TAMS 0x00000007bff00000, 0x00000007bff00000| Untracked 

Card table byte_map: [0x00007f34ccbae000,0x00007f34cd372000] _byte_map_base: 0x00007f34c9372000

Marking Bits (Prev, Next): (CMBitMap*) 0x00007f34c807d398, (CMBitMap*) 0x00007f34c807d3d0
 Prev Bits: [0x00007f34a81e0000, 0x00007f34ac000000)
 Next Bits: [0x00007f34a43c0000, 0x00007f34a81e0000)

Polling page: 0x00007f34d2485000

Metaspace:

Usage:
  Non-class:      7,57 MB capacity,     7,40 MB ( 98%) used,   141,54 KB (  2%) free+waste,    34,44 KB ( <1%) overhead. 
      Class:      1,02 MB capacity,   854,84 KB ( 81%) used,   173,91 KB ( 17%) free+waste,    20,25 KB (  2%) overhead. 
       Both:      8,60 MB capacity,     8,24 MB ( 96%) used,   315,45 KB (  4%) free+waste,    54,69 KB ( <1%) overhead. 

Virtual space:
  Non-class space:        8,00 MB reserved,       7,75 MB ( 97%) committed 
      Class space:        1,00 GB reserved,       1,12 MB ( <1%) committed 
             Both:        1,01 GB reserved,       8,88 MB ( <1%) committed 

Chunk freelists:
   Non-Class:  54,00 KB
       Class:  7,00 KB
        Both:  61,00 KB

MaxMetaspaceSize: unlimited
CompressedClassSpaceSize: 1,00 GB

CodeHeap 'non-profiled nmethods': size=120032Kb used=393Kb max_used=393Kb free=119638Kb
 bounds [0x00007f34b8340000, 0x00007f34b85b0000, 0x00007f34bf878000]
CodeHeap 'profiled nmethods': size=120028Kb used=2856Kb max_used=2856Kb free=117171Kb
 bounds [0x00007f34b0e09000, 0x00007f34b10d9000, 0x00007f34b8340000]
CodeHeap 'non-nmethods': size=5700Kb used=1215Kb max_used=1229Kb free=4484Kb
 bounds [0x00007f34b0878000, 0x00007f34b0ae8000, 0x00007f34b0e09000]
 total_blobs=1968 nmethods=1373 adapters=507
 compilation: enabled
              stopped_count=0, restarted_count=0
 full_count=0

Compilation events (20 events):
Event: 15300,121 Thread 0x00007f34c81de800 1364   !   3       jdk.internal.ref.PhantomCleanable::isListEmpty (34 bytes)
Event: 15300,122 Thread 0x00007f34c81de800 nmethod 1364 0x00007f34b10bb710 code [0x00007f34b10bb8c0, 0x00007f34b10bbc10]
Event: 15300,122 Thread 0x00007f34c81de800 1365       3       jdk.internal.misc.InnocuousThread::eraseThreadLocals (23 bytes)
Event: 15300,122 Thread 0x00007f34c81de800 nmethod 1365 0x00007f34b10bbd10 code [0x00007f34b10bbec0, 0x00007f34b10bc0d0]
Event: 19221,778 Thread 0x00007f34c81dc800 1366   !   4       java.util.Vector$Itr::next (63 bytes)
Event: 19221,782 Thread 0x00007f34c81dc800 nmethod 1366 0x00007f34b83a1b90 code [0x00007f34b83a1d20, 0x00007f34b83a2078]
Event: 20641,208 Thread 0x00007f34c81de800 1367       3       sun.awt.XSettings$Update::updateOne (296 bytes)
Event: 20641,210 Thread 0x00007f34c81de800 nmethod 1367 0x00007f34b10bc190 code [0x00007f34b10bc520, 0x00007f34b10bd5e0]
Event: 20641,210 Thread 0x00007f34c81de800 1368       3       sun.awt.XSettings$Update::getCARD16 (97 bytes)
Event: 20641,210 Thread 0x00007f34c81de800 nmethod 1368 0x00007f34b10bdd90 code [0x00007f34b10bdf60, 0x00007f34b10be1e0]
Event: 20648,267 Thread 0x00007f34c81de800 1369       3       java.lang.Integer::numberOfLeadingZeros (78 bytes)
Event: 20648,267 Thread 0x00007f34c81de800 nmethod 1369 0x00007f34b10be390 code [0x00007f34b10be540, 0x00007f34b10be7d0]
Event: 20663,713 Thread 0x00007f34c81de800 1370       3       java.lang.invoke.DirectMethodHandle$Holder::invokeStatic (15 bytes)
Event: 20663,713 Thread 0x00007f34c81de800 nmethod 1370 0x00007f34b10be890 code [0x00007f34b10bea60, 0x00007f34b10bef50]
Event: 21785,444 Thread 0x00007f34c81dc800 1371       4       java.lang.Thread::isInterrupted (6 bytes)
Event: 21785,445 Thread 0x00007f34c81dc800 nmethod 1371 0x00007f34b83a2290 code [0x00007f34b83a2420, 0x00007f34b83a24e8]
Event: 24357,356 Thread 0x00007f34c81de800 1372 % !   3       sun.awt.X11.XToolkit::run @ 59 (384 bytes)
Event: 24357,561 Thread 0x00007f34c81de800 nmethod 1372% 0x00007f34b10bf090 code [0x00007f34b10bfaa0, 0x00007f34b10c6b60]
Event: 24835,902 Thread 0x00007f34c81de800 1373   !   3       sun.awt.X11.XToolkit::run (384 bytes)
Event: 24835,928 Thread 0x00007f34c81de800 nmethod 1373 0x00007f34b10c9d10 code [0x00007f34b10ca700, 0x00007f34b10d0420]

GC Heap History (0 events):
No events

Deoptimization events (0 events):
No events

Classes redefined (0 events):
No events

Internal exceptions (20 events):
Event: 0,076 Thread 0x00007f34c8017000 Exception <a 'java/lang/ClassNotFoundException'{0x000000071717a040}: sun/awt/resources/spi/awtProvider> (0x000000071717a040) thrown at [src/hotspot/share/classfile/systemDictionary.cpp, line 231]
Event: 0,123 Thread 0x00007f34c8017000 Exception <a 'java/io/FileNotFoundException'{0x000000071709f528}> (0x000000071709f528) thrown at [src/hotspot/share/prims/jni.cpp, line 615]
Event: 0,141 Thread 0x00007f34c8017000 Exception <a 'java/lang/NoSuchMethodError'{0x00000007170fa2a0}: 'java.lang.Object java.lang.invoke.DirectMethodHandle$Holder.invokeStatic(java.lang.Object, java.lang.Object, java.lang.Object, java.lang.Object, java.lang.Object, java.lang.Object, java.lang.Object, java.lang.Object, java.lang.Object, java.lang.Object, java.lang.Object, java.lang.Object, java.lang.Object, java.lang.Object, java.lang.Object)'> (0x00000007170fa2a0) thrown at [src/hotspot/share/interpreter/linkResolver.cpp, line 773]
Event: 0,144 Thread 0x00007f34c8017000 Exception <a 'java/lang/NoSuchMethodError'{0x0000000716f083b0}: 'java.lang.Object java.lang.invoke.DirectMethodHandle$Holder.invokeStatic(java.lang.Object, java.lang.Object, java.lang.Object, java.lang.Object, java.lang.Object, java.lang.Object, java.lang.Object, java.lang.Object, java.lang.Object, java.lang.Object, java.lang.Object, java.lang.Object, java.lang.Object, java.lang.Object, java.lang.Object, java.lang.Object)'> (0x0000000716f083b0) thrown at [src/hotspot/share/interpreter/linkResolver.cpp, lin
Event: 0,146 Thread 0x00007f34c8017000 Exception <a 'java/lang/NoSuchMethodError'{0x0000000716f16020}: 'java.lang.Object java.lang.invoke.DirectMethodHandle$Holder.invokeSpecial(java.lang.Object, java.lang.Object, int, int, java.lang.Object, java.lang.Object, java.lang.Object)'> (0x0000000716f16020) thrown at [src/hotspot/share/interpreter/linkResolver.cpp, line 773]
Event: 0,146 Thread 0x00007f34c8017000 Exception <a 'java/lang/NoSuchMethodError'{0x0000000716f195b0}: 'java.lang.Object java.lang.invoke.DelegatingMethodHandle$Holder.reinvoke_L(java.lang.Object, int, int, java.lang.Object, java.lang.Object, java.lang.Object)'> (0x0000000716f195b0) thrown at [src/hotspot/share/interpreter/linkResolver.cpp, line 773]
Event: 0,147 Thread 0x00007f34c8017000 Exception <a 'java/lang/NoSuchMethodError'{0x0000000716f1d690}: 'java.lang.Object java.lang.invoke.DirectMethodHandle$Holder.invokeStatic(java.lang.Object, java.lang.Object, java.lang.Object, java.lang.Object, int)'> (0x0000000716f1d690) thrown at [src/hotspot/share/interpreter/linkResolver.cpp, line 773]
Event: 0,284 Thread 0x00007f34c8017000 Exception <a 'java/lang/NoSuchMethodError'{0x0000000716e98e20}: 'java.lang.Object java.lang.invoke.DirectMethodHandle$Holder.invokeStatic(java.lang.Object, java.lang.Object, java.lang.Object, java.lang.Object, java.lang.Object, java.lang.Object, java.lang.Object, java.lang.Object, int)'> (0x0000000716e98e20) thrown at [src/hotspot/share/interpreter/linkResolver.cpp, line 773]
Event: 0,285 Thread 0x00007f34c8017000 Exception <a 'java/lang/NoSuchMethodError'{0x0000000716eb2d80}: 'java.lang.Object java.lang.invoke.DirectMethodHandle$Holder.invokeStatic(java.lang.Object, java.lang.Object, java.lang.Object, java.lang.Object, java.lang.Object, java.lang.Object, java.lang.Object, java.lang.Object, int, int)'> (0x0000000716eb2d80) thrown at [src/hotspot/share/interpreter/linkResolver.cpp, line 773]
Event: 0,286 Thread 0x00007f34c8017000 Exception <a 'java/lang/NoSuchMethodError'{0x0000000716ebef08}: 'void java.lang.invoke.DirectMethodHandle$Holder.invokeSpecial(java.lang.Object, java.lang.Object)'> (0x0000000716ebef08) thrown at [src/hotspot/share/interpreter/linkResolver.cpp, line 773]
Event: 0,317 Thread 0x00007f34c8017000 Exception <a 'java/lang/NoSuchMethodError'{0x0000000716c01628}: 'java.lang.Object java.lang.invoke.DirectMethodHandle$Holder.invokeStatic(java.lang.Object, int, java.lang.Object, java.lang.Object, java.lang.Object, java.lang.Object)'> (0x0000000716c01628) thrown at [src/hotspot/share/interpreter/linkResolver.cpp, line 773]
Event: 0,317 Thread 0x00007f34c8017000 Exception <a 'java/lang/NoSuchMethodError'{0x0000000716c086e8}: 'java.lang.Object java.lang.invoke.DirectMethodHandle$Holder.invokeStatic(java.lang.Object, int, java.lang.Object, java.lang.Object, java.lang.Object)'> (0x0000000716c086e8) thrown at [src/hotspot/share/interpreter/linkResolver.cpp, line 773]
Event: 0,318 Thread 0x00007f34c8017000 Exception <a 'java/lang/NoSuchMethodError'{0x0000000716c0c230}: 'java.lang.Object java.lang.invoke.DirectMethodHandle$Holder.invokeSpecial(java.lang.Object, java.lang.Object, int, java.lang.Object, java.lang.Object, java.lang.Object)'> (0x0000000716c0c230) thrown at [src/hotspot/share/interpreter/linkResolver.cpp, line 773]
Event: 0,320 Thread 0x00007f34c8017000 Exception <a 'java/lang/NoSuchMethodError'{0x0000000716c23ae0}: 'java.lang.Object java.lang.invoke.DirectMethodHandle$Holder.invokeStatic(java.lang.Object, int, java.lang.Object)'> (0x0000000716c23ae0) thrown at [src/hotspot/share/interpreter/linkResolver.cpp, line 773]
Event: 0,348 Thread 0x00007f34c8017000 Exception <a 'java/lang/NoSuchMethodError'{0x0000000716b15428}: 'java.lang.Object java.lang.invoke.Invokers$Holder.linkToTargetMethod(java.lang.Object, int, java.lang.Object)'> (0x0000000716b15428) thrown at [src/hotspot/share/interpreter/linkResolver.cpp, line 773]
Event: 0,357 Thread 0x00007f34c8017000 Exception <a 'java/lang/ClassNotFoundException'{0x0000000716b55c70}: com/sun/swing/internal/plaf/metal/resources/spi/metalProvider> (0x0000000716b55c70) thrown at [src/hotspot/share/classfile/systemDictionary.cpp, line 231]
Event: 0,358 Thread 0x00007f34c8017000 Exception <a 'java/lang/ClassNotFoundException'{0x0000000716b59d98}: com/sun/swing/internal/plaf/basic/resources/spi/basicProvider> (0x0000000716b59d98) thrown at [src/hotspot/share/classfile/systemDictionary.cpp, line 231]
Event: 0,403 Thread 0x00007f34c8017000 Exception <a 'java/lang/NoSuchMethodError'{0x0000000716bdf428}: 'void java.lang.invoke.DirectMethodHandle$Holder.invokeStaticInit(java.lang.Object)'> (0x0000000716bdf428) thrown at [src/hotspot/share/interpreter/linkResolver.cpp, line 773]
Event: 0,411 Thread 0x00007f34c8017000 Exception <a 'java/lang/NoSuchMethodError'{0x0000000716a4d2c8}: 'java.lang.Object java.lang.invoke.DirectMethodHandle$Holder.invokeStatic(java.lang.Object, java.lang.Object, java.lang.Object, java.lang.Object, java.lang.Object, java.lang.Object, java.lang.Object, java.lang.Object, java.lang.Object, java.lang.Object, java.lang.Object, java.lang.Object, java.lang.Object, int)'> (0x0000000716a4d2c8) thrown at [src/hotspot/share/interpreter/linkResolver.cpp, line 773]
Event: 0,412 Thread 0x00007f34c8017000 Exception <a 'java/lang/NoSuchMethodError'{0x0000000716a59cc0}: 'java.lang.Object java.lang.invoke.DirectMethodHandle$Holder.invokeStatic(java.lang.Object, java.lang.Object, java.lang.Object, java.lang.Object, java.lang.Object, java.lang.Object, java.lang.Object, java.lang.Object, java.lang.Object, java.lang.Object, java.lang.Object, java.lang.Object, java.lang.Object, int, int)'> (0x0000000716a59cc0) thrown at [src/hotspot/share/interpreter/linkResolver.cpp, line 773]

Events (20 events):
Event: 1988,557 Executing VM operation: RevokeBias
Event: 1988,557 Executing VM operation: RevokeBias done
Event: 7320,091 Loaded shared library /usr/lib/jvm/java-11-openjdk-amd64/lib/server/libjvm.so
Event: 25150,331 loading class jdk/internal/misc/Signal$1
Event: 25156,005 loading class jdk/internal/misc/Signal$1 done
Event: 25156,808 loading class sun/awt/X11/XDestroyWindowEvent
Event: 25156,840 Thread 0x00007f347c001000 Thread added: 0x00007f347c001000
Event: 25156,840 Protecting memory [0x00007f34622ec000,0x00007f34622f0000] with protection modes 0
Event: 25156,840 Executing VM operation: RevokeBias
Event: 25156,840 Thread 0x00007f347c002800 Thread added: 0x00007f347c002800
Event: 25156,840 Protecting memory [0x00007f3461fe9000,0x00007f3461fed000] with protection modes 0
Event: 25157,332 loading class sun/awt/X11/XDestroyWindowEvent done
Event: 25157,505 Executing VM operation: RevokeBias done
Event: 25157,506 Thread 0x00007f347c004000 Thread added: 0x00007f347c004000
Event: 25157,506 Protecting memory [0x00007f3461ee8000,0x00007f3461eec000] with protection modes 0
Event: 25157,506 Thread 0x00007f347c006000 Thread added: 0x00007f347c006000
Event: 25157,506 Protecting memory [0x00007f3461de7000,0x00007f3461deb000] with protection modes 0
Event: 25157,849 Thread 0x00007f3444002800 Thread added: 0x00007f3444002800
Event: 25157,850 Protecting memory [0x00007f3461ce6000,0x00007f3461cea000] with protection modes 0
Event: 25157,850 loading class sun/awt/X11/XSystemTrayPeer


Dynamic libraries:
707800000-717200000 rw-p 00000000 00:00 0 
717200000-7bfe00000 ---p 00000000 00:00 0 
7bfe00000-7bfe47000 rw-p 01111000 08:07 7625239                          /usr/lib/jvm/java-11-openjdk-amd64/lib/server/classes.jsa
7bfe47000-7bff00000 rw-p 00000000 00:00 0 
7bff00000-7bff6b000 rw-p 010a6000 08:07 7625239                          /usr/lib/jvm/java-11-openjdk-amd64/lib/server/classes.jsa
7bff6b000-7c0000000 rw-p 00000000 00:00 0 
7c0000000-800000000 ---p 00000000 00:00 0 
800000000-800002000 rwxp 00001000 08:07 7625239                          /usr/lib/jvm/java-11-openjdk-amd64/lib/server/classes.jsa
800002000-8003b9000 rw-p 00003000 08:07 7625239                          /usr/lib/jvm/java-11-openjdk-amd64/lib/server/classes.jsa
8003b9000-800a96000 r--p 003ba000 08:07 7625239                          /usr/lib/jvm/java-11-openjdk-amd64/lib/server/classes.jsa
800a96000-800a97000 rw-p 00a97000 08:07 7625239                          /usr/lib/jvm/java-11-openjdk-amd64/lib/server/classes.jsa
800a97000-8010a5000 r--p 00a98000 08:07 7625239                          /usr/lib/jvm/java-11-openjdk-amd64/lib/server/classes.jsa
840000000-840120000 rw-p 00000000 00:00 0 
840120000-880000000 ---p 00000000 00:00 0 
55b9c054d000-55b9c054e000 r-xp 00000000 08:07 7656638                    /usr/lib/jvm/java-11-openjdk-amd64/bin/java
55b9c074e000-55b9c074f000 r--p 00001000 08:07 7656638                    /usr/lib/jvm/java-11-openjdk-amd64/bin/java
55b9c074f000-55b9c0750000 rw-p 00002000 08:07 7656638                    /usr/lib/jvm/java-11-openjdk-amd64/bin/java
55b9c1e38000-55b9c1e59000 rw-p 00000000 00:00 0                          [heap]
7f342c000000-7f342c021000 rw-p 00000000 00:00 0 
7f342c021000-7f3430000000 ---p 00000000 00:00 0 
7f3434000000-7f3434021000 rw-p 00000000 00:00 0 
7f3434021000-7f3438000000 ---p 00000000 00:00 0 
7f3438000000-7f3438021000 rw-p 00000000 00:00 0 
7f3438021000-7f343c000000 ---p 00000000 00:00 0 
7f343c000000-7f343c029000 rw-p 00000000 00:00 0 
7f343c029000-7f3440000000 ---p 00000000 00:00 0 
7f3440000000-7f3440021000 rw-p 00000000 00:00 0 
7f3440021000-7f3444000000 ---p 00000000 00:00 0 
7f3444000000-7f344422f000 rw-p 00000000 00:00 0 
7f344422f000-7f3448000000 ---p 00000000 00:00 0 
7f3448000000-7f3448021000 rw-p 00000000 00:00 0 
7f3448021000-7f344c000000 ---p 00000000 00:00 0 
7f344c000000-7f344c021000 rw-p 00000000 00:00 0 
7f344c021000-7f3450000000 ---p 00000000 00:00 0 
7f3450000000-7f3450021000 rw-p 00000000 00:00 0 
7f3450021000-7f3454000000 ---p 00000000 00:00 0 
7f3454000000-7f3454021000 rw-p 00000000 00:00 0 
7f3454021000-7f3458000000 ---p 00000000 00:00 0 
7f3458000000-7f3458021000 rw-p 00000000 00:00 0 
7f3458021000-7f345c000000 ---p 00000000 00:00 0 
7f345c000000-7f345c023000 rw-p 00000000 00:00 0 
7f345c023000-7f3460000000 ---p 00000000 00:00 0 
7f3461ce6000-7f3461cea000 ---p 00000000 00:00 0 
7f3461cea000-7f3461de7000 rw-p 00000000 00:00 0 
7f3461de7000-7f3461deb000 ---p 00000000 00:00 0 
7f3461deb000-7f3461ee8000 rw-p 00000000 00:00 0 
7f3461ee8000-7f3461eec000 ---p 00000000 00:00 0 
7f3461eec000-7f3461fe9000 rw-p 00000000 00:00 0 
7f3461fe9000-7f3461fed000 ---p 00000000 00:00 0 
7f3461fed000-7f34620ea000 rw-p 00000000 00:00 0 
7f34620ea000-7f34620ee000 ---p 00000000 00:00 0 
7f34620ee000-7f34621eb000 rw-p 00000000 00:00 0 
7f34621eb000-7f34621ef000 ---p 00000000 00:00 0 
7f34621ef000-7f34622ec000 rw-p 00000000 00:00 0 
7f34622ec000-7f34622f0000 ---p 00000000 00:00 0 
7f34622f0000-7f34623ed000 rw-p 00000000 00:00 0 
7f34623ed000-7f34623f2000 r-xp 00000000 08:07 7609951                    /usr/lib/x86_64-linux-gnu/libXfixes.so.3.1.0
7f34623f2000-7f34625f1000 ---p 00005000 08:07 7609951                    /usr/lib/x86_64-linux-gnu/libXfixes.so.3.1.0
7f34625f1000-7f34625f2000 r--p 00004000 08:07 7609951                    /usr/lib/x86_64-linux-gnu/libXfixes.so.3.1.0
7f34625f2000-7f34625f3000 rw-p 00005000 08:07 7609951                    /usr/lib/x86_64-linux-gnu/libXfixes.so.3.1.0
7f34625f3000-7f34625fc000 r-xp 00000000 08:07 7609943                    /usr/lib/x86_64-linux-gnu/libXcursor.so.1.0.2
7f34625fc000-7f34627fb000 ---p 00009000 08:07 7609943                    /usr/lib/x86_64-linux-gnu/libXcursor.so.1.0.2
7f34627fb000-7f34627fc000 r--p 00008000 08:07 7609943                    /usr/lib/x86_64-linux-gnu/libXcursor.so.1.0.2
7f34627fc000-7f34627fd000 rw-p 00009000 08:07 7609943                    /usr/lib/x86_64-linux-gnu/libXcursor.so.1.0.2
7f34627fd000-7f34627fe000 ---p 00000000 00:00 0 
7f34627fe000-7f3462ffe000 rw-p 00000000 00:00 0 
7f3462ffe000-7f3462fff000 ---p 00000000 00:00 0 
7f3462fff000-7f34637ff000 rw-p 00000000 00:00 0 
7f34637ff000-7f3463800000 ---p 00000000 00:00 0 
7f3463800000-7f3464000000 rw-p 00000000 00:00 0 
7f3464000000-7f3464021000 rw-p 00000000 00:00 0 
7f3464021000-7f3468000000 ---p 00000000 00:00 0 
7f3468003000-7f3468007000 ---p 00000000 00:00 0 
7f3468007000-7f3468104000 rw-p 00000000 00:00 0 
7f3468104000-7f3468108000 ---p 00000000 00:00 0 
7f3468108000-7f3468205000 rw-p 00000000 00:00 0 
7f3468205000-7f3468211000 r-xp 00000000 08:07 7867061                    /usr/lib/x86_64-linux-gnu/gio/modules/libdconfsettings.so
7f3468211000-7f3468410000 ---p 0000c000 08:07 7867061                    /usr/lib/x86_64-linux-gnu/gio/modules/libdconfsettings.so
7f3468410000-7f3468411000 r--p 0000b000 08:07 7867061                    /usr/lib/x86_64-linux-gnu/gio/modules/libdconfsettings.so
7f3468411000-7f3468412000 rw-p 0000c000 08:07 7867061                    /usr/lib/x86_64-linux-gnu/gio/modules/libdconfsettings.so
7f3468412000-7f3468418000 r-xp 00000000 08:07 4849944                    /lib/x86_64-linux-gnu/libuuid.so.1.3.0
7f3468418000-7f3468617000 ---p 00006000 08:07 4849944                    /lib/x86_64-linux-gnu/libuuid.so.1.3.0
7f3468617000-7f3468618000 r--p 00005000 08:07 4849944                    /lib/x86_64-linux-gnu/libuuid.so.1.3.0
7f3468618000-7f3468619000 rw-p 00006000 08:07 4849944                    /lib/x86_64-linux-gnu/libuuid.so.1.3.0
7f3468619000-7f3468660000 r-xp 00000000 08:07 4849932                    /lib/x86_64-linux-gnu/libblkid.so.1.1.0
7f3468660000-7f3468860000 ---p 00047000 08:07 4849932                    /lib/x86_64-linux-gnu/libblkid.so.1.1.0
7f3468860000-7f3468864000 r--p 00047000 08:07 4849932                    /lib/x86_64-linux-gnu/libblkid.so.1.1.0
7f3468864000-7f3468865000 rw-p 0004b000 08:07 4849932                    /lib/x86_64-linux-gnu/libblkid.so.1.1.0
7f3468865000-7f3468866000 rw-p 00000000 00:00 0 
7f3468866000-7f346886d000 r-xp 00000000 08:07 7610280                    /usr/lib/x86_64-linux-gnu/libffi.so.6.0.4
7f346886d000-7f3468a6c000 ---p 00007000 08:07 7610280                    /usr/lib/x86_64-linux-gnu/libffi.so.6.0.4
7f3468a6c000-7f3468a6d000 r--p 00006000 08:07 7610280                    /usr/lib/x86_64-linux-gnu/libffi.so.6.0.4
7f3468a6d000-7f3468a6e000 rw-p 00007000 08:07 7610280                    /usr/lib/x86_64-linux-gnu/libffi.so.6.0.4
7f3468a6e000-7f3468abf000 r-xp 00000000 08:07 4849940                    /lib/x86_64-linux-gnu/libmount.so.1.1.0
7f3468abf000-7f3468cbe000 ---p 00051000 08:07 4849940                    /lib/x86_64-linux-gnu/libmount.so.1.1.0
7f3468cbe000-7f3468cc0000 r--p 00050000 08:07 4849940                    /lib/x86_64-linux-gnu/libmount.so.1.1.0
7f3468cc0000-7f3468cc1000 rw-p 00052000 08:07 4849940                    /lib/x86_64-linux-gnu/libmount.so.1.1.0
7f3468cc1000-7f3468cc2000 rw-p 00000000 00:00 0 
7f3468cc2000-7f3468cd9000 r-xp 00000000 08:07 4854783                    /lib/x86_64-linux-gnu/libresolv-2.27.so
7f3468cd9000-7f3468ed9000 ---p 00017000 08:07 4854783                    /lib/x86_64-linux-gnu/libresolv-2.27.so
7f3468ed9000-7f3468eda000 r--p 00017000 08:07 4854783                    /lib/x86_64-linux-gnu/libresolv-2.27.so
7f3468eda000-7f3468edb000 rw-p 00018000 08:07 4854783                    /lib/x86_64-linux-gnu/libresolv-2.27.so
7f3468edb000-7f3468edd000 rw-p 00000000 00:00 0 
7f3468edd000-7f3468f02000 r-xp 00000000 08:07 4854912                    /lib/x86_64-linux-gnu/libselinux.so.1
7f3468f02000-7f3469101000 ---p 00025000 08:07 4854912                    /lib/x86_64-linux-gnu/libselinux.so.1
7f3469101000-7f3469102000 r--p 00024000 08:07 4854912                    /lib/x86_64-linux-gnu/libselinux.so.1
7f3469102000-7f3469103000 rw-p 00025000 08:07 4854912                    /lib/x86_64-linux-gnu/libselinux.so.1
7f3469103000-7f3469105000 rw-p 00000000 00:00 0 
7f3469105000-7f3469108000 r-xp 00000000 08:07 7602372                    /usr/lib/x86_64-linux-gnu/libgmodule-2.0.so.0.5600.4
7f3469108000-7f3469307000 ---p 00003000 08:07 7602372                    /usr/lib/x86_64-linux-gnu/libgmodule-2.0.so.0.5600.4
7f3469307000-7f3469308000 r--p 00002000 08:07 7602372                    /usr/lib/x86_64-linux-gnu/libgmodule-2.0.so.0.5600.4
7f3469308000-7f3469309000 rw-p 00003000 08:07 7602372                    /usr/lib/x86_64-linux-gnu/libgmodule-2.0.so.0.5600.4
7f3469309000-7f346935b000 r-xp 00000000 08:07 7602373                    /usr/lib/x86_64-linux-gnu/libgobject-2.0.so.0.5600.4
7f346935b000-7f346955b000 ---p 00052000 08:07 7602373                    /usr/lib/x86_64-linux-gnu/libgobject-2.0.so.0.5600.4
7f346955b000-7f346955c000 r--p 00052000 08:07 7602373                    /usr/lib/x86_64-linux-gnu/libgobject-2.0.so.0.5600.4
7f346955c000-7f346955d000 rw-p 00053000 08:07 7602373                    /usr/lib/x86_64-linux-gnu/libgobject-2.0.so.0.5600.4
7f346955d000-7f34696f3000 r-xp 00000000 08:07 7602368                    /usr/lib/x86_64-linux-gnu/libgio-2.0.so.0.5600.4
7f34696f3000-7f34698f2000 ---p 00196000 08:07 7602368                    /usr/lib/x86_64-linux-gnu/libgio-2.0.so.0.5600.4
7f34698f2000-7f34698f9000 r--p 00195000 08:07 7602368                    /usr/lib/x86_64-linux-gnu/libgio-2.0.so.0.5600.4
7f34698f9000-7f34698fa000 rw-p 0019c000 08:07 7602368                    /usr/lib/x86_64-linux-gnu/libgio-2.0.so.0.5600.4
7f34698fa000-7f34698fc000 rw-p 00000000 00:00 0 
7f34698fc000-7f3469906000 r-xp 00000000 08:07 7609967                    /usr/lib/x86_64-linux-gnu/libXrandr.so.2.2.0
7f3469906000-7f3469b05000 ---p 0000a000 08:07 7609967                    /usr/lib/x86_64-linux-gnu/libXrandr.so.2.2.0
7f3469b05000-7f3469b06000 r--p 00009000 08:07 7609967                    /usr/lib/x86_64-linux-gnu/libXrandr.so.2.2.0
7f3469b06000-7f3469b07000 rw-p 0000a000 08:07 7609967                    /usr/lib/x86_64-linux-gnu/libXrandr.so.2.2.0
7f3469b07000-7f3469b77000 r-xp 00000000 08:07 4854889                    /lib/x86_64-linux-gnu/libpcre.so.3.13.3
7f3469b77000-7f3469d77000 ---p 00070000 08:07 4854889                    /lib/x86_64-linux-gnu/libpcre.so.3.13.3
7f3469d77000-7f3469d78000 r--p 00070000 08:07 4854889                    /lib/x86_64-linux-gnu/libpcre.so.3.13.3
7f3469d78000-7f3469d79000 rw-p 00071000 08:07 4854889                    /lib/x86_64-linux-gnu/libpcre.so.3.13.3
7f3469d79000-7f3469daa000 r-xp 00000000 08:07 7610786                    /usr/lib/x86_64-linux-gnu/libpng16.so.16.34.0
7f3469daa000-7f3469fa9000 ---p 00031000 08:07 7610786                    /usr/lib/x86_64-linux-gnu/libpng16.so.16.34.0
7f3469fa9000-7f3469faa000 r--p 00030000 08:07 7610786                    /usr/lib/x86_64-linux-gnu/libpng16.so.16.34.0
7f3469faa000-7f3469fab000 rw-p 00031000 08:07 7610786                    /usr/lib/x86_64-linux-gnu/libpng16.so.16.34.0
7f3469fab000-7f3469fd6000 r-xp 00000000 08:07 7610419                    /usr/lib/x86_64-linux-gnu/libgraphite2.so.3.0.1
7f3469fd6000-7f346a1d5000 ---p 0002b000 08:07 7610419                    /usr/lib/x86_64-linux-gnu/libgraphite2.so.3.0.1
7f346a1d5000-7f346a1d7000 r--p 0002a000 08:07 7610419                    /usr/lib/x86_64-linux-gnu/libgraphite2.so.3.0.1
7f346a1d7000-7f346a1d8000 rw-p 0002c000 08:07 7610419                    /usr/lib/x86_64-linux-gnu/libgraphite2.so.3.0.1
7f346a1d8000-7f346a2ec000 r-xp 00000000 08:07 7602371                    /usr/lib/x86_64-linux-gnu/libglib-2.0.so.0.5600.4
7f346a2ec000-7f346a4ec000 ---p 00114000 08:07 7602371                    /usr/lib/x86_64-linux-gnu/libglib-2.0.so.0.5600.4
7f346a4ec000-7f346a4ed000 r--p 00114000 08:07 7602371                    /usr/lib/x86_64-linux-gnu/libglib-2.0.so.0.5600.4
7f346a4ed000-7f346a4ee000 rw-p 00115000 08:07 7602371                    /usr/lib/x86_64-linux-gnu/libglib-2.0.so.0.5600.4
7f346a4ee000-7f346a4ef000 rw-p 00000000 00:00 0 
7f346a4ef000-7f346a59c000 r-xp 00000000 08:07 7602766                    /usr/lib/x86_64-linux-gnu/libfreetype.so.6.15.0
7f346a59c000-7f346a79b000 ---p 000ad000 08:07 7602766                    /usr/lib/x86_64-linux-gnu/libfreetype.so.6.15.0
7f346a79b000-7f346a7a2000 r--p 000ac000 08:07 7602766                    /usr/lib/x86_64-linux-gnu/libfreetype.so.6.15.0
7f346a7a2000-7f346a7a3000 rw-p 000b3000 08:07 7602766                    /usr/lib/x86_64-linux-gnu/libfreetype.so.6.15.0
7f346a7a3000-7f346a83f000 r-xp 00000000 08:07 7610497                    /usr/lib/x86_64-linux-gnu/libharfbuzz.so.0.10702.0
7f346a83f000-7f346aa3f000 ---p 0009c000 08:07 7610497                    /usr/lib/x86_64-linux-gnu/libharfbuzz.so.0.10702.0
7f346aa3f000-7f346aa40000 r--p 0009c000 08:07 7610497                    /usr/lib/x86_64-linux-gnu/libharfbuzz.so.0.10702.0
7f346aa40000-7f346aa41000 rw-p 0009d000 08:07 7610497                    /usr/lib/x86_64-linux-gnu/libharfbuzz.so.0.10702.0
7f346aa41000-7f346aa4d000 r-xp 00000000 08:07 7656689                    /usr/lib/jvm/java-11-openjdk-amd64/lib/libfontmanager.so
7f346aa4d000-7f346ac4d000 ---p 0000c000 08:07 7656689                    /usr/lib/jvm/java-11-openjdk-amd64/lib/libfontmanager.so
7f346ac4d000-7f346ac4e000 r--p 0000c000 08:07 7656689                    /usr/lib/jvm/java-11-openjdk-amd64/lib/libfontmanager.so
7f346ac4e000-7f346ac4f000 rw-p 0000d000 08:07 7656689                    /usr/lib/jvm/java-11-openjdk-amd64/lib/libfontmanager.so
7f346ac4f000-7f346ac62000 r-xp 00000000 08:07 4854768                    /lib/x86_64-linux-gnu/libbsd.so.0.8.7
7f346ac62000-7f346ae61000 ---p 00013000 08:07 4854768                    /lib/x86_64-linux-gnu/libbsd.so.0.8.7
7f346ae61000-7f346ae62000 r--p 00012000 08:07 4854768                    /lib/x86_64-linux-gnu/libbsd.so.0.8.7
7f346ae62000-7f346ae63000 rw-p 00013000 08:07 4854768                    /lib/x86_64-linux-gnu/libbsd.so.0.8.7
7f346ae63000-7f346ae64000 rw-p 00000000 00:00 0 
7f346ae64000-7f346ae69000 r-xp 00000000 08:07 7609947                    /usr/lib/x86_64-linux-gnu/libXdmcp.so.6.0.0
7f346ae69000-7f346b068000 ---p 00005000 08:07 7609947                    /usr/lib/x86_64-linux-gnu/libXdmcp.so.6.0.0
7f346b068000-7f346b069000 r--p 00004000 08:07 7609947                    /usr/lib/x86_64-linux-gnu/libXdmcp.so.6.0.0
7f346b069000-7f346b06a000 rw-p 00005000 08:07 7609947                    /usr/lib/x86_64-linux-gnu/libXdmcp.so.6.0.0
7f346b06a000-7f346b06c000 r-xp 00000000 08:07 7604422                    /usr/lib/x86_64-linux-gnu/libXau.so.6.0.0
7f346b06c000-7f346b26c000 ---p 00002000 08:07 7604422                    /usr/lib/x86_64-linux-gnu/libXau.so.6.0.0
7f346b26c000-7f346b26d000 r--p 00002000 08:07 7604422                    /usr/lib/x86_64-linux-gnu/libXau.so.6.0.0
7f346b26d000-7f346b26e000 rw-p 00003000 08:07 7604422                    /usr/lib/x86_64-linux-gnu/libXau.so.6.0.0
7f346b26e000-7f346b294000 r-xp 00000000 08:07 7611110                    /usr/lib/x86_64-linux-gnu/libxcb.so.1.1.0
7f346b294000-7f346b494000 ---p 00026000 08:07 7611110                    /usr/lib/x86_64-linux-gnu/libxcb.so.1.1.0
7f346b494000-7f346b495000 r--p 00026000 08:07 7611110                    /usr/lib/x86_64-linux-gnu/libxcb.so.1.1.0
7f346b495000-7f346b496000 rw-p 00027000 08:07 7611110                    /usr/lib/x86_64-linux-gnu/libxcb.so.1.1.0
7f346b496000-7f346b4a5000 r-xp 00000000 08:07 7609957                    /usr/lib/x86_64-linux-gnu/libXi.so.6.1.0
7f346b4a5000-7f346b6a4000 ---p 0000f000 08:07 7609957                    /usr/lib/x86_64-linux-gnu/libXi.so.6.1.0
7f346b6a4000-7f346b6a5000 r--p 0000e000 08:07 7609957                    /usr/lib/x86_64-linux-gnu/libXi.so.6.1.0
7f346b6a5000-7f346b6a6000 rw-p 0000f000 08:07 7609957                    /usr/lib/x86_64-linux-gnu/libXi.so.6.1.0
7f346b6a6000-7f346b6ab000 r-xp 00000000 08:07 7609975                    /usr/lib/x86_64-linux-gnu/libXtst.so.6.1.0
7f346b6ab000-7f346b8aa000 ---p 00005000 08:07 7609975                    /usr/lib/x86_64-linux-gnu/libXtst.so.6.1.0
7f346b8aa000-7f346b8ab000 r--p 00004000 08:07 7609975                    /usr/lib/x86_64-linux-gnu/libXtst.so.6.1.0
7f346b8ab000-7f346b8ac000 rw-p 00005000 08:07 7609975                    /usr/lib/x86_64-linux-gnu/libXtst.so.6.1.0
7f346b8ac000-7f346b8b5000 r-xp 00000000 08:07 7609969                    /usr/lib/x86_64-linux-gnu/libXrender.so.1.3.0
7f346b8b5000-7f346bab4000 ---p 00009000 08:07 7609969                    /usr/lib/x86_64-linux-gnu/libXrender.so.1.3.0
7f346bab4000-7f346bab5000 r--p 00008000 08:07 7609969                    /usr/lib/x86_64-linux-gnu/libXrender.so.1.3.0
7f346bab5000-7f346bab6000 rw-p 00009000 08:07 7609969                    /usr/lib/x86_64-linux-gnu/libXrender.so.1.3.0
7f346bab6000-7f346bbe9000 r-xp 00000000 08:07 7609281                    /usr/lib/x86_64-linux-gnu/libX11.so.6.3.0
7f346bbe9000-7f346bde9000 ---p 00133000 08:07 7609281                    /usr/lib/x86_64-linux-gnu/libX11.so.6.3.0
7f346bde9000-7f346bdea000 r--p 00133000 08:07 7609281                    /usr/lib/x86_64-linux-gnu/libX11.so.6.3.0
7f346bdea000-7f346bdee000 rw-p 00134000 08:07 7609281                    /usr/lib/x86_64-linux-gnu/libX11.so.6.3.0
7f346bdee000-7f346bdff000 r-xp 00000000 08:07 7609949                    /usr/lib/x86_64-linux-gnu/libXext.so.6.4.0
7f346bdff000-7f346bffe000 ---p 00011000 08:07 7609949                    /usr/lib/x86_64-linux-gnu/libXext.so.6.4.0
7f346bffe000-7f346bfff000 r--p 00010000 08:07 7609949                    /usr/lib/x86_64-linux-gnu/libXext.so.6.4.0
7f346bfff000-7f346c000000 rw-p 00011000 08:07 7609949                    /usr/lib/x86_64-linux-gnu/libXext.so.6.4.0
7f346c000000-7f346c021000 rw-p 00000000 00:00 0 
7f346c021000-7f3470000000 ---p 00000000 00:00 0 
7f3470000000-7f3470021000 rw-p 00000000 00:00 0 
7f3470021000-7f3474000000 ---p 00000000 00:00 0 
7f3474000000-7f347460a000 rw-p 00000000 00:00 0 
7f347460a000-7f3478000000 ---p 00000000 00:00 0 
7f3478000000-7f347864f000 rw-p 00000000 00:00 0 
7f347864f000-7f347c000000 ---p 00000000 00:00 0 
7f347c000000-7f347c021000 rw-p 00000000 00:00 0 
7f347c021000-7f3480000000 ---p 00000000 00:00 0 
7f3480000000-7f3480021000 rw-p 00000000 00:00 0 
7f3480021000-7f3484000000 ---p 00000000 00:00 0 
7f3484000000-7f3484021000 rw-p 00000000 00:00 0 
7f3484021000-7f3488000000 ---p 00000000 00:00 0 
7f3488000000-7f3488021000 rw-p 00000000 00:00 0 
7f3488021000-7f348c000000 ---p 00000000 00:00 0 
7f348c000000-7f348c021000 rw-p 00000000 00:00 0 
7f348c021000-7f3490000000 ---p 00000000 00:00 0 
7f3490000000-7f3490021000 rw-p 00000000 00:00 0 
7f3490021000-7f3494000000 ---p 00000000 00:00 0 
7f3494000000-7f3494021000 rw-p 00000000 00:00 0 
7f3494021000-7f3498000000 ---p 00000000 00:00 0 
7f3498000000-7f3498021000 rw-p 00000000 00:00 0 
7f3498021000-7f349c000000 ---p 00000000 00:00 0 
7f349c014000-7f349c072000 r-xp 00000000 08:07 7625232                    /usr/lib/jvm/java-11-openjdk-amd64/lib/libawt_xawt.so
7f349c072000-7f349c272000 ---p 0005e000 08:07 7625232                    /usr/lib/jvm/java-11-openjdk-amd64/lib/libawt_xawt.so
7f349c272000-7f349c273000 r--p 0005e000 08:07 7625232                    /usr/lib/jvm/java-11-openjdk-amd64/lib/libawt_xawt.so
7f349c273000-7f349c275000 rw-p 0005f000 08:07 7625232                    /usr/lib/jvm/java-11-openjdk-amd64/lib/libawt_xawt.so
7f349c275000-7f349c277000 rw-p 00000000 00:00 0 
7f349c277000-7f349c315000 r-xp 00000000 08:07 7656685                    /usr/lib/jvm/java-11-openjdk-amd64/lib/libawt.so
7f349c315000-7f349c514000 ---p 0009e000 08:07 7656685                    /usr/lib/jvm/java-11-openjdk-amd64/lib/libawt.so
7f349c514000-7f349c515000 r--p 0009d000 08:07 7656685                    /usr/lib/jvm/java-11-openjdk-amd64/lib/libawt.so
7f349c515000-7f349c520000 rw-p 0009e000 08:07 7656685                    /usr/lib/jvm/java-11-openjdk-amd64/lib/libawt.so
7f349c520000-7f349c545000 rw-p 00000000 00:00 0 
7f349c545000-7f349c55b000 r-xp 00000000 08:07 7656706                    /usr/lib/jvm/java-11-openjdk-amd64/lib/libnet.so
7f349c55b000-7f349c75a000 ---p 00016000 08:07 7656706                    /usr/lib/jvm/java-11-openjdk-amd64/lib/libnet.so
7f349c75a000-7f349c75b000 r--p 00015000 08:07 7656706                    /usr/lib/jvm/java-11-openjdk-amd64/lib/libnet.so
7f349c75b000-7f349c75c000 rw-p 00016000 08:07 7656706                    /usr/lib/jvm/java-11-openjdk-amd64/lib/libnet.so
7f349c75c000-7f349c76c000 r-xp 00000000 08:07 7656707                    /usr/lib/jvm/java-11-openjdk-amd64/lib/libnio.so
7f349c76c000-7f349c96b000 ---p 00010000 08:07 7656707                    /usr/lib/jvm/java-11-openjdk-amd64/lib/libnio.so
7f349c96b000-7f349c96c000 r--p 0000f000 08:07 7656707                    /usr/lib/jvm/java-11-openjdk-amd64/lib/libnio.so
7f349c96c000-7f349c96d000 rw-p 00010000 08:07 7656707                    /usr/lib/jvm/java-11-openjdk-amd64/lib/libnio.so
7f349c96d000-7f349c971000 ---p 00000000 00:00 0 
7f349c971000-7f349ca6e000 rw-p 00000000 00:00 0 
7f349ca6e000-7f349ca6f000 ---p 00000000 00:00 0 
7f349ca6f000-7f349cb70000 rw-p 00000000 00:00 0 
7f349cb70000-7f349cb74000 ---p 00000000 00:00 0 
7f349cb74000-7f349cc71000 rw-p 00000000 00:00 0 
7f349cc71000-7f349cc75000 ---p 00000000 00:00 0 
7f349cc75000-7f349cd72000 rw-p 00000000 00:00 0 
7f349cd72000-7f349cd76000 ---p 00000000 00:00 0 
7f349cd76000-7f349ce73000 rw-p 00000000 00:00 0 
7f349ce73000-7f349ce77000 ---p 00000000 00:00 0 
7f349ce77000-7f349cf74000 rw-p 00000000 00:00 0 
7f349cf74000-7f349cf78000 ---p 00000000 00:00 0 
7f349cf78000-7f349d075000 rw-p 00000000 00:00 0 
7f349d075000-7f349d5fe000 r--p 00000000 08:07 7608791                    /usr/lib/locale/locale-archive
7f349d5fe000-7f349d602000 ---p 00000000 00:00 0 
7f349d602000-7f349d6ff000 rw-p 00000000 00:00 0 
7f349d6ff000-7f349d703000 ---p 00000000 00:00 0 
7f349d703000-7f349dfc0000 rw-p 00000000 00:00 0 
7f349dfc0000-7f349e000000 ---p 00000000 00:00 0 
7f349e000000-7f34a0000000 rw-p 00000000 00:00 0 
7f34a0000000-7f34a0021000 rw-p 00000000 00:00 0 
7f34a0021000-7f34a4000000 ---p 00000000 00:00 0 
7f34a40ba000-7f34a40bb000 ---p 00000000 00:00 0 
7f34a40bb000-7f34a41bc000 rw-p 00000000 00:00 0 
7f34a41bc000-7f34a41bd000 ---p 00000000 00:00 0 
7f34a41bd000-7f34a42be000 rw-p 00000000 00:00 0 
7f34a42be000-7f34a42bf000 ---p 00000000 00:00 0 
7f34a42bf000-7f34a47a8000 rw-p 00000000 00:00 0 
7f34a47a8000-7f34a71d8000 ---p 00000000 00:00 0 
7f34a71d8000-7f34a71e0000 rw-p 00000000 00:00 0 
7f34a71e0000-7f34a81e0000 ---p 00000000 00:00 0 
7f34a81e0000-7f34a85c8000 rw-p 00000000 00:00 0 
7f34a85c8000-7f34aaff8000 ---p 00000000 00:00 0 
7f34aaff8000-7f34ab000000 rw-p 00000000 00:00 0 
7f34ab000000-7f34ac000000 ---p 00000000 00:00 0 
7f34ac000000-7f34ac021000 rw-p 00000000 00:00 0 
7f34ac021000-7f34b0000000 ---p 00000000 00:00 0 
7f34b0070000-7f34b0878000 rw-p 00000000 00:00 0 
7f34b0878000-7f34b0ae8000 rwxp 00000000 00:00 0 
7f34b0ae8000-7f34b0e09000 ---p 00000000 00:00 0 
7f34b0e09000-7f34b10d9000 rwxp 00000000 00:00 0 
7f34b10d9000-7f34b8340000 ---p 00000000 00:00 0 
7f34b8340000-7f34b85b0000 rwxp 00000000 00:00 0 
7f34b85b0000-7f34bf878000 ---p 00000000 00:00 0 
7f34c8000000-7f34c85a5000 rw-p 00000000 00:00 0 
7f34c85a5000-7f34cc000000 ---p 00000000 00:00 0 
7f34cc00f000-7f34cc033000 r--p 00000000 08:07 8519951                    /usr/share/glib-2.0/schemas/gschemas.compiled
7f34cc033000-7f34cc0e5000 rw-p 00000000 00:00 0 
7f34cc0e5000-7f34cc0e6000 ---p 00000000 00:00 0 
7f34cc0e6000-7f34cc1e7000 rw-p 00000000 00:00 0 
7f34cc1e7000-7f34cc1e8000 ---p 00000000 00:00 0 
7f34cc1e8000-7f34cc467000 rw-p 00000000 00:00 0 
7f34cc467000-7f34cc9ad000 ---p 00000000 00:00 0 
7f34cc9ad000-7f34cc9ae000 rw-p 00000000 00:00 0 
7f34cc9ae000-7f34ccbae000 ---p 00000000 00:00 0 
7f34ccbae000-7f34ccc2b000 rw-p 00000000 00:00 0 
7f34ccc2b000-7f34cd171000 ---p 00000000 00:00 0 
7f34cd171000-7f34cd172000 rw-p 00000000 00:00 0 
7f34cd172000-7f34cd372000 ---p 00000000 00:00 0 
7f34cd372000-7f34cd3ef000 rw-p 00000000 00:00 0 
7f34cd3ef000-7f34cd935000 ---p 00000000 00:00 0 
7f34cd935000-7f34cd936000 rw-p 00000000 00:00 0 
7f34cd936000-7f34cdb36000 ---p 00000000 00:00 0 
7f34cdb36000-7f34ce33e000 rw-p 00000000 00:00 0 
7f34ce33e000-7f34ce33f000 ---p 00000000 00:00 0 
7f34ce33f000-7f34ce445000 rw-p 00000000 00:00 0 
7f34ce445000-7f34ce52b000 ---p 00000000 00:00 0 
7f34ce52b000-7f34ce531000 rw-p 00000000 00:00 0 
7f34ce531000-7f34ce616000 ---p 00000000 00:00 0 
7f34ce616000-7f34ce61d000 r-xp 00000000 08:07 7656715                    /usr/lib/jvm/java-11-openjdk-amd64/lib/libzip.so
7f34ce61d000-7f34ce81c000 ---p 00007000 08:07 7656715                    /usr/lib/jvm/java-11-openjdk-amd64/lib/libzip.so
7f34ce81c000-7f34ce81d000 r--p 00006000 08:07 7656715                    /usr/lib/jvm/java-11-openjdk-amd64/lib/libzip.so
7f34ce81d000-7f34ce81e000 rw-p 00007000 08:07 7656715                    /usr/lib/jvm/java-11-openjdk-amd64/lib/libzip.so
7f34ce81e000-7f34ce829000 r-xp 00000000 08:07 4849757                    /lib/x86_64-linux-gnu/libnss_files-2.27.so
7f34ce829000-7f34cea28000 ---p 0000b000 08:07 4849757                    /lib/x86_64-linux-gnu/libnss_files-2.27.so
7f34cea28000-7f34cea29000 r--p 0000a000 08:07 4849757                    /lib/x86_64-linux-gnu/libnss_files-2.27.so
7f34cea29000-7f34cea2a000 rw-p 0000b000 08:07 4849757                    /lib/x86_64-linux-gnu/libnss_files-2.27.so
7f34cea2a000-7f34cea30000 rw-p 00000000 00:00 0 
7f34cea30000-7f34cea47000 r-xp 00000000 08:07 4849754                    /lib/x86_64-linux-gnu/libnsl-2.27.so
7f34cea47000-7f34cec46000 ---p 00017000 08:07 4849754                    /lib/x86_64-linux-gnu/libnsl-2.27.so
7f34cec46000-7f34cec47000 r--p 00016000 08:07 4849754                    /lib/x86_64-linux-gnu/libnsl-2.27.so
7f34cec47000-7f34cec48000 rw-p 00017000 08:07 4849754                    /lib/x86_64-linux-gnu/libnsl-2.27.so
7f34cec48000-7f34cec4a000 rw-p 00000000 00:00 0 
7f34cec4a000-7f34cec55000 r-xp 00000000 08:07 4849759                    /lib/x86_64-linux-gnu/libnss_nis-2.27.so
7f34cec55000-7f34cee54000 ---p 0000b000 08:07 4849759                    /lib/x86_64-linux-gnu/libnss_nis-2.27.so
7f34cee54000-7f34cee55000 r--p 0000a000 08:07 4849759                    /lib/x86_64-linux-gnu/libnss_nis-2.27.so
7f34cee55000-7f34cee56000 rw-p 0000b000 08:07 4849759                    /lib/x86_64-linux-gnu/libnss_nis-2.27.so
7f34cee56000-7f34cee5e000 r-xp 00000000 08:07 4849755                    /lib/x86_64-linux-gnu/libnss_compat-2.27.so
7f34cee5e000-7f34cf05e000 ---p 00008000 08:07 4849755                    /lib/x86_64-linux-gnu/libnss_compat-2.27.so
7f34cf05e000-7f34cf05f000 r--p 00008000 08:07 4849755                    /lib/x86_64-linux-gnu/libnss_compat-2.27.so
7f34cf05f000-7f34cf060000 rw-p 00009000 08:07 4849755                    /lib/x86_64-linux-gnu/libnss_compat-2.27.so
7f34cf060000-7f34cf065000 r-xp 00000000 08:07 7656698                    /usr/lib/jvm/java-11-openjdk-amd64/lib/libjimage.so
7f34cf065000-7f34cf264000 ---p 00005000 08:07 7656698                    /usr/lib/jvm/java-11-openjdk-amd64/lib/libjimage.so
7f34cf264000-7f34cf265000 r--p 00004000 08:07 7656698                    /usr/lib/jvm/java-11-openjdk-amd64/lib/libjimage.so
7f34cf265000-7f34cf266000 rw-p 00005000 08:07 7656698                    /usr/lib/jvm/java-11-openjdk-amd64/lib/libjimage.so
7f34cf266000-7f34cf28e000 r-xp 00000000 08:07 7656695                    /usr/lib/jvm/java-11-openjdk-amd64/lib/libjava.so
7f34cf28e000-7f34cf48e000 ---p 00028000 08:07 7656695                    /usr/lib/jvm/java-11-openjdk-amd64/lib/libjava.so
7f34cf48e000-7f34cf48f000 r--p 00028000 08:07 7656695                    /usr/lib/jvm/java-11-openjdk-amd64/lib/libjava.so
7f34cf48f000-7f34cf490000 rw-p 00029000 08:07 7656695                    /usr/lib/jvm/java-11-openjdk-amd64/lib/libjava.so
7f34cf490000-7f34cf491000 rw-p 00000000 00:00 0 
7f34cf491000-7f34cf49e000 r-xp 00000000 08:07 7656714                    /usr/lib/jvm/java-11-openjdk-amd64/lib/libverify.so
7f34cf49e000-7f34cf69d000 ---p 0000d000 08:07 7656714                    /usr/lib/jvm/java-11-openjdk-amd64/lib/libverify.so
7f34cf69d000-7f34cf69f000 r--p 0000c000 08:07 7656714                    /usr/lib/jvm/java-11-openjdk-amd64/lib/libverify.so
7f34cf69f000-7f34cf6a0000 rw-p 0000e000 08:07 7656714                    /usr/lib/jvm/java-11-openjdk-amd64/lib/libverify.so
7f34cf6a0000-7f34cf6a7000 r-xp 00000000 08:07 4854784                    /lib/x86_64-linux-gnu/librt-2.27.so
7f34cf6a7000-7f34cf8a6000 ---p 00007000 08:07 4854784                    /lib/x86_64-linux-gnu/librt-2.27.so
7f34cf8a6000-7f34cf8a7000 r--p 00006000 08:07 4854784                    /lib/x86_64-linux-gnu/librt-2.27.so
7f34cf8a7000-7f34cf8a8000 rw-p 00007000 08:07 4854784                    /lib/x86_64-linux-gnu/librt-2.27.so
7f34cf8a8000-7f34cf8bf000 r-xp 00000000 08:07 4849670                    /lib/x86_64-linux-gnu/libgcc_s.so.1
7f34cf8bf000-7f34cfabe000 ---p 00017000 08:07 4849670                    /lib/x86_64-linux-gnu/libgcc_s.so.1
7f34cfabe000-7f34cfabf000 r--p 00016000 08:07 4849670                    /lib/x86_64-linux-gnu/libgcc_s.so.1
7f34cfabf000-7f34cfac0000 rw-p 00017000 08:07 4849670                    /lib/x86_64-linux-gnu/libgcc_s.so.1
7f34cfac0000-7f34cfc5d000 r-xp 00000000 08:07 4849751                    /lib/x86_64-linux-gnu/libm-2.27.so
7f34cfc5d000-7f34cfe5c000 ---p 0019d000 08:07 4849751                    /lib/x86_64-linux-gnu/libm-2.27.so
7f34cfe5c000-7f34cfe5d000 r--p 0019c000 08:07 4849751                    /lib/x86_64-linux-gnu/libm-2.27.so
7f34cfe5d000-7f34cfe5e000 rw-p 0019d000 08:07 4849751                    /lib/x86_64-linux-gnu/libm-2.27.so
7f34cfe5e000-7f34cffd7000 r-xp 00000000 08:07 7604364                    /usr/lib/x86_64-linux-gnu/libstdc++.so.6.0.25
7f34cffd7000-7f34d01d7000 ---p 00179000 08:07 7604364                    /usr/lib/x86_64-linux-gnu/libstdc++.so.6.0.25
7f34d01d7000-7f34d01e1000 r--p 00179000 08:07 7604364                    /usr/lib/x86_64-linux-gnu/libstdc++.so.6.0.25
7f34d01e1000-7f34d01e3000 rw-p 00183000 08:07 7604364                    /usr/lib/x86_64-linux-gnu/libstdc++.so.6.0.25
7f34d01e3000-7f34d01e7000 rw-p 00000000 00:00 0 
7f34d01e7000-7f34d12cf000 r-xp 00000000 08:07 7656719                    /usr/lib/jvm/java-11-openjdk-amd64/lib/server/libjvm.so
7f34d12cf000-7f34d14ce000 ---p 010e8000 08:07 7656719                    /usr/lib/jvm/java-11-openjdk-amd64/lib/server/libjvm.so
7f34d14ce000-7f34d158f000 r--p 010e7000 08:07 7656719                    /usr/lib/jvm/java-11-openjdk-amd64/lib/server/libjvm.so
7f34d158f000-7f34d15ca000 rw-p 011a8000 08:07 7656719                    /usr/lib/jvm/java-11-openjdk-amd64/lib/server/libjvm.so
7f34d15ca000-7f34d1621000 rw-p 00000000 00:00 0 
7f34d1621000-7f34d163b000 r-xp 00000000 08:07 4854724                    /lib/x86_64-linux-gnu/libpthread-2.27.so
7f34d163b000-7f34d183a000 ---p 0001a000 08:07 4854724                    /lib/x86_64-linux-gnu/libpthread-2.27.so
7f34d183a000-7f34d183b000 r--p 00019000 08:07 4854724                    /lib/x86_64-linux-gnu/libpthread-2.27.so
7f34d183b000-7f34d183c000 rw-p 0001a000 08:07 4854724                    /lib/x86_64-linux-gnu/libpthread-2.27.so
7f34d183c000-7f34d1840000 rw-p 00000000 00:00 0 
7f34d1840000-7f34d1843000 r-xp 00000000 08:07 4849750                    /lib/x86_64-linux-gnu/libdl-2.27.so
7f34d1843000-7f34d1a42000 ---p 00003000 08:07 4849750                    /lib/x86_64-linux-gnu/libdl-2.27.so
7f34d1a42000-7f34d1a43000 r--p 00002000 08:07 4849750                    /lib/x86_64-linux-gnu/libdl-2.27.so
7f34d1a43000-7f34d1a44000 rw-p 00003000 08:07 4849750                    /lib/x86_64-linux-gnu/libdl-2.27.so
7f34d1a44000-7f34d1a60000 r-xp 00000000 08:07 4854939                    /lib/x86_64-linux-gnu/libz.so.1.2.11
7f34d1a60000-7f34d1c5f000 ---p 0001c000 08:07 4854939                    /lib/x86_64-linux-gnu/libz.so.1.2.11
7f34d1c5f000-7f34d1c60000 r--p 0001b000 08:07 4854939                    /lib/x86_64-linux-gnu/libz.so.1.2.11
7f34d1c60000-7f34d1c61000 rw-p 0001c000 08:07 4854939                    /lib/x86_64-linux-gnu/libz.so.1.2.11
7f34d1c61000-7f34d1e48000 r-xp 00000000 08:07 4849747                    /lib/x86_64-linux-gnu/libc-2.27.so
7f34d1e48000-7f34d2048000 ---p 001e7000 08:07 4849747                    /lib/x86_64-linux-gnu/libc-2.27.so
7f34d2048000-7f34d204c000 r--p 001e7000 08:07 4849747                    /lib/x86_64-linux-gnu/libc-2.27.so
7f34d204c000-7f34d204e000 rw-p 001eb000 08:07 4849747                    /lib/x86_64-linux-gnu/libc-2.27.so
7f34d204e000-7f34d2052000 rw-p 00000000 00:00 0 
7f34d2052000-7f34d2061000 r-xp 00000000 08:07 7656680                    /usr/lib/jvm/java-11-openjdk-amd64/lib/jli/libjli.so
7f34d2061000-7f34d2260000 ---p 0000f000 08:07 7656680                    /usr/lib/jvm/java-11-openjdk-amd64/lib/jli/libjli.so
7f34d2260000-7f34d2261000 r--p 0000e000 08:07 7656680                    /usr/lib/jvm/java-11-openjdk-amd64/lib/jli/libjli.so
7f34d2261000-7f34d2262000 rw-p 0000f000 08:07 7656680                    /usr/lib/jvm/java-11-openjdk-amd64/lib/jli/libjli.so
7f34d2262000-7f34d2289000 r-xp 00000000 08:07 4849680                    /lib/x86_64-linux-gnu/ld-2.27.so
7f34d229b000-7f34d22a2000 rw-s 00000000 00:01 98332                      /SYSV00000000 (deleted)
7f34d22a2000-7f34d22a6000 r--p 00000000 08:07 8393012                    /home/mark/.config/dconf/user (deleted)
7f34d22a6000-7f34d236b000 rw-p 00000000 00:00 0 
7f34d236b000-7f34d236f000 ---p 00000000 00:00 0 
7f34d236f000-7f34d246e000 rw-p 00000000 00:00 0 
7f34d246e000-7f34d246f000 r--s 00000000 00:38 40                         /run/user/1000/dconf/user (deleted)
7f34d246f000-7f34d2474000 rw-p 00000000 00:00 0 
7f34d2474000-7f34d247b000 ---p 00000000 00:00 0 
7f34d247b000-7f34d247d000 r--s 00007000 08:07 7995550                    /usr/share/java/java-atk-wrapper.jar
7f34d247d000-7f34d2485000 rw-s 00000000 08:07 7475651                    /tmp/hsperfdata_mark/23774
7f34d2485000-7f34d2486000 ---p 00000000 00:00 0 
7f34d2486000-7f34d2487000 r--p 00000000 00:00 0 
7f34d2487000-7f34d2489000 rw-p 00000000 00:00 0 
7f34d2489000-7f34d248a000 r--p 00027000 08:07 4849680                    /lib/x86_64-linux-gnu/ld-2.27.so
7f34d248a000-7f34d248b000 rw-p 00028000 08:07 4849680                    /lib/x86_64-linux-gnu/ld-2.27.so
7f34d248b000-7f34d248c000 rw-p 00000000 00:00 0 
7ffd58614000-7ffd58635000 rw-p 00000000 00:00 0                          [stack]
7ffd586e4000-7ffd586e7000 r--p 00000000 00:00 0                          [vvar]
7ffd586e7000-7ffd586e8000 r-xp 00000000 00:00 0                          [vdso]
ffffffffff600000-ffffffffff601000 --xp 00000000 00:00 0                  [vsyscall]


VM Arguments:
jvm_args: -Dfile.encoding=UTF-8 
java_command: Main
java_class_path (initial): /home/mark/eclipse-workspace/Sceletonization/bin
Launcher Type: SUN_STANDARD

[Global flags]
     intx CICompilerCount                          = 4                                         {product} {ergonomic}
     uint ConcGCThreads                            = 2                                         {product} {ergonomic}
     uint G1ConcRefinementThreads                  = 8                                         {product} {ergonomic}
   size_t G1HeapRegionSize                         = 1048576                                   {product} {ergonomic}
    uintx GCDrainStackTargetSize                   = 64                                        {product} {ergonomic}
   size_t InitialHeapSize                          = 262144000                                 {product} {ergonomic}
   size_t MarkStackSize                            = 4194304                                   {product} {ergonomic}
   size_t MaxHeapSize                              = 4169138176                                {product} {ergonomic}
   size_t MaxNewSize                               = 2500853760                                {product} {ergonomic}
   size_t MinHeapDeltaBytes                        = 1048576                                   {product} {ergonomic}
    uintx NonNMethodCodeHeapSize                   = 5836300                                {pd product} {ergonomic}
    uintx NonProfiledCodeHeapSize                  = 122910970                              {pd product} {ergonomic}
    uintx ProfiledCodeHeapSize                     = 122910970                              {pd product} {ergonomic}
    uintx ReservedCodeCacheSize                    = 251658240                              {pd product} {ergonomic}
     bool SegmentedCodeCache                       = true                                      {product} {ergonomic}
     bool UseCompressedClassPointers               = true                                 {lp64_product} {ergonomic}
     bool UseCompressedOops                        = true                                 {lp64_product} {ergonomic}
     bool UseG1GC                                  = true                                      {product} {ergonomic}

Logging:
Log output configuration:
 #0: 