#
# A fatal error has been detected by the Java Runtime Environment:
#
#  SIGSEGV (0xb) at pc=0x00007fc03fbd13d1, pid=23491, tid=25233
#
# JRE version: OpenJDK Runtime Environment (11.0.11+9) (build 11.0.11+9-Ubuntu-0ubuntu2.18.04)
# Java VM: OpenJDK 64-Bit Server VM (11.0.11+9-Ubuntu-0ubuntu2.18.04, mixed mode, sharing, tiered, compressed oops, g1 gc, linux-amd64)
# Problematic frame:
# C  [libjimage.so+0x23d1]
#
# Core dump will be written. Default location: Core dumps may be processed with "/usr/share/apport/apport %p %s %c %d %P %E" (or dumping to /home/mark/eclipse-workspace/Sceletonization/core.23491)
#
# If you would like to submit a bug report, please visit:
#   https://bugs.launchpad.net/ubuntu/+source/openjdk-lts
#

---------------  S U M M A R Y ------------

Command Line: -Dfile.encoding=UTF-8 Main

Host: Intel(R) Core(TM) i7-8550U CPU @ 1.80GHz, 8 cores, 15G, Ubuntu 18.04.5 LTS
Time: Tue May 11 10:13:01 2021 EEST elapsed time: 25248.731307 seconds (0d 7h 0m 48s)

---------------  T H R E A D  ---------------

Current thread (0x00007fbfd4065000):  JavaThread "XToolkt-Shutdown-Thread" [_thread_in_vm, id=25233, stack(0x00007fc03face000,0x00007fc03fbcf000)]

Stack: [0x00007fc03face000,0x00007fc03fbcf000],  sp=0x00007fc03fbcc040,  free space=1016k
Native frames: (J=compiled Java code, A=aot compiled Java code, j=interpreted, Vv=VM code, C=native code)
C  [libjimage.so+0x23d1]
C  [libjimage.so+0x304a]
C  [libjimage.so+0x3515]  JIMAGE_FindResource+0xd5
V  [libjvm.so+0x596f2f]
V  [libjvm.so+0x5991cb]
V  [libjvm.so+0xd845ac]
V  [libjvm.so+0xd831d2]
V  [libjvm.so+0xd856e6]
V  [libjvm.so+0x6403ad]
V  [libjvm.so+0x640812]
V  [libjvm.so+0x9ee696]
V  [libjvm.so+0x9f512d]
V  [libjvm.so+0x8274a6]
V  [libjvm.so+0x827add]
j  sun.awt.X11.XToolkit.lambda$init$0()V+0 java.desktop@11.0.11
j  sun.awt.X11.XToolkit$$Lambda$10.run()V+4 java.desktop@11.0.11
j  java.lang.Thread.run()V+11 java.base@11.0.11
v  ~StubRoutines::call_stub
V  [libjvm.so+0x82db91]
V  [libjvm.so+0x82c030]
V  [libjvm.so+0x82c0eb]
V  [libjvm.so+0x8cae9c]
V  [libjvm.so+0xdba950]
V  [libjvm.so+0xdb67e9]
V  [libjvm.so+0xb7b34e]

Java frames: (J=compiled Java code, j=interpreted, Vv=VM code)
j  sun.awt.X11.XToolkit.lambda$init$0()V+0 java.desktop@11.0.11
j  sun.awt.X11.XToolkit$$Lambda$10.run()V+4 java.desktop@11.0.11
j  java.lang.Thread.run()V+11 java.base@11.0.11
v  ~StubRoutines::call_stub

siginfo: si_signo: 11 (SIGSEGV), si_code: 1 (SEGV_MAPERR), si_addr: 0x00007fc037463c6c

Register to memory mapping:

RAX=0x0000000000007314 is an unknown value
RBX=0x00007fc03fbcc0f1 is pointing into the stack for thread: 0x00007fbfd4065000
RCX=0x00007fc03744701c is an unknown value
RDX=0x0000000000007314 is an unknown value
RSP=0x00007fc03fbcc040 is pointing into the stack for thread: 0x00007fbfd4065000
RBP=0x00007fc03fbcc060 is pointing into the stack for thread: 0x00007fbfd4065000
RSI=0x00007fc03fbcc0f0 is pointing into the stack for thread: 0x00007fbfd4065000
RDI=0x00007fc03fdd4030: <offset 0x0000000000205030> in /usr/lib/jvm/java-11-openjdk-amd64/lib/libjimage.so at 0x00007fc03fbcf000
R8 =0x0 is NULL
R9 =0x00000000ca0d71f0 is an unknown value
R10=0x00007fc03fbcc114 is pointing into the stack for thread: 0x00007fbfd4065000
R11=0x00007fc0469fa720: <offset 0x00000000001af720> in /lib/x86_64-linux-gnu/libc.so.6 at 0x00007fc04684b000
R12=0x00007fc03fbcc0f0 is pointing into the stack for thread: 0x00007fbfd4065000
R13=0x000000000000843b is an unknown value
R14=0x00007fc03fbcd188 is pointing into the stack for thread: 0x00007fbfd4065000
R15=0x00007fbfd4001250 points into unknown readable memory: 0x2f7477612f6e7573 | 73 75 6e 2f 61 77 74 2f


Registers:
RAX=0x0000000000007314, RBX=0x00007fc03fbcc0f1, RCX=0x00007fc03744701c, RDX=0x0000000000007314
RSP=0x00007fc03fbcc040, RBP=0x00007fc03fbcc060, RSI=0x00007fc03fbcc0f0, RDI=0x00007fc03fdd4030
R8 =0x0000000000000000, R9 =0x00000000ca0d71f0, R10=0x00007fc03fbcc114, R11=0x00007fc0469fa720
R12=0x00007fc03fbcc0f0, R13=0x000000000000843b, R14=0x00007fc03fbcd188, R15=0x00007fbfd4001250
RIP=0x00007fc03fbd13d1, EFLAGS=0x0000000000010246, CSGSFS=0x002b000000000033, ERR=0x0000000000000004
  TRAPNO=0x000000000000000e

Top of Stack: (sp=0x00007fc03fbcc040)
0x00007fc03fbcc040:   0000000000000000 00007fc040009e40
0x00007fc03fbcc050:   0000000000000000 00007fc03fbcc0f0
0x00007fc03fbcc060:   00007fc03fbcc0d0 00007fc03fbd204a
0x00007fc03fbcc070:   0000000000000000 0000000000000000 

Instructions: (pc=0x00007fc03fbd13d1)
0x00007fc03fbd12d1:   48 89 df 48 89 4d 88 e8 53 f3 ff ff 48 8b 4d 88
0x00007fc03fbd12e1:   44 03 6d 90 e9 42 fd ff ff 66 0f 1f 44 00 00 8b
0x00007fc03fbd12f1:   08 41 89 0e 44 89 c1 8b 74 08 fc 41 89 74 0e fc
0x00007fc03fbd1301:   e9 d8 fe ff ff 66 2e 0f 1f 84 00 00 00 00 00 b9
0x00007fc03fbd1311:   0a 00 00 00 e9 95 fd ff ff 44 89 c1 0f b7 74 08
0x00007fc03fbd1321:   fe 66 41 89 74 0e fe e9 b1 fe ff ff 0f 1f 00 0f
0x00007fc03fbd1331:   b6 17 89 f1 4c 8d 47 01 84 d2 74 1a 0f 1f 00 69
0x00007fc03fbd1341:   c9 93 01 00 01 49 83 c0 01 31 d1 41 0f b6 50 ff
0x00007fc03fbd1351:   84 d2 75 eb 89 ce 89 f0 25 ff ff ff 7f c3 90 48
0x00007fc03fbd1361:   85 d2 0f 84 e1 00 00 00 85 c9 0f 84 d9 00 00 00
0x00007fc03fbd1371:   55 48 89 e5 41 55 41 54 53 48 8d 5e 01 48 83 ec
0x00007fc03fbd1381:   08 44 0f b6 06 45 84 c0 0f 84 b1 00 00 00 49 89
0x00007fc03fbd1391:   da b8 93 01 00 01 66 0f 1f 84 00 00 00 00 00 44
0x00007fc03fbd13a1:   69 c8 93 01 00 01 49 83 c2 01 41 0f b6 c0 45 0f
0x00007fc03fbd13b1:   b6 42 ff 44 31 c8 45 84 c0 75 e4 25 ff ff ff 7f
0x00007fc03fbd13c1:   41 89 cd 48 89 d1 31 d2 49 89 f4 41 f7 f5 89 d0
0x00007fc03fbd13d1:   8b 34 81 48 8b 07 ff 50 20 85 c0 7f 22 ba ff ff
0x00007fc03fbd13e1:   ff ff 74 04 f7 d0 89 c2 48 83 c4 08 89 d0 5b 41
0x00007fc03fbd13f1:   5c 41 5d 5d c3 66 2e 0f 1f 84 00 00 00 00 00 41
0x00007fc03fbd1401:   0f b6 34 24 89 c7 40 84 f6 74 1b 0f 1f 40 00 69
0x00007fc03fbd1411:   ff 93 01 00 01 48 83 c3 01 31 f7 0f b6 73 ff 40
0x00007fc03fbd1421:   84 f6 75 eb 89 f8 25 ff ff ff 7f 31 d2 48 83 c4
0x00007fc03fbd1431:   08 41 f7 f5 5b 41 5c 41 5d 5d 89 d0 c3 66 90 b8
0x00007fc03fbd1441:   93 01 00 01 e9 77 ff ff ff 83 ca ff 89 d0 c3 0f
0x00007fc03fbd1451:   b6 17 48 89 f8 84 d2 75 19 eb 1e 0f 1f 40 00 38
0x00007fc03fbd1461:   ca 75 1c 48 83 c0 01 0f b6 10 48 83 c6 01 84 d2
0x00007fc03fbd1471:   74 15 0f b6 0e 84 c9 75 e6 c3 0f 1f 44 00 00 31
0x00007fc03fbd1481:   c0 c3 0f 1f 44 00 00 c3 90 66 0f 1f 44 00 00 48
0x00007fc03fbd1491:   85 f6 74 5a 0f b6 06 84 c0 74 54 0f 1f 40 00 0f
0x00007fc03fbd14a1:   b6 d0 83 e0 07 c1 fa 03 44 8d 50 01 0f b6 c0 41
0x00007fc03fbd14b1:   89 d1 4c 8d 44 06 02 48 8d 56 01 31 c0 66 90 0f
0x00007fc03fbd14c1:   b6 0a 48 c1 e0 08 48 83 c2 01 48 09 c8 49 39 d0 


Stack slot to memory mapping:
stack at sp + 0 slots: 0x0 is NULL
stack at sp + 1 slots: 0x00007fc040009e40 points into unknown readable memory: 0x0000000000000000 | 00 00 00 00 00 00 00 00
stack at sp + 2 slots: 0x0 is NULL
stack at sp + 3 slots: 0x00007fc03fbcc0f0 is pointing into the stack for thread: 0x00007fbfd4065000
stack at sp + 4 slots: 0x00007fc03fbcc0d0 is pointing into the stack for thread: 0x00007fbfd4065000
stack at sp + 5 slots: 0x00007fc03fbd204a: <offset 0x000000000000304a> in /usr/lib/jvm/java-11-openjdk-amd64/lib/libjimage.so at 0x00007fc03fbcf000
stack at sp + 6 slots: 0x0 is NULL
stack at sp + 7 slots: 0x0 is NULL


---------------  P R O C E S S  ---------------

Threads class SMR info:
_java_thread_list=0x00007fbfd4066660, length=17, elements={
0x00007fc0401d0000, 0x00007fc0401d2000, 0x00007fc0401d8800, 0x00007fc0401da800,
0x00007fc0401dc800, 0x00007fc0401de800, 0x00007fc0401e0800, 0x00007fc04022b800,
0x00007fc040326800, 0x00007fc04036d000, 0x00007fc040490800, 0x00007fbfb8007800,
0x00007fc040017000, 0x00007fbff0001000, 0x00007fbff0002800, 0x00007fbff0004000,
0x00007fbfd4065000
}

Java Threads: ( => current thread )
  0x00007fc0401d0000 JavaThread "Reference Handler" daemon [_thread_blocked, id=23504, stack(0x00007fc02403c000,0x00007fc02413d000)]
  0x00007fc0401d2000 JavaThread "Finalizer" daemon [_thread_blocked, id=23505, stack(0x00007fc0182bf000,0x00007fc0183c0000)]
  0x00007fc0401d8800 JavaThread "Signal Dispatcher" daemon [_thread_blocked, id=23506, stack(0x00007fc0181be000,0x00007fc0182bf000)]
  0x00007fc0401da800 JavaThread "Service Thread" daemon [_thread_blocked, id=23507, stack(0x00007fc0180bd000,0x00007fc0181be000)]
  0x00007fc0401dc800 JavaThread "C2 CompilerThread0" daemon [_thread_blocked, id=23508, stack(0x00007fc011976000,0x00007fc011a77000)]
  0x00007fc0401de800 JavaThread "C1 CompilerThread0" daemon [_thread_blocked, id=23509, stack(0x00007fc011875000,0x00007fc011976000)]
  0x00007fc0401e0800 JavaThread "Sweeper thread" daemon [_thread_blocked, id=23510, stack(0x00007fc011774000,0x00007fc011875000)]
  0x00007fc04022b800 JavaThread "Common-Cleaner" daemon [_thread_blocked, id=23512, stack(0x00007fc011571000,0x00007fc011672000)]
  0x00007fc040326800 JavaThread "Java2D Disposer" daemon [_thread_blocked, id=23517, stack(0x00007fbfdc36c000,0x00007fbfdc46d000)]
  0x00007fc04036d000 JavaThread "AWT-XAWT" daemon [_thread_in_native, id=23518, stack(0x00007fbfdc061000,0x00007fbfdc162000)]
  0x00007fc040490800 JavaThread "AWT-Shutdown" [_thread_blocked, id=23519, stack(0x00007fbfd2884000,0x00007fbfd2985000)]
  0x00007fbfb8007800 JavaThread "AWT-EventQueue-0" [_thread_blocked, id=23520, stack(0x00007fbfd2783000,0x00007fbfd2884000)]
  0x00007fc040017000 JavaThread "DestroyJavaVM" [_thread_blocked, id=23496, stack(0x00007fc046f55000,0x00007fc047056000)]
  0x00007fbff0001000 JavaThread "SIGHUP handler" daemon [_thread_blocked, id=25147, stack(0x00007fbfde570000,0x00007fbfde671000)]
  0x00007fbff0002800 JavaThread "SIGTERM handler" daemon [_thread_blocked, id=25148, stack(0x00007fbfd217d000,0x00007fbfd227e000)]
  0x00007fbff0004000 JavaThread "SIGTERM handler" daemon [_thread_blocked, id=25196, stack(0x00007fbfd207c000,0x00007fbfd217d000)]
=>0x00007fbfd4065000 JavaThread "XToolkt-Shutdown-Thread" [_thread_in_vm, id=25233, stack(0x00007fc03face000,0x00007fc03fbcf000)]

Other Threads:
  0x00007fc0401cd000 VMThread "VM Thread" [stack: 0x00007fc02413f000,0x00007fc02423f000] [id=23503]
  0x00007fc040229800 WatcherThread [stack: 0x00007fc011674000,0x00007fc011774000] [id=23511]
  0x00007fc04002f800 GCTaskThread "GC Thread#0" [stack: 0x00007fc027727000,0x00007fc027827000] [id=23497]
  0x00007fc04008d800 ConcurrentGCThread "G1 Main Marker" [stack: 0x00007fc0255d0000,0x00007fc0256d0000] [id=23498]
  0x00007fc04008f800 ConcurrentGCThread "G1 Conc#0" [stack: 0x00007fc0254ce000,0x00007fc0255ce000] [id=23499]
  0x00007fc04018f800 ConcurrentGCThread "G1 Refine#0" [stack: 0x00007fc024bc4000,0x00007fc024cc4000] [id=23500]
  0x00007fc040191000 ConcurrentGCThread "G1 Young RemSet Sampling" [stack: 0x00007fc024ac2000,0x00007fc024bc2000] [id=23501]

Threads with active compile tasks:

VM state:not at safepoint (normal execution)

VM Mutex/Monitor currently owned by a thread: None

OutOfMemory and StackOverflow Exception counts:
OutOfMemoryError java_heap_errors=51
LinkageErrors=16

Heap address: 0x0000000707800000, size: 3976 MB, Compressed Oops mode: Zero based, Oop shift amount: 3
Narrow klass base: 0x0000000800000000, Narrow klass shift: 3
Compressed class space size: 1073741824 Address: 0x0000000840000000

Heap:
 garbage-first heap   total 258048K, used 30408K [0x0000000707800000, 0x0000000800000000)
  region size 1024K, 12 young (12288K), 0 survivors (0K)
 Metaspace       used 8384K, capacity 8739K, committed 9088K, reserved 1056768K
  class space    used 856K, capacity 1049K, committed 1152K, reserved 1048576K
Heap Regions: E=young(eden), S=young(survivor), O=old, HS=humongous(starts), HC=humongous(continues), CS=collection set, F=free, A=archive, TAMS=top-at-mark-start (previous, next)
|   0|0x0000000707800000, 0x0000000707900000, 0x0000000707900000|100%|HS|  |TAMS 0x0000000707800000, 0x0000000707800000| Complete 
|   1|0x0000000707900000, 0x0000000707a00000, 0x0000000707a00000|100%|HC|  |TAMS 0x0000000707900000, 0x0000000707900000| Complete 
|   2|0x0000000707a00000, 0x0000000707b00000, 0x0000000707b00000|100%|HS|  |TAMS 0x0000000707a00000, 0x0000000707a00000| Complete 
|   3|0x0000000707b00000, 0x0000000707c00000, 0x0000000707c00000|100%|HC|  |TAMS 0x0000000707b00000, 0x0000000707b00000| Complete 
|   4|0x0000000707c00000, 0x0000000707d00000, 0x0000000707d00000|100%|HC|  |TAMS 0x0000000707c00000, 0x0000000707c00000| Complete 
|   5|0x0000000707d00000, 0x0000000707e00000, 0x0000000707e00000|100%|HC|  |TAMS 0x0000000707d00000, 0x0000000707d00000| Complete 
|   6|0x0000000707e00000, 0x0000000707f00000, 0x0000000707f00000|100%|HC|  |TAMS 0x0000000707e00000, 0x0000000707e00000| Complete 
|   7|0x0000000707f00000, 0x0000000708000000, 0x0000000708000000|100%|HS|  |TAMS 0x0000000707f00000, 0x0000000707f00000| Complete 
|   8|0x0000000708000000, 0x0000000708100000, 0x0000000708100000|100%|HC|  |TAMS 0x0000000708000000, 0x0000000708000000| Complete 
|   9|0x0000000708100000, 0x0000000708200000, 0x0000000708200000|100%|HC|  |TAMS 0x0000000708100000, 0x0000000708100000| Complete 
|  10|0x0000000708200000, 0x0000000708300000, 0x0000000708300000|100%|HC|  |TAMS 0x0000000708200000, 0x0000000708200000| Complete 
|  11|0x0000000708300000, 0x0000000708400000, 0x0000000708400000|100%|HC|  |TAMS 0x0000000708300000, 0x0000000708300000| Complete 
|  12|0x0000000708400000, 0x0000000708500000, 0x0000000708500000|100%|HS|  |TAMS 0x0000000708400000, 0x0000000708400000| Complete 
|  13|0x0000000708500000, 0x0000000708600000, 0x0000000708600000|100%|HS|  |TAMS 0x0000000708500000, 0x0000000708500000| Complete 
|  14|0x0000000708600000, 0x0000000708700000, 0x0000000708700000|100%|HC|  |TAMS 0x0000000708600000, 0x0000000708600000| Complete 
|  15|0x0000000708700000, 0x0000000708800000, 0x0000000708800000|100%|HC|  |TAMS 0x0000000708700000, 0x0000000708700000| Complete 
|  16|0x0000000708800000, 0x0000000708900000, 0x0000000708900000|100%|HC|  |TAMS 0x0000000708800000, 0x0000000708800000| Complete 
|  17|0x0000000708900000, 0x0000000708a00000, 0x0000000708a00000|100%|HC|  |TAMS 0x0000000708900000, 0x0000000708900000| Complete 
|  18|0x0000000708a00000, 0x0000000708b00000, 0x0000000708b00000|100%|HS|  |TAMS 0x0000000708a00000, 0x0000000708a00000| Complete 
|  19|0x0000000708b00000, 0x0000000708b00000, 0x0000000708c00000|  0%| F|  |TAMS 0x0000000708b00000, 0x0000000708b00000| Untracked 
|  20|0x0000000708c00000, 0x0000000708c00000, 0x0000000708d00000|  0%| F|  |TAMS 0x0000000708c00000, 0x0000000708c00000| Untracked 
|  21|0x0000000708d00000, 0x0000000708d00000, 0x0000000708e00000|  0%| F|  |TAMS 0x0000000708d00000, 0x0000000708d00000| Untracked 
|  22|0x0000000708e00000, 0x0000000708e00000, 0x0000000708f00000|  0%| F|  |TAMS 0x0000000708e00000, 0x0000000708e00000| Untracked 
|  23|0x0000000708f00000, 0x0000000708f00000, 0x0000000709000000|  0%| F|  |TAMS 0x0000000708f00000, 0x0000000708f00000| Untracked 
|  24|0x0000000709000000, 0x0000000709000000, 0x0000000709100000|  0%| F|  |TAMS 0x0000000709000000, 0x0000000709000000| Untracked 
|  25|0x0000000709100000, 0x0000000709100000, 0x0000000709200000|  0%| F|  |TAMS 0x0000000709100000, 0x0000000709100000| Untracked 
|  26|0x0000000709200000, 0x0000000709200000, 0x0000000709300000|  0%| F|  |TAMS 0x0000000709200000, 0x0000000709200000| Untracked 
|  27|0x0000000709300000, 0x0000000709300000, 0x0000000709400000|  0%| F|  |TAMS 0x0000000709300000, 0x0000000709300000| Untracked 
|  28|0x0000000709400000, 0x0000000709400000, 0x0000000709500000|  0%| F|  |TAMS 0x0000000709400000, 0x0000000709400000| Untracked 
|  29|0x0000000709500000, 0x0000000709500000, 0x0000000709600000|  0%| F|  |TAMS 0x0000000709500000, 0x0000000709500000| Untracked 
|  30|0x0000000709600000, 0x0000000709600000, 0x0000000709700000|  0%| F|  |TAMS 0x0000000709600000, 0x0000000709600000| Untracked 
|  31|0x0000000709700000, 0x0000000709700000, 0x0000000709800000|  0%| F|  |TAMS 0x0000000709700000, 0x0000000709700000| Untracked 
|  32|0x0000000709800000, 0x0000000709800000, 0x0000000709900000|  0%| F|  |TAMS 0x0000000709800000, 0x0000000709800000| Untracked 
|  33|0x0000000709900000, 0x0000000709900000, 0x0000000709a00000|  0%| F|  |TAMS 0x0000000709900000, 0x0000000709900000| Untracked 
|  34|0x0000000709a00000, 0x0000000709a00000, 0x0000000709b00000|  0%| F|  |TAMS 0x0000000709a00000, 0x0000000709a00000| Untracked 
|  35|0x0000000709b00000, 0x0000000709b00000, 0x0000000709c00000|  0%| F|  |TAMS 0x0000000709b00000, 0x0000000709b00000| Untracked 
|  36|0x0000000709c00000, 0x0000000709c00000, 0x0000000709d00000|  0%| F|  |TAMS 0x0000000709c00000, 0x0000000709c00000| Untracked 
|  37|0x0000000709d00000, 0x0000000709d00000, 0x0000000709e00000|  0%| F|  |TAMS 0x0000000709d00000, 0x0000000709d00000| Untracked 
|  38|0x0000000709e00000, 0x0000000709e00000, 0x0000000709f00000|  0%| F|  |TAMS 0x0000000709e00000, 0x0000000709e00000| Untracked 
|  39|0x0000000709f00000, 0x0000000709f00000, 0x000000070a000000|  0%| F|  |TAMS 0x0000000709f00000, 0x0000000709f00000| Untracked 
|  40|0x000000070a000000, 0x000000070a000000, 0x000000070a100000|  0%| F|  |TAMS 0x000000070a000000, 0x000000070a000000| Untracked 
|  41|0x000000070a100000, 0x000000070a100000, 0x000000070a200000|  0%| F|  |TAMS 0x000000070a100000, 0x000000070a100000| Untracked 
|  42|0x000000070a200000, 0x000000070a200000, 0x000000070a300000|  0%| F|  |TAMS 0x000000070a200000, 0x000000070a200000| Untracked 
|  43|0x000000070a300000, 0x000000070a300000, 0x000000070a400000|  0%| F|  |TAMS 0x000000070a300000, 0x000000070a300000| Untracked 
|  44|0x000000070a400000, 0x000000070a400000, 0x000000070a500000|  0%| F|  |TAMS 0x000000070a400000, 0x000000070a400000| Untracked 
|  45|0x000000070a500000, 0x000000070a500000, 0x000000070a600000|  0%| F|  |TAMS 0x000000070a500000, 0x000000070a500000| Untracked 
|  46|0x000000070a600000, 0x000000070a600000, 0x000000070a700000|  0%| F|  |TAMS 0x000000070a600000, 0x000000070a600000| Untracked 
|  47|0x000000070a700000, 0x000000070a700000, 0x000000070a800000|  0%| F|  |TAMS 0x000000070a700000, 0x000000070a700000| Untracked 
|  48|0x000000070a800000, 0x000000070a800000, 0x000000070a900000|  0%| F|  |TAMS 0x000000070a800000, 0x000000070a800000| Untracked 
|  49|0x000000070a900000, 0x000000070a900000, 0x000000070aa00000|  0%| F|  |TAMS 0x000000070a900000, 0x000000070a900000| Untracked 
|  50|0x000000070aa00000, 0x000000070aa00000, 0x000000070ab00000|  0%| F|  |TAMS 0x000000070aa00000, 0x000000070aa00000| Untracked 
|  51|0x000000070ab00000, 0x000000070ab00000, 0x000000070ac00000|  0%| F|  |TAMS 0x000000070ab00000, 0x000000070ab00000| Untracked 
|  52|0x000000070ac00000, 0x000000070ac00000, 0x000000070ad00000|  0%| F|  |TAMS 0x000000070ac00000, 0x000000070ac00000| Untracked 
|  53|0x000000070ad00000, 0x000000070ad00000, 0x000000070ae00000|  0%| F|  |TAMS 0x000000070ad00000, 0x000000070ad00000| Untracked 
|  54|0x000000070ae00000, 0x000000070ae00000, 0x000000070af00000|  0%| F|  |TAMS 0x000000070ae00000, 0x000000070ae00000| Untracked 
|  55|0x000000070af00000, 0x000000070af00000, 0x000000070b000000|  0%| F|  |TAMS 0x000000070af00000, 0x000000070af00000| Untracked 
|  56|0x000000070b000000, 0x000000070b000000, 0x000000070b100000|  0%| F|  |TAMS 0x000000070b000000, 0x000000070b000000| Untracked 
|  57|0x000000070b100000, 0x000000070b100000, 0x000000070b200000|  0%| F|  |TAMS 0x000000070b100000, 0x000000070b100000| Untracked 
|  58|0x000000070b200000, 0x000000070b200000, 0x000000070b300000|  0%| F|  |TAMS 0x000000070b200000, 0x000000070b200000| Untracked 
|  59|0x000000070b300000, 0x000000070b300000, 0x000000070b400000|  0%| F|  |TAMS 0x000000070b300000, 0x000000070b300000| Untracked 
|  60|0x000000070b400000, 0x000000070b400000, 0x000000070b500000|  0%| F|  |TAMS 0x000000070b400000, 0x000000070b400000| Untracked 
|  61|0x000000070b500000, 0x000000070b500000, 0x000000070b600000|  0%| F|  |TAMS 0x000000070b500000, 0x000000070b500000| Untracked 
|  62|0x000000070b600000, 0x000000070b600000, 0x000000070b700000|  0%| F|  |TAMS 0x000000070b600000, 0x000000070b600000| Untracked 
|  63|0x000000070b700000, 0x000000070b700000, 0x000000070b800000|  0%| F|  |TAMS 0x000000070b700000, 0x000000070b700000| Untracked 
|  64|0x000000070b800000, 0x000000070b800000, 0x000000070b900000|  0%| F|  |TAMS 0x000000070b800000, 0x000000070b800000| Untracked 
|  65|0x000000070b900000, 0x000000070b900000, 0x000000070ba00000|  0%| F|  |TAMS 0x000000070b900000, 0x000000070b900000| Untracked 
|  66|0x000000070ba00000, 0x000000070ba00000, 0x000000070bb00000|  0%| F|  |TAMS 0x000000070ba00000, 0x000000070ba00000| Untracked 
|  67|0x000000070bb00000, 0x000000070bb00000, 0x000000070bc00000|  0%| F|  |TAMS 0x000000070bb00000, 0x000000070bb00000| Untracked 
|  68|0x000000070bc00000, 0x000000070bc00000, 0x000000070bd00000|  0%| F|  |TAMS 0x000000070bc00000, 0x000000070bc00000| Untracked 
|  69|0x000000070bd00000, 0x000000070bd00000, 0x000000070be00000|  0%| F|  |TAMS 0x000000070bd00000, 0x000000070bd00000| Untracked 
|  70|0x000000070be00000, 0x000000070be00000, 0x000000070bf00000|  0%| F|  |TAMS 0x000000070be00000, 0x000000070be00000| Untracked 
|  71|0x000000070bf00000, 0x000000070bf00000, 0x000000070c000000|  0%| F|  |TAMS 0x000000070bf00000, 0x000000070bf00000| Untracked 
|  72|0x000000070c000000, 0x000000070c000000, 0x000000070c100000|  0%| F|  |TAMS 0x000000070c000000, 0x000000070c000000| Untracked 
|  73|0x000000070c100000, 0x000000070c100000, 0x000000070c200000|  0%| F|  |TAMS 0x000000070c100000, 0x000000070c100000| Untracked 
|  74|0x000000070c200000, 0x000000070c200000, 0x000000070c300000|  0%| F|  |TAMS 0x000000070c200000, 0x000000070c200000| Untracked 
|  75|0x000000070c300000, 0x000000070c300000, 0x000000070c400000|  0%| F|  |TAMS 0x000000070c300000, 0x000000070c300000| Untracked 
|  76|0x000000070c400000, 0x000000070c400000, 0x000000070c500000|  0%| F|  |TAMS 0x000000070c400000, 0x000000070c400000| Untracked 
|  77|0x000000070c500000, 0x000000070c500000, 0x000000070c600000|  0%| F|  |TAMS 0x000000070c500000, 0x000000070c500000| Untracked 
|  78|0x000000070c600000, 0x000000070c600000, 0x000000070c700000|  0%| F|  |TAMS 0x000000070c600000, 0x000000070c600000| Untracked 
|  79|0x000000070c700000, 0x000000070c700000, 0x000000070c800000|  0%| F|  |TAMS 0x000000070c700000, 0x000000070c700000| Untracked 
|  80|0x000000070c800000, 0x000000070c800000, 0x000000070c900000|  0%| F|  |TAMS 0x000000070c800000, 0x000000070c800000| Untracked 
|  81|0x000000070c900000, 0x000000070c900000, 0x000000070ca00000|  0%| F|  |TAMS 0x000000070c900000, 0x000000070c900000| Untracked 
|  82|0x000000070ca00000, 0x000000070ca00000, 0x000000070cb00000|  0%| F|  |TAMS 0x000000070ca00000, 0x000000070ca00000| Untracked 
|  83|0x000000070cb00000, 0x000000070cb00000, 0x000000070cc00000|  0%| F|  |TAMS 0x000000070cb00000, 0x000000070cb00000| Untracked 
|  84|0x000000070cc00000, 0x000000070cc00000, 0x000000070cd00000|  0%| F|  |TAMS 0x000000070cc00000, 0x000000070cc00000| Untracked 
|  85|0x000000070cd00000, 0x000000070cd00000, 0x000000070ce00000|  0%| F|  |TAMS 0x000000070cd00000, 0x000000070cd00000| Untracked 
|  86|0x000000070ce00000, 0x000000070ce00000, 0x000000070cf00000|  0%| F|  |TAMS 0x000000070ce00000, 0x000000070ce00000| Untracked 
|  87|0x000000070cf00000, 0x000000070cf00000, 0x000000070d000000|  0%| F|  |TAMS 0x000000070cf00000, 0x000000070cf00000| Untracked 
|  88|0x000000070d000000, 0x000000070d000000, 0x000000070d100000|  0%| F|  |TAMS 0x000000070d000000, 0x000000070d000000| Untracked 
|  89|0x000000070d100000, 0x000000070d100000, 0x000000070d200000|  0%| F|  |TAMS 0x000000070d100000, 0x000000070d100000| Untracked 
|  90|0x000000070d200000, 0x000000070d200000, 0x000000070d300000|  0%| F|  |TAMS 0x000000070d200000, 0x000000070d200000| Untracked 
|  91|0x000000070d300000, 0x000000070d300000, 0x000000070d400000|  0%| F|  |TAMS 0x000000070d300000, 0x000000070d300000| Untracked 
|  92|0x000000070d400000, 0x000000070d400000, 0x000000070d500000|  0%| F|  |TAMS 0x000000070d400000, 0x000000070d400000| Untracked 
|  93|0x000000070d500000, 0x000000070d500000, 0x000000070d600000|  0%| F|  |TAMS 0x000000070d500000, 0x000000070d500000| Untracked 
|  94|0x000000070d600000, 0x000000070d600000, 0x000000070d700000|  0%| F|  |TAMS 0x000000070d600000, 0x000000070d600000| Untracked 
|  95|0x000000070d700000, 0x000000070d700000, 0x000000070d800000|  0%| F|  |TAMS 0x000000070d700000, 0x000000070d700000| Untracked 
|  96|0x000000070d800000, 0x000000070d800000, 0x000000070d900000|  0%| F|  |TAMS 0x000000070d800000, 0x000000070d800000| Untracked 
|  97|0x000000070d900000, 0x000000070d900000, 0x000000070da00000|  0%| F|  |TAMS 0x000000070d900000, 0x000000070d900000| Untracked 
|  98|0x000000070da00000, 0x000000070da00000, 0x000000070db00000|  0%| F|  |TAMS 0x000000070da00000, 0x000000070da00000| Untracked 
|  99|0x000000070db00000, 0x000000070db00000, 0x000000070dc00000|  0%| F|  |TAMS 0x000000070db00000, 0x000000070db00000| Untracked 
| 100|0x000000070dc00000, 0x000000070dc00000, 0x000000070dd00000|  0%| F|  |TAMS 0x000000070dc00000, 0x000000070dc00000| Untracked 
| 101|0x000000070dd00000, 0x000000070dd00000, 0x000000070de00000|  0%| F|  |TAMS 0x000000070dd00000, 0x000000070dd00000| Untracked 
| 102|0x000000070de00000, 0x000000070de00000, 0x000000070df00000|  0%| F|  |TAMS 0x000000070de00000, 0x000000070de00000| Untracked 
| 103|0x000000070df00000, 0x000000070df00000, 0x000000070e000000|  0%| F|  |TAMS 0x000000070df00000, 0x000000070df00000| Untracked 
| 104|0x000000070e000000, 0x000000070e000000, 0x000000070e100000|  0%| F|  |TAMS 0x000000070e000000, 0x000000070e000000| Untracked 
| 105|0x000000070e100000, 0x000000070e100000, 0x000000070e200000|  0%| F|  |TAMS 0x000000070e100000, 0x000000070e100000| Untracked 
| 106|0x000000070e200000, 0x000000070e200000, 0x000000070e300000|  0%| F|  |TAMS 0x000000070e200000, 0x000000070e200000| Untracked 
| 107|0x000000070e300000, 0x000000070e300000, 0x000000070e400000|  0%| F|  |TAMS 0x000000070e300000, 0x000000070e300000| Untracked 
| 108|0x000000070e400000, 0x000000070e400000, 0x000000070e500000|  0%| F|  |TAMS 0x000000070e400000, 0x000000070e400000| Untracked 
| 109|0x000000070e500000, 0x000000070e500000, 0x000000070e600000|  0%| F|  |TAMS 0x000000070e500000, 0x000000070e500000| Untracked 
| 110|0x000000070e600000, 0x000000070e600000, 0x000000070e700000|  0%| F|  |TAMS 0x000000070e600000, 0x000000070e600000| Untracked 
| 111|0x000000070e700000, 0x000000070e700000, 0x000000070e800000|  0%| F|  |TAMS 0x000000070e700000, 0x000000070e700000| Untracked 
| 112|0x000000070e800000, 0x000000070e800000, 0x000000070e900000|  0%| F|  |TAMS 0x000000070e800000, 0x000000070e800000| Untracked 
| 113|0x000000070e900000, 0x000000070e900000, 0x000000070ea00000|  0%| F|  |TAMS 0x000000070e900000, 0x000000070e900000| Untracked 
| 114|0x000000070ea00000, 0x000000070ea00000, 0x000000070eb00000|  0%| F|  |TAMS 0x000000070ea00000, 0x000000070ea00000| Untracked 
| 115|0x000000070eb00000, 0x000000070eb00000, 0x000000070ec00000|  0%| F|  |TAMS 0x000000070eb00000, 0x000000070eb00000| Untracked 
| 116|0x000000070ec00000, 0x000000070ec00000, 0x000000070ed00000|  0%| F|  |TAMS 0x000000070ec00000, 0x000000070ec00000| Untracked 
| 117|0x000000070ed00000, 0x000000070ed00000, 0x000000070ee00000|  0%| F|  |TAMS 0x000000070ed00000, 0x000000070ed00000| Untracked 
| 118|0x000000070ee00000, 0x000000070ee00000, 0x000000070ef00000|  0%| F|  |TAMS 0x000000070ee00000, 0x000000070ee00000| Untracked 
| 119|0x000000070ef00000, 0x000000070ef00000, 0x000000070f000000|  0%| F|  |TAMS 0x000000070ef00000, 0x000000070ef00000| Untracked 
| 120|0x000000070f000000, 0x000000070f000000, 0x000000070f100000|  0%| F|  |TAMS 0x000000070f000000, 0x000000070f000000| Untracked 
| 121|0x000000070f100000, 0x000000070f100000, 0x000000070f200000|  0%| F|  |TAMS 0x000000070f100000, 0x000000070f100000| Untracked 
| 122|0x000000070f200000, 0x000000070f200000, 0x000000070f300000|  0%| F|  |TAMS 0x000000070f200000, 0x000000070f200000| Untracked 
| 123|0x000000070f300000, 0x000000070f300000, 0x000000070f400000|  0%| F|  |TAMS 0x000000070f300000, 0x000000070f300000| Untracked 
| 124|0x000000070f400000, 0x000000070f400000, 0x000000070f500000|  0%| F|  |TAMS 0x000000070f400000, 0x000000070f400000| Untracked 
| 125|0x000000070f500000, 0x000000070f500000, 0x000000070f600000|  0%| F|  |TAMS 0x000000070f500000, 0x000000070f500000| Untracked 
| 126|0x000000070f600000, 0x000000070f600000, 0x000000070f700000|  0%| F|  |TAMS 0x000000070f600000, 0x000000070f600000| Untracked 
| 127|0x000000070f700000, 0x000000070f700000, 0x000000070f800000|  0%| F|  |TAMS 0x000000070f700000, 0x000000070f700000| Untracked 
| 128|0x000000070f800000, 0x000000070f800000, 0x000000070f900000|  0%| F|  |TAMS 0x000000070f800000, 0x000000070f800000| Untracked 
| 129|0x000000070f900000, 0x000000070f900000, 0x000000070fa00000|  0%| F|  |TAMS 0x000000070f900000, 0x000000070f900000| Untracked 
| 130|0x000000070fa00000, 0x000000070fa00000, 0x000000070fb00000|  0%| F|  |TAMS 0x000000070fa00000, 0x000000070fa00000| Untracked 
| 131|0x000000070fb00000, 0x000000070fb00000, 0x000000070fc00000|  0%| F|  |TAMS 0x000000070fb00000, 0x000000070fb00000| Untracked 
| 132|0x000000070fc00000, 0x000000070fc00000, 0x000000070fd00000|  0%| F|  |TAMS 0x000000070fc00000, 0x000000070fc00000| Untracked 
| 133|0x000000070fd00000, 0x000000070fd00000, 0x000000070fe00000|  0%| F|  |TAMS 0x000000070fd00000, 0x000000070fd00000| Untracked 
| 134|0x000000070fe00000, 0x000000070fe00000, 0x000000070ff00000|  0%| F|  |TAMS 0x000000070fe00000, 0x000000070fe00000| Untracked 
| 135|0x000000070ff00000, 0x000000070ff00000, 0x0000000710000000|  0%| F|  |TAMS 0x000000070ff00000, 0x000000070ff00000| Untracked 
| 136|0x0000000710000000, 0x0000000710000000, 0x0000000710100000|  0%| F|  |TAMS 0x0000000710000000, 0x0000000710000000| Untracked 
| 137|0x0000000710100000, 0x0000000710100000, 0x0000000710200000|  0%| F|  |TAMS 0x0000000710100000, 0x0000000710100000| Untracked 
| 138|0x0000000710200000, 0x0000000710200000, 0x0000000710300000|  0%| F|  |TAMS 0x0000000710200000, 0x0000000710200000| Untracked 
| 139|0x0000000710300000, 0x0000000710300000, 0x0000000710400000|  0%| F|  |TAMS 0x0000000710300000, 0x0000000710300000| Untracked 
| 140|0x0000000710400000, 0x0000000710400000, 0x0000000710500000|  0%| F|  |TAMS 0x0000000710400000, 0x0000000710400000| Untracked 
| 141|0x0000000710500000, 0x0000000710500000, 0x0000000710600000|  0%| F|  |TAMS 0x0000000710500000, 0x0000000710500000| Untracked 
| 142|0x0000000710600000, 0x0000000710600000, 0x0000000710700000|  0%| F|  |TAMS 0x0000000710600000, 0x0000000710600000| Untracked 
| 143|0x0000000710700000, 0x0000000710700000, 0x0000000710800000|  0%| F|  |TAMS 0x0000000710700000, 0x0000000710700000| Untracked 
| 144|0x0000000710800000, 0x0000000710800000, 0x0000000710900000|  0%| F|  |TAMS 0x0000000710800000, 0x0000000710800000| Untracked 
| 145|0x0000000710900000, 0x0000000710900000, 0x0000000710a00000|  0%| F|  |TAMS 0x0000000710900000, 0x0000000710900000| Untracked 
| 146|0x0000000710a00000, 0x0000000710a00000, 0x0000000710b00000|  0%| F|  |TAMS 0x0000000710a00000, 0x0000000710a00000| Untracked 
| 147|0x0000000710b00000, 0x0000000710b00000, 0x0000000710c00000|  0%| F|  |TAMS 0x0000000710b00000, 0x0000000710b00000| Untracked 
| 148|0x0000000710c00000, 0x0000000710c00000, 0x0000000710d00000|  0%| F|  |TAMS 0x0000000710c00000, 0x0000000710c00000| Untracked 
| 149|0x0000000710d00000, 0x0000000710d00000, 0x0000000710e00000|  0%| F|  |TAMS 0x0000000710d00000, 0x0000000710d00000| Untracked 
| 150|0x0000000710e00000, 0x0000000710e00000, 0x0000000710f00000|  0%| F|  |TAMS 0x0000000710e00000, 0x0000000710e00000| Untracked 
| 151|0x0000000710f00000, 0x0000000710f00000, 0x0000000711000000|  0%| F|  |TAMS 0x0000000710f00000, 0x0000000710f00000| Untracked 
| 152|0x0000000711000000, 0x0000000711000000, 0x0000000711100000|  0%| F|  |TAMS 0x0000000711000000, 0x0000000711000000| Untracked 
| 153|0x0000000711100000, 0x0000000711100000, 0x0000000711200000|  0%| F|  |TAMS 0x0000000711100000, 0x0000000711100000| Untracked 
| 154|0x0000000711200000, 0x0000000711200000, 0x0000000711300000|  0%| F|  |TAMS 0x0000000711200000, 0x0000000711200000| Untracked 
| 155|0x0000000711300000, 0x0000000711300000, 0x0000000711400000|  0%| F|  |TAMS 0x0000000711300000, 0x0000000711300000| Untracked 
| 156|0x0000000711400000, 0x0000000711400000, 0x0000000711500000|  0%| F|  |TAMS 0x0000000711400000, 0x0000000711400000| Untracked 
| 157|0x0000000711500000, 0x0000000711500000, 0x0000000711600000|  0%| F|  |TAMS 0x0000000711500000, 0x0000000711500000| Untracked 
| 158|0x0000000711600000, 0x0000000711600000, 0x0000000711700000|  0%| F|  |TAMS 0x0000000711600000, 0x0000000711600000| Untracked 
| 159|0x0000000711700000, 0x0000000711700000, 0x0000000711800000|  0%| F|  |TAMS 0x0000000711700000, 0x0000000711700000| Untracked 
| 160|0x0000000711800000, 0x0000000711800000, 0x0000000711900000|  0%| F|  |TAMS 0x0000000711800000, 0x0000000711800000| Untracked 
| 161|0x0000000711900000, 0x0000000711900000, 0x0000000711a00000|  0%| F|  |TAMS 0x0000000711900000, 0x0000000711900000| Untracked 
| 162|0x0000000711a00000, 0x0000000711a00000, 0x0000000711b00000|  0%| F|  |TAMS 0x0000000711a00000, 0x0000000711a00000| Untracked 
| 163|0x0000000711b00000, 0x0000000711b00000, 0x0000000711c00000|  0%| F|  |TAMS 0x0000000711b00000, 0x0000000711b00000| Untracked 
| 164|0x0000000711c00000, 0x0000000711c00000, 0x0000000711d00000|  0%| F|  |TAMS 0x0000000711c00000, 0x0000000711c00000| Untracked 
| 165|0x0000000711d00000, 0x0000000711d00000, 0x0000000711e00000|  0%| F|  |TAMS 0x0000000711d00000, 0x0000000711d00000| Untracked 
| 166|0x0000000711e00000, 0x0000000711e00000, 0x0000000711f00000|  0%| F|  |TAMS 0x0000000711e00000, 0x0000000711e00000| Untracked 
| 167|0x0000000711f00000, 0x0000000711f00000, 0x0000000712000000|  0%| F|  |TAMS 0x0000000711f00000, 0x0000000711f00000| Untracked 
| 168|0x0000000712000000, 0x0000000712000000, 0x0000000712100000|  0%| F|  |TAMS 0x0000000712000000, 0x0000000712000000| Untracked 
| 169|0x0000000712100000, 0x0000000712100000, 0x0000000712200000|  0%| F|  |TAMS 0x0000000712100000, 0x0000000712100000| Untracked 
| 170|0x0000000712200000, 0x0000000712200000, 0x0000000712300000|  0%| F|  |TAMS 0x0000000712200000, 0x0000000712200000| Untracked 
| 171|0x0000000712300000, 0x0000000712300000, 0x0000000712400000|  0%| F|  |TAMS 0x0000000712300000, 0x0000000712300000| Untracked 
| 172|0x0000000712400000, 0x0000000712400000, 0x0000000712500000|  0%| F|  |TAMS 0x0000000712400000, 0x0000000712400000| Untracked 
| 173|0x0000000712500000, 0x0000000712500000, 0x0000000712600000|  0%| F|  |TAMS 0x0000000712500000, 0x0000000712500000| Untracked 
| 174|0x0000000712600000, 0x0000000712600000, 0x0000000712700000|  0%| F|  |TAMS 0x0000000712600000, 0x0000000712600000| Untracked 
| 175|0x0000000712700000, 0x0000000712700000, 0x0000000712800000|  0%| F|  |TAMS 0x0000000712700000, 0x0000000712700000| Untracked 
| 176|0x0000000712800000, 0x0000000712800000, 0x0000000712900000|  0%| F|  |TAMS 0x0000000712800000, 0x0000000712800000| Untracked 
| 177|0x0000000712900000, 0x0000000712900000, 0x0000000712a00000|  0%| F|  |TAMS 0x0000000712900000, 0x0000000712900000| Untracked 
| 178|0x0000000712a00000, 0x0000000712a00000, 0x0000000712b00000|  0%| F|  |TAMS 0x0000000712a00000, 0x0000000712a00000| Untracked 
| 179|0x0000000712b00000, 0x0000000712b00000, 0x0000000712c00000|  0%| F|  |TAMS 0x0000000712b00000, 0x0000000712b00000| Untracked 
| 180|0x0000000712c00000, 0x0000000712c00000, 0x0000000712d00000|  0%| F|  |TAMS 0x0000000712c00000, 0x0000000712c00000| Untracked 
| 181|0x0000000712d00000, 0x0000000712d00000, 0x0000000712e00000|  0%| F|  |TAMS 0x0000000712d00000, 0x0000000712d00000| Untracked 
| 182|0x0000000712e00000, 0x0000000712e00000, 0x0000000712f00000|  0%| F|  |TAMS 0x0000000712e00000, 0x0000000712e00000| Untracked 
| 183|0x0000000712f00000, 0x0000000712f00000, 0x0000000713000000|  0%| F|  |TAMS 0x0000000712f00000, 0x0000000712f00000| Untracked 
| 184|0x0000000713000000, 0x0000000713000000, 0x0000000713100000|  0%| F|  |TAMS 0x0000000713000000, 0x0000000713000000| Untracked 
| 185|0x0000000713100000, 0x0000000713100000, 0x0000000713200000|  0%| F|  |TAMS 0x0000000713100000, 0x0000000713100000| Untracked 
| 186|0x0000000713200000, 0x0000000713200000, 0x0000000713300000|  0%| F|  |TAMS 0x0000000713200000, 0x0000000713200000| Untracked 
| 187|0x0000000713300000, 0x0000000713300000, 0x0000000713400000|  0%| F|  |TAMS 0x0000000713300000, 0x0000000713300000| Untracked 
| 188|0x0000000713400000, 0x0000000713400000, 0x0000000713500000|  0%| F|  |TAMS 0x0000000713400000, 0x0000000713400000| Untracked 
| 189|0x0000000713500000, 0x0000000713500000, 0x0000000713600000|  0%| F|  |TAMS 0x0000000713500000, 0x0000000713500000| Untracked 
| 190|0x0000000713600000, 0x0000000713600000, 0x0000000713700000|  0%| F|  |TAMS 0x0000000713600000, 0x0000000713600000| Untracked 
| 191|0x0000000713700000, 0x0000000713700000, 0x0000000713800000|  0%| F|  |TAMS 0x0000000713700000, 0x0000000713700000| Untracked 
| 192|0x0000000713800000, 0x0000000713800000, 0x0000000713900000|  0%| F|  |TAMS 0x0000000713800000, 0x0000000713800000| Untracked 
| 193|0x0000000713900000, 0x0000000713900000, 0x0000000713a00000|  0%| F|  |TAMS 0x0000000713900000, 0x0000000713900000| Untracked 
| 194|0x0000000713a00000, 0x0000000713a00000, 0x0000000713b00000|  0%| F|  |TAMS 0x0000000713a00000, 0x0000000713a00000| Untracked 
| 195|0x0000000713b00000, 0x0000000713b00000, 0x0000000713c00000|  0%| F|  |TAMS 0x0000000713b00000, 0x0000000713b00000| Untracked 
| 196|0x0000000713c00000, 0x0000000713c00000, 0x0000000713d00000|  0%| F|  |TAMS 0x0000000713c00000, 0x0000000713c00000| Untracked 
| 197|0x0000000713d00000, 0x0000000713d00000, 0x0000000713e00000|  0%| F|  |TAMS 0x0000000713d00000, 0x0000000713d00000| Untracked 
| 198|0x0000000713e00000, 0x0000000713e00000, 0x0000000713f00000|  0%| F|  |TAMS 0x0000000713e00000, 0x0000000713e00000| Untracked 
| 199|0x0000000713f00000, 0x0000000713f00000, 0x0000000714000000|  0%| F|  |TAMS 0x0000000713f00000, 0x0000000713f00000| Untracked 
| 200|0x0000000714000000, 0x0000000714000000, 0x0000000714100000|  0%| F|  |TAMS 0x0000000714000000, 0x0000000714000000| Untracked 
| 201|0x0000000714100000, 0x0000000714100000, 0x0000000714200000|  0%| F|  |TAMS 0x0000000714100000, 0x0000000714100000| Untracked 
| 202|0x0000000714200000, 0x0000000714200000, 0x0000000714300000|  0%| F|  |TAMS 0x0000000714200000, 0x0000000714200000| Untracked 
| 203|0x0000000714300000, 0x0000000714300000, 0x0000000714400000|  0%| F|  |TAMS 0x0000000714300000, 0x0000000714300000| Untracked 
| 204|0x0000000714400000, 0x0000000714400000, 0x0000000714500000|  0%| F|  |TAMS 0x0000000714400000, 0x0000000714400000| Untracked 
| 205|0x0000000714500000, 0x0000000714500000, 0x0000000714600000|  0%| F|  |TAMS 0x0000000714500000, 0x0000000714500000| Untracked 
| 206|0x0000000714600000, 0x0000000714600000, 0x0000000714700000|  0%| F|  |TAMS 0x0000000714600000, 0x0000000714600000| Untracked 
| 207|0x0000000714700000, 0x0000000714700000, 0x0000000714800000|  0%| F|  |TAMS 0x0000000714700000, 0x0000000714700000| Untracked 
| 208|0x0000000714800000, 0x0000000714800000, 0x0000000714900000|  0%| F|  |TAMS 0x0000000714800000, 0x0000000714800000| Untracked 
| 209|0x0000000714900000, 0x0000000714900000, 0x0000000714a00000|  0%| F|  |TAMS 0x0000000714900000, 0x0000000714900000| Untracked 
| 210|0x0000000714a00000, 0x0000000714a00000, 0x0000000714b00000|  0%| F|  |TAMS 0x0000000714a00000, 0x0000000714a00000| Untracked 
| 211|0x0000000714b00000, 0x0000000714b00000, 0x0000000714c00000|  0%| F|  |TAMS 0x0000000714b00000, 0x0000000714b00000| Untracked 
| 212|0x0000000714c00000, 0x0000000714c00000, 0x0000000714d00000|  0%| F|  |TAMS 0x0000000714c00000, 0x0000000714c00000| Untracked 
| 213|0x0000000714d00000, 0x0000000714d00000, 0x0000000714e00000|  0%| F|  |TAMS 0x0000000714d00000, 0x0000000714d00000| Untracked 
| 214|0x0000000714e00000, 0x0000000714e00000, 0x0000000714f00000|  0%| F|  |TAMS 0x0000000714e00000, 0x0000000714e00000| Untracked 
| 215|0x0000000714f00000, 0x0000000714f00000, 0x0000000715000000|  0%| F|  |TAMS 0x0000000714f00000, 0x0000000714f00000| Untracked 
| 216|0x0000000715000000, 0x0000000715000000, 0x0000000715100000|  0%| F|  |TAMS 0x0000000715000000, 0x0000000715000000| Untracked 
| 217|0x0000000715100000, 0x0000000715100000, 0x0000000715200000|  0%| F|  |TAMS 0x0000000715100000, 0x0000000715100000| Untracked 
| 218|0x0000000715200000, 0x0000000715200000, 0x0000000715300000|  0%| F|  |TAMS 0x0000000715200000, 0x0000000715200000| Untracked 
| 219|0x0000000715300000, 0x0000000715300000, 0x0000000715400000|  0%| F|  |TAMS 0x0000000715300000, 0x0000000715300000| Untracked 
| 220|0x0000000715400000, 0x0000000715400000, 0x0000000715500000|  0%| F|  |TAMS 0x0000000715400000, 0x0000000715400000| Untracked 
| 221|0x0000000715500000, 0x0000000715500000, 0x0000000715600000|  0%| F|  |TAMS 0x0000000715500000, 0x0000000715500000| Untracked 
| 222|0x0000000715600000, 0x0000000715600000, 0x0000000715700000|  0%| F|  |TAMS 0x0000000715600000, 0x0000000715600000| Untracked 
| 223|0x0000000715700000, 0x0000000715700000, 0x0000000715800000|  0%| F|  |TAMS 0x0000000715700000, 0x0000000715700000| Untracked 
| 224|0x0000000715800000, 0x0000000715800000, 0x0000000715900000|  0%| F|  |TAMS 0x0000000715800000, 0x0000000715800000| Untracked 
| 225|0x0000000715900000, 0x0000000715900000, 0x0000000715a00000|  0%| F|  |TAMS 0x0000000715900000, 0x0000000715900000| Untracked 
| 226|0x0000000715a00000, 0x0000000715a00000, 0x0000000715b00000|  0%| F|  |TAMS 0x0000000715a00000, 0x0000000715a00000| Untracked 
| 227|0x0000000715b00000, 0x0000000715b00000, 0x0000000715c00000|  0%| F|  |TAMS 0x0000000715b00000, 0x0000000715b00000| Untracked 
| 228|0x0000000715c00000, 0x0000000715c00000, 0x0000000715d00000|  0%| F|  |TAMS 0x0000000715c00000, 0x0000000715c00000| Untracked 
| 229|0x0000000715d00000, 0x0000000715d00000, 0x0000000715e00000|  0%| F|  |TAMS 0x0000000715d00000, 0x0000000715d00000| Untracked 
| 230|0x0000000715e00000, 0x0000000715e00000, 0x0000000715f00000|  0%| F|  |TAMS 0x0000000715e00000, 0x0000000715e00000| Untracked 
| 231|0x0000000715f00000, 0x0000000715f00000, 0x0000000716000000|  0%| F|  |TAMS 0x0000000715f00000, 0x0000000715f00000| Untracked 
| 232|0x0000000716000000, 0x0000000716000000, 0x0000000716100000|  0%| F|  |TAMS 0x0000000716000000, 0x0000000716000000| Untracked 
| 233|0x0000000716100000, 0x0000000716100000, 0x0000000716200000|  0%| F|  |TAMS 0x0000000716100000, 0x0000000716100000| Untracked 
| 234|0x0000000716200000, 0x0000000716200000, 0x0000000716300000|  0%| F|  |TAMS 0x0000000716200000, 0x0000000716200000| Untracked 
| 235|0x0000000716300000, 0x0000000716300000, 0x0000000716400000|  0%| F|  |TAMS 0x0000000716300000, 0x0000000716300000| Untracked 
| 236|0x0000000716400000, 0x0000000716400000, 0x0000000716500000|  0%| F|  |TAMS 0x0000000716400000, 0x0000000716400000| Untracked 
| 237|0x0000000716500000, 0x0000000716500000, 0x0000000716600000|  0%| F|  |TAMS 0x0000000716500000, 0x0000000716500000| Untracked 
| 238|0x0000000716600000, 0x0000000716700000, 0x0000000716700000|100%| E|  |TAMS 0x0000000716600000, 0x0000000716600000| Complete 
| 239|0x0000000716700000, 0x0000000716800000, 0x0000000716800000|100%| E|CS|TAMS 0x0000000716700000, 0x0000000716700000| Complete 
| 240|0x0000000716800000, 0x0000000716900000, 0x0000000716900000|100%| E|CS|TAMS 0x0000000716800000, 0x0000000716800000| Complete 
| 241|0x0000000716900000, 0x0000000716a00000, 0x0000000716a00000|100%| E|CS|TAMS 0x0000000716900000, 0x0000000716900000| Complete 
| 242|0x0000000716a00000, 0x0000000716b00000, 0x0000000716b00000|100%| E|CS|TAMS 0x0000000716a00000, 0x0000000716a00000| Complete 
| 243|0x0000000716b00000, 0x0000000716c00000, 0x0000000716c00000|100%| E|  |TAMS 0x0000000716b00000, 0x0000000716b00000| Complete 
| 244|0x0000000716c00000, 0x0000000716d00000, 0x0000000716d00000|100%| E|CS|TAMS 0x0000000716c00000, 0x0000000716c00000| Complete 
| 245|0x0000000716d00000, 0x0000000716e00000, 0x0000000716e00000|100%| E|CS|TAMS 0x0000000716d00000, 0x0000000716d00000| Complete 
| 246|0x0000000716e00000, 0x0000000716f00000, 0x0000000716f00000|100%| E|CS|TAMS 0x0000000716e00000, 0x0000000716e00000| Complete 
| 247|0x0000000716f00000, 0x0000000717000000, 0x0000000717000000|100%| E|CS|TAMS 0x0000000716f00000, 0x0000000716f00000| Complete 
| 248|0x0000000717000000, 0x0000000717100000, 0x0000000717100000|100%| E|CS|TAMS 0x0000000717000000, 0x0000000717000000| Complete 
| 249|0x0000000717100000, 0x0000000717200000, 0x0000000717200000|100%| E|CS|TAMS 0x0000000717100000, 0x0000000717100000| Complete 
|2950|0x00000007bfe00000, 0x00000007bfe47000, 0x00000007bff00000| 27%|OA|  |TAMS 0x00000007bfe00000, 0x00000007bfe00000| Untracked 
|2951|0x00000007bff00000, 0x00000007bff6b000, 0x00000007c0000000| 41%|CA|  |TAMS 0x00000007bff00000, 0x00000007bff00000| Untracked 

Card table byte_map: [0x00007fc025f95000,0x00007fc026759000] _byte_map_base: 0x00007fc022759000

Marking Bits (Prev, Next): (CMBitMap*) 0x00007fc04007d398, (CMBitMap*) 0x00007fc04007d3d0
 Prev Bits: [0x00007fc01c1e0000, 0x00007fc020000000)
 Next Bits: [0x00007fc0183c0000, 0x00007fc01c1e0000)

Polling page: 0x00007fc04706f000

Metaspace:

Usage:
  Non-class:      7,51 MB capacity,     7,35 MB ( 98%) used,   127,34 KB (  2%) free+waste,    34,38 KB ( <1%) overhead. 
      Class:      1,02 MB capacity,   856,48 KB ( 82%) used,   172,27 KB ( 16%) free+waste,    20,25 KB (  2%) overhead. 
       Both:      8,53 MB capacity,     8,19 MB ( 96%) used,   299,60 KB (  3%) free+waste,    54,62 KB ( <1%) overhead. 

Virtual space:
  Non-class space:        8,00 MB reserved,       7,75 MB ( 97%) committed 
      Class space:        1,00 GB reserved,       1,12 MB ( <1%) committed 
             Both:        1,01 GB reserved,       8,88 MB ( <1%) committed 

Chunk freelists:
   Non-Class:  54,00 KB
       Class:  7,00 KB
        Both:  61,00 KB

MaxMetaspaceSize: unlimited
CompressedClassSpaceSize: 1,00 GB

CodeHeap 'non-profiled nmethods': size=120032Kb used=394Kb max_used=394Kb free=119637Kb
 bounds [0x00007fc02f4c5000, 0x00007fc02f735000, 0x00007fc0369fd000]
CodeHeap 'profiled nmethods': size=120028Kb used=2731Kb max_used=2731Kb free=117296Kb
 bounds [0x00007fc027f8e000, 0x00007fc02823e000, 0x00007fc02f4c5000]
CodeHeap 'non-nmethods': size=5700Kb used=1216Kb max_used=1231Kb free=4483Kb
 bounds [0x00007fc0279fd000, 0x00007fc027c6d000, 0x00007fc027f8e000]
 total_blobs=1945 nmethods=1351 adapters=506
 compilation: enabled
              stopped_count=0, restarted_count=0
 full_count=0

Compilation events (20 events):
Event: 15300,175 Thread 0x00007fc0401de800 1342   !   3       jdk.internal.ref.PhantomCleanable::isListEmpty (34 bytes)
Event: 15300,176 Thread 0x00007fc0401de800 nmethod 1342 0x00007fc028220f10 code [0x00007fc0282210c0, 0x00007fc028221410]
Event: 15300,176 Thread 0x00007fc0401de800 1343       3       jdk.internal.misc.InnocuousThread::eraseThreadLocals (23 bytes)
Event: 15300,177 Thread 0x00007fc0401de800 nmethod 1343 0x00007fc028221510 code [0x00007fc0282216c0, 0x00007fc0282218d0]
Event: 19220,112 Thread 0x00007fc0401dc800 1344   !   4       java.util.Vector$Itr::next (63 bytes)
Event: 19220,123 Thread 0x00007fc0401dc800 nmethod 1344 0x00007fc02f526f90 code [0x00007fc02f527120, 0x00007fc02f527478]
Event: 20731,108 Thread 0x00007fc0401de800 1345       3       sun.awt.XSettings$Update::updateOne (296 bytes)
Event: 20731,109 Thread 0x00007fc0401de800 nmethod 1345 0x00007fc028221990 code [0x00007fc028221d20, 0x00007fc028222de0]
Event: 20731,109 Thread 0x00007fc0401de800 1346       3       sun.awt.XSettings$Update::getCARD16 (97 bytes)
Event: 20731,110 Thread 0x00007fc0401de800 nmethod 1346 0x00007fc028223590 code [0x00007fc028223760, 0x00007fc0282239e0]
Event: 20753,612 Thread 0x00007fc0401de800 1347       3       java.lang.invoke.DirectMethodHandle$Holder::invokeStatic (15 bytes)
Event: 20753,612 Thread 0x00007fc0401de800 nmethod 1347 0x00007fc028223b90 code [0x00007fc028223d60, 0x00007fc028224250]
Event: 20774,814 Thread 0x00007fc0401de800 1348       3       java.lang.Integer::numberOfLeadingZeros (78 bytes)
Event: 20774,815 Thread 0x00007fc0401de800 nmethod 1348 0x00007fc028224390 code [0x00007fc028224540, 0x00007fc0282247d0]
Event: 24116,989 Thread 0x00007fc0401dc800 1349       4       java.lang.Thread::isInterrupted (6 bytes)
Event: 24116,990 Thread 0x00007fc0401dc800 nmethod 1349 0x00007fc02f527690 code [0x00007fc02f527820, 0x00007fc02f5278e8]
Event: 24632,002 Thread 0x00007fc0401de800 1350 % !   3       sun.awt.X11.XToolkit::run @ 59 (384 bytes)
Event: 24632,029 Thread 0x00007fc0401de800 nmethod 1350% 0x00007fc028224890 code [0x00007fc0282252a0, 0x00007fc02822c360]
Event: 25053,777 Thread 0x00007fc0401de800 1351 % !   3       sun.awt.X11.XToolkit::run @ 8 (384 bytes)
Event: 25053,787 Thread 0x00007fc0401de800 nmethod 1351% 0x00007fc02822f510 code [0x00007fc02822ff00, 0x00007fc028235f00]

GC Heap History (0 events):
No events

Deoptimization events (0 events):
No events

Classes redefined (0 events):
No events

Internal exceptions (20 events):
Event: 9,913 Thread 0x00007fbfb8007800 Exception <a 'java/lang/OutOfMemoryError'{0x000000071685c6f8}: Can't create offscreen surface> (0x000000071685c6f8) thrown at [src/hotspot/share/prims/jni.cpp, line 636]
Event: 9,989 Thread 0x00007fbfb8007800 Exception <a 'java/lang/OutOfMemoryError'{0x00000007168630b8}: Can't create offscreen surface> (0x00000007168630b8) thrown at [src/hotspot/share/prims/jni.cpp, line 636]
Event: 10,068 Thread 0x00007fbfb8007800 Exception <a 'java/lang/OutOfMemoryError'{0x0000000716869a98}: Can't create offscreen surface> (0x0000000716869a98) thrown at [src/hotspot/share/prims/jni.cpp, line 636]
Event: 11,060 Thread 0x00007fbfb8007800 Exception <a 'java/lang/OutOfMemoryError'{0x0000000716870458}: Can't create offscreen surface> (0x0000000716870458) thrown at [src/hotspot/share/prims/jni.cpp, line 636]
Event: 11,156 Thread 0x00007fbfb8007800 Exception <a 'java/lang/OutOfMemoryError'{0x0000000716876e18}: Can't create offscreen surface> (0x0000000716876e18) thrown at [src/hotspot/share/prims/jni.cpp, line 636]
Event: 12,589 Thread 0x00007fbfb8007800 Exception <a 'java/lang/OutOfMemoryError'{0x000000071687e410}: Can't create offscreen surface> (0x000000071687e410) thrown at [src/hotspot/share/prims/jni.cpp, line 636]
Event: 12,682 Thread 0x00007fbfb8007800 Exception <a 'java/lang/OutOfMemoryError'{0x0000000716885960}: Can't create offscreen surface> (0x0000000716885960) thrown at [src/hotspot/share/prims/jni.cpp, line 636]
Event: 12,726 Thread 0x00007fbfb8007800 Exception <a 'java/lang/OutOfMemoryError'{0x000000071688a0c0}: Can't create offscreen surface> (0x000000071688a0c0) thrown at [src/hotspot/share/prims/jni.cpp, line 636]
Event: 12,757 Thread 0x00007fbfb8007800 Exception <a 'java/lang/OutOfMemoryError'{0x000000071688e810}: Can't create offscreen surface> (0x000000071688e810) thrown at [src/hotspot/share/prims/jni.cpp, line 636]
Event: 13,741 Thread 0x00007fbfb8007800 Exception <a 'java/lang/OutOfMemoryError'{0x0000000716895580}: Can't create offscreen surface> (0x0000000716895580) thrown at [src/hotspot/share/prims/jni.cpp, line 636]
Event: 13,810 Thread 0x00007fbfb8007800 Exception <a 'java/lang/OutOfMemoryError'{0x0000000716899ce0}: Can't create offscreen surface> (0x0000000716899ce0) thrown at [src/hotspot/share/prims/jni.cpp, line 636]
Event: 13,839 Thread 0x00007fbfb8007800 Exception <a 'java/lang/OutOfMemoryError'{0x000000071689e460}: Can't create offscreen surface> (0x000000071689e460) thrown at [src/hotspot/share/prims/jni.cpp, line 636]
Event: 13,876 Thread 0x00007fbfb8007800 Exception <a 'java/lang/OutOfMemoryError'{0x00000007168a2bc0}: Can't create offscreen surface> (0x00000007168a2bc0) thrown at [src/hotspot/share/prims/jni.cpp, line 636]
Event: 13,923 Thread 0x00007fbfb8007800 Exception <a 'java/lang/OutOfMemoryError'{0x00000007168a9b60}: Can't create offscreen surface> (0x00000007168a9b60) thrown at [src/hotspot/share/prims/jni.cpp, line 636]
Event: 15,679 Thread 0x00007fbfb8007800 Exception <a 'java/lang/OutOfMemoryError'{0x00000007168b4b88}: Can't create offscreen surface> (0x00000007168b4b88) thrown at [src/hotspot/share/prims/jni.cpp, line 636]
Event: 15,768 Thread 0x00007fbfb8007800 Exception <a 'java/lang/OutOfMemoryError'{0x00000007168bc0d8}: Can't create offscreen surface> (0x00000007168bc0d8) thrown at [src/hotspot/share/prims/jni.cpp, line 636]
Event: 15,804 Thread 0x00007fbfb8007800 Exception <a 'java/lang/OutOfMemoryError'{0x00000007168c08a8}: Can't create offscreen surface> (0x00000007168c08a8) thrown at [src/hotspot/share/prims/jni.cpp, line 636]
Event: 15,886 Thread 0x00007fbfb8007800 Exception <a 'java/lang/OutOfMemoryError'{0x00000007168c7df8}: Can't create offscreen surface> (0x00000007168c7df8) thrown at [src/hotspot/share/prims/jni.cpp, line 636]
Event: 16,039 Thread 0x00007fbfb8007800 Exception <a 'java/lang/OutOfMemoryError'{0x00000007168cc5a8}: Can't create offscreen surface> (0x00000007168cc5a8) thrown at [src/hotspot/share/prims/jni.cpp, line 636]
Event: 16,095 Thread 0x00007fbfb8007800 Exception <a 'java/lang/OutOfMemoryError'{0x00000007168d3ba8}: Can't create offscreen surface> (0x00000007168d3ba8) thrown at [src/hotspot/share/prims/jni.cpp, line 636]

Events (20 events):
Event: 2078,455 Executing VM operation: RevokeBias
Event: 2078,455 Executing VM operation: RevokeBias done
Event: 2078,455 Executing VM operation: RevokeBias
Event: 2078,455 Executing VM operation: RevokeBias done
Event: 7320,145 Loaded shared library /usr/lib/jvm/java-11-openjdk-amd64/lib/server/libjvm.so
Event: 25240,230 loading class jdk/internal/misc/Signal$1
Event: 25245,904 loading class jdk/internal/misc/Signal$1 done
Event: 25246,707 loading class sun/awt/X11/XDestroyWindowEvent
Event: 25246,739 Thread 0x00007fbff0001000 Thread added: 0x00007fbff0001000
Event: 25246,739 Protecting memory [0x00007fbfde570000,0x00007fbfde574000] with protection modes 0
Event: 25246,739 Thread 0x00007fbff0002800 Thread added: 0x00007fbff0002800
Event: 25246,739 Executing VM operation: RevokeBias
Event: 25246,739 Protecting memory [0x00007fbfd217d000,0x00007fbfd2181000] with protection modes 0
Event: 25247,231 loading class sun/awt/X11/XDestroyWindowEvent done
Event: 25247,404 Executing VM operation: RevokeBias done
Event: 25247,405 Thread 0x00007fbff0004000 Thread added: 0x00007fbff0004000
Event: 25247,405 Protecting memory [0x00007fbfd207c000,0x00007fbfd2080000] with protection modes 0
Event: 25247,749 Thread 0x00007fbfd4065000 Thread added: 0x00007fbfd4065000
Event: 25247,749 Protecting memory [0x00007fc03face000,0x00007fc03fad2000] with protection modes 0
Event: 25247,749 loading class sun/awt/X11/XSystemTrayPeer


Dynamic libraries:
707800000-717200000 rw-p 00000000 00:00 0 
717200000-7bfe00000 ---p 00000000 00:00 0 
7bfe00000-7bfe47000 rw-p 01111000 08:07 7625239                          /usr/lib/jvm/java-11-openjdk-amd64/lib/server/classes.jsa
7bfe47000-7bff00000 rw-p 00000000 00:00 0 
7bff00000-7bff6b000 rw-p 010a6000 08:07 7625239                          /usr/lib/jvm/java-11-openjdk-amd64/lib/server/classes.jsa
7bff6b000-7c0000000 rw-p 00000000 00:00 0 
7c0000000-800000000 ---p 00000000 00:00 0 
800000000-800002000 rwxp 00001000 08:07 7625239                          /usr/lib/jvm/java-11-openjdk-amd64/lib/server/classes.jsa
800002000-8003b9000 rw-p 00003000 08:07 7625239                          /usr/lib/jvm/java-11-openjdk-amd64/lib/server/classes.jsa
8003b9000-800a96000 r--p 003ba000 08:07 7625239                          /usr/lib/jvm/java-11-openjdk-amd64/lib/server/classes.jsa
800a96000-800a97000 rw-p 00a97000 08:07 7625239                          /usr/lib/jvm/java-11-openjdk-amd64/lib/server/classes.jsa
800a97000-8010a5000 r--p 00a98000 08:07 7625239                          /usr/lib/jvm/java-11-openjdk-amd64/lib/server/classes.jsa
840000000-840120000 rw-p 00000000 00:00 0 
840120000-880000000 ---p 00000000 00:00 0 
559e33790000-559e33791000 r-xp 00000000 08:07 7656638                    /usr/lib/jvm/java-11-openjdk-amd64/bin/java
559e33991000-559e33992000 r--p 00001000 08:07 7656638                    /usr/lib/jvm/java-11-openjdk-amd64/bin/java
559e33992000-559e33993000 rw-p 00002000 08:07 7656638                    /usr/lib/jvm/java-11-openjdk-amd64/bin/java
559e34121000-559e34142000 rw-p 00000000 00:00 0                          [heap]
7fbfa8000000-7fbfa8021000 rw-p 00000000 00:00 0 
7fbfa8021000-7fbfac000000 ---p 00000000 00:00 0 
7fbfac000000-7fbfac021000 rw-p 00000000 00:00 0 
7fbfac021000-7fbfb0000000 ---p 00000000 00:00 0 
7fbfb0000000-7fbfb002b000 rw-p 00000000 00:00 0 
7fbfb002b000-7fbfb4000000 ---p 00000000 00:00 0 
7fbfb4000000-7fbfb4021000 rw-p 00000000 00:00 0 
7fbfb4021000-7fbfb8000000 ---p 00000000 00:00 0 
7fbfb8000000-7fbfb8021000 rw-p 00000000 00:00 0 
7fbfb8021000-7fbfbc000000 ---p 00000000 00:00 0 
7fbfbc000000-7fbfbc021000 rw-p 00000000 00:00 0 
7fbfbc021000-7fbfc0000000 ---p 00000000 00:00 0 
7fbfc0000000-7fbfc0021000 rw-p 00000000 00:00 0 
7fbfc0021000-7fbfc4000000 ---p 00000000 00:00 0 
7fbfc4000000-7fbfc4021000 rw-p 00000000 00:00 0 
7fbfc4021000-7fbfc8000000 ---p 00000000 00:00 0 
7fbfc8000000-7fbfc8021000 rw-p 00000000 00:00 0 
7fbfc8021000-7fbfcc000000 ---p 00000000 00:00 0 
7fbfcc000000-7fbfcc023000 rw-p 00000000 00:00 0 
7fbfcc023000-7fbfd0000000 ---p 00000000 00:00 0 
7fbfd207c000-7fbfd2080000 ---p 00000000 00:00 0 
7fbfd2080000-7fbfd217d000 rw-p 00000000 00:00 0 
7fbfd217d000-7fbfd2181000 ---p 00000000 00:00 0 
7fbfd2181000-7fbfd227e000 rw-p 00000000 00:00 0 
7fbfd227e000-7fbfd269d000 rw-s 00000000 00:01 65595                      /SYSV00000000 (deleted)
7fbfd2783000-7fbfd2787000 ---p 00000000 00:00 0 
7fbfd2787000-7fbfd2884000 rw-p 00000000 00:00 0 
7fbfd2884000-7fbfd2888000 ---p 00000000 00:00 0 
7fbfd2888000-7fbfd2985000 rw-p 00000000 00:00 0 
7fbfd2985000-7fbfd29ec000 r-xp 00000000 08:07 7604259                    /usr/lib/x86_64-linux-gnu/libjpeg.so.8.1.2
7fbfd29ec000-7fbfd2beb000 ---p 00067000 08:07 7604259                    /usr/lib/x86_64-linux-gnu/libjpeg.so.8.1.2
7fbfd2beb000-7fbfd2bec000 r--p 00066000 08:07 7604259                    /usr/lib/x86_64-linux-gnu/libjpeg.so.8.1.2
7fbfd2bec000-7fbfd2bed000 rw-p 00067000 08:07 7604259                    /usr/lib/x86_64-linux-gnu/libjpeg.so.8.1.2
7fbfd2bed000-7fbfd2bf7000 r-xp 00000000 08:07 7656696                    /usr/lib/jvm/java-11-openjdk-amd64/lib/libjavajpeg.so
7fbfd2bf7000-7fbfd2df6000 ---p 0000a000 08:07 7656696                    /usr/lib/jvm/java-11-openjdk-amd64/lib/libjavajpeg.so
7fbfd2df6000-7fbfd2df7000 r--p 00009000 08:07 7656696                    /usr/lib/jvm/java-11-openjdk-amd64/lib/libjavajpeg.so
7fbfd2df7000-7fbfd2df8000 rw-p 0000a000 08:07 7656696                    /usr/lib/jvm/java-11-openjdk-amd64/lib/libjavajpeg.so
7fbfd2df8000-7fbfd2dfd000 r-xp 00000000 08:07 7609951                    /usr/lib/x86_64-linux-gnu/libXfixes.so.3.1.0
7fbfd2dfd000-7fbfd2ffc000 ---p 00005000 08:07 7609951                    /usr/lib/x86_64-linux-gnu/libXfixes.so.3.1.0
7fbfd2ffc000-7fbfd2ffd000 r--p 00004000 08:07 7609951                    /usr/lib/x86_64-linux-gnu/libXfixes.so.3.1.0
7fbfd2ffd000-7fbfd2ffe000 rw-p 00005000 08:07 7609951                    /usr/lib/x86_64-linux-gnu/libXfixes.so.3.1.0
7fbfd2ffe000-7fbfd2fff000 ---p 00000000 00:00 0 
7fbfd2fff000-7fbfd37ff000 rw-p 00000000 00:00 0 
7fbfd37ff000-7fbfd3800000 ---p 00000000 00:00 0 
7fbfd3800000-7fbfd4000000 rw-p 00000000 00:00 0 
7fbfd4000000-7fbfd4350000 rw-p 00000000 00:00 0 
7fbfd4350000-7fbfd8000000 ---p 00000000 00:00 0 
7fbfd8000000-7fbfd8021000 rw-p 00000000 00:00 0 
7fbfd8021000-7fbfdc000000 ---p 00000000 00:00 0 
7fbfdc061000-7fbfdc065000 ---p 00000000 00:00 0 
7fbfdc065000-7fbfdc162000 rw-p 00000000 00:00 0 
7fbfdc162000-7fbfdc16b000 r-xp 00000000 08:07 7609943                    /usr/lib/x86_64-linux-gnu/libXcursor.so.1.0.2
7fbfdc16b000-7fbfdc36a000 ---p 00009000 08:07 7609943                    /usr/lib/x86_64-linux-gnu/libXcursor.so.1.0.2
7fbfdc36a000-7fbfdc36b000 r--p 00008000 08:07 7609943                    /usr/lib/x86_64-linux-gnu/libXcursor.so.1.0.2
7fbfdc36b000-7fbfdc36c000 rw-p 00009000 08:07 7609943                    /usr/lib/x86_64-linux-gnu/libXcursor.so.1.0.2
7fbfdc36c000-7fbfdc370000 ---p 00000000 00:00 0 
7fbfdc370000-7fbfdc46d000 rw-p 00000000 00:00 0 
7fbfdc46d000-7fbfdc46e000 ---p 00000000 00:00 0 
7fbfdc46e000-7fbfdcc6e000 rw-p 00000000 00:00 0 
7fbfdcc6e000-7fbfdcc7a000 r-xp 00000000 08:07 7867061                    /usr/lib/x86_64-linux-gnu/gio/modules/libdconfsettings.so
7fbfdcc7a000-7fbfdce79000 ---p 0000c000 08:07 7867061                    /usr/lib/x86_64-linux-gnu/gio/modules/libdconfsettings.so
7fbfdce79000-7fbfdce7a000 r--p 0000b000 08:07 7867061                    /usr/lib/x86_64-linux-gnu/gio/modules/libdconfsettings.so
7fbfdce7a000-7fbfdce7b000 rw-p 0000c000 08:07 7867061                    /usr/lib/x86_64-linux-gnu/gio/modules/libdconfsettings.so
7fbfdce7b000-7fbfdce81000 r-xp 00000000 08:07 4849944                    /lib/x86_64-linux-gnu/libuuid.so.1.3.0
7fbfdce81000-7fbfdd080000 ---p 00006000 08:07 4849944                    /lib/x86_64-linux-gnu/libuuid.so.1.3.0
7fbfdd080000-7fbfdd081000 r--p 00005000 08:07 4849944                    /lib/x86_64-linux-gnu/libuuid.so.1.3.0
7fbfdd081000-7fbfdd082000 rw-p 00006000 08:07 4849944                    /lib/x86_64-linux-gnu/libuuid.so.1.3.0
7fbfdd082000-7fbfdd0c9000 r-xp 00000000 08:07 4849932                    /lib/x86_64-linux-gnu/libblkid.so.1.1.0
7fbfdd0c9000-7fbfdd2c9000 ---p 00047000 08:07 4849932                    /lib/x86_64-linux-gnu/libblkid.so.1.1.0
7fbfdd2c9000-7fbfdd2cd000 r--p 00047000 08:07 4849932                    /lib/x86_64-linux-gnu/libblkid.so.1.1.0
7fbfdd2cd000-7fbfdd2ce000 rw-p 0004b000 08:07 4849932                    /lib/x86_64-linux-gnu/libblkid.so.1.1.0
7fbfdd2ce000-7fbfdd2cf000 rw-p 00000000 00:00 0 
7fbfdd2cf000-7fbfdd2d6000 r-xp 00000000 08:07 7610280                    /usr/lib/x86_64-linux-gnu/libffi.so.6.0.4
7fbfdd2d6000-7fbfdd4d5000 ---p 00007000 08:07 7610280                    /usr/lib/x86_64-linux-gnu/libffi.so.6.0.4
7fbfdd4d5000-7fbfdd4d6000 r--p 00006000 08:07 7610280                    /usr/lib/x86_64-linux-gnu/libffi.so.6.0.4
7fbfdd4d6000-7fbfdd4d7000 rw-p 00007000 08:07 7610280                    /usr/lib/x86_64-linux-gnu/libffi.so.6.0.4
7fbfdd4d7000-7fbfdd528000 r-xp 00000000 08:07 4849940                    /lib/x86_64-linux-gnu/libmount.so.1.1.0
7fbfdd528000-7fbfdd727000 ---p 00051000 08:07 4849940                    /lib/x86_64-linux-gnu/libmount.so.1.1.0
7fbfdd727000-7fbfdd729000 r--p 00050000 08:07 4849940                    /lib/x86_64-linux-gnu/libmount.so.1.1.0
7fbfdd729000-7fbfdd72a000 rw-p 00052000 08:07 4849940                    /lib/x86_64-linux-gnu/libmount.so.1.1.0
7fbfdd72a000-7fbfdd72b000 rw-p 00000000 00:00 0 
7fbfdd72b000-7fbfdd742000 r-xp 00000000 08:07 4854783                    /lib/x86_64-linux-gnu/libresolv-2.27.so
7fbfdd742000-7fbfdd942000 ---p 00017000 08:07 4854783                    /lib/x86_64-linux-gnu/libresolv-2.27.so
7fbfdd942000-7fbfdd943000 r--p 00017000 08:07 4854783                    /lib/x86_64-linux-gnu/libresolv-2.27.so
7fbfdd943000-7fbfdd944000 rw-p 00018000 08:07 4854783                    /lib/x86_64-linux-gnu/libresolv-2.27.so
7fbfdd944000-7fbfdd946000 rw-p 00000000 00:00 0 
7fbfdd946000-7fbfdd96b000 r-xp 00000000 08:07 4854912                    /lib/x86_64-linux-gnu/libselinux.so.1
7fbfdd96b000-7fbfddb6a000 ---p 00025000 08:07 4854912                    /lib/x86_64-linux-gnu/libselinux.so.1
7fbfddb6a000-7fbfddb6b000 r--p 00024000 08:07 4854912                    /lib/x86_64-linux-gnu/libselinux.so.1
7fbfddb6b000-7fbfddb6c000 rw-p 00025000 08:07 4854912                    /lib/x86_64-linux-gnu/libselinux.so.1
7fbfddb6c000-7fbfddb6e000 rw-p 00000000 00:00 0 
7fbfddb6e000-7fbfddb71000 r-xp 00000000 08:07 7602372                    /usr/lib/x86_64-linux-gnu/libgmodule-2.0.so.0.5600.4
7fbfddb71000-7fbfddd70000 ---p 00003000 08:07 7602372                    /usr/lib/x86_64-linux-gnu/libgmodule-2.0.so.0.5600.4
7fbfddd70000-7fbfddd71000 r--p 00002000 08:07 7602372                    /usr/lib/x86_64-linux-gnu/libgmodule-2.0.so.0.5600.4
7fbfddd71000-7fbfddd72000 rw-p 00003000 08:07 7602372                    /usr/lib/x86_64-linux-gnu/libgmodule-2.0.so.0.5600.4
7fbfddd72000-7fbfdddc4000 r-xp 00000000 08:07 7602373                    /usr/lib/x86_64-linux-gnu/libgobject-2.0.so.0.5600.4
7fbfdddc4000-7fbfddfc4000 ---p 00052000 08:07 7602373                    /usr/lib/x86_64-linux-gnu/libgobject-2.0.so.0.5600.4
7fbfddfc4000-7fbfddfc5000 r--p 00052000 08:07 7602373                    /usr/lib/x86_64-linux-gnu/libgobject-2.0.so.0.5600.4
7fbfddfc5000-7fbfddfc6000 rw-p 00053000 08:07 7602373                    /usr/lib/x86_64-linux-gnu/libgobject-2.0.so.0.5600.4
7fbfddfc6000-7fbfde15c000 r-xp 00000000 08:07 7602368                    /usr/lib/x86_64-linux-gnu/libgio-2.0.so.0.5600.4
7fbfde15c000-7fbfde35b000 ---p 00196000 08:07 7602368                    /usr/lib/x86_64-linux-gnu/libgio-2.0.so.0.5600.4
7fbfde35b000-7fbfde362000 r--p 00195000 08:07 7602368                    /usr/lib/x86_64-linux-gnu/libgio-2.0.so.0.5600.4
7fbfde362000-7fbfde363000 rw-p 0019c000 08:07 7602368                    /usr/lib/x86_64-linux-gnu/libgio-2.0.so.0.5600.4
7fbfde363000-7fbfde365000 rw-p 00000000 00:00 0 
7fbfde365000-7fbfde36f000 r-xp 00000000 08:07 7609967                    /usr/lib/x86_64-linux-gnu/libXrandr.so.2.2.0
7fbfde36f000-7fbfde56e000 ---p 0000a000 08:07 7609967                    /usr/lib/x86_64-linux-gnu/libXrandr.so.2.2.0
7fbfde56e000-7fbfde56f000 r--p 00009000 08:07 7609967                    /usr/lib/x86_64-linux-gnu/libXrandr.so.2.2.0
7fbfde56f000-7fbfde570000 rw-p 0000a000 08:07 7609967                    /usr/lib/x86_64-linux-gnu/libXrandr.so.2.2.0
7fbfde570000-7fbfde574000 ---p 00000000 00:00 0 
7fbfde574000-7fbfde671000 rw-p 00000000 00:00 0 
7fbfde671000-7fbfde6e1000 r-xp 00000000 08:07 4854889                    /lib/x86_64-linux-gnu/libpcre.so.3.13.3
7fbfde6e1000-7fbfde8e1000 ---p 00070000 08:07 4854889                    /lib/x86_64-linux-gnu/libpcre.so.3.13.3
7fbfde8e1000-7fbfde8e2000 r--p 00070000 08:07 4854889                    /lib/x86_64-linux-gnu/libpcre.so.3.13.3
7fbfde8e2000-7fbfde8e3000 rw-p 00071000 08:07 4854889                    /lib/x86_64-linux-gnu/libpcre.so.3.13.3
7fbfde8e3000-7fbfde914000 r-xp 00000000 08:07 7610786                    /usr/lib/x86_64-linux-gnu/libpng16.so.16.34.0
7fbfde914000-7fbfdeb13000 ---p 00031000 08:07 7610786                    /usr/lib/x86_64-linux-gnu/libpng16.so.16.34.0
7fbfdeb13000-7fbfdeb14000 r--p 00030000 08:07 7610786                    /usr/lib/x86_64-linux-gnu/libpng16.so.16.34.0
7fbfdeb14000-7fbfdeb15000 rw-p 00031000 08:07 7610786                    /usr/lib/x86_64-linux-gnu/libpng16.so.16.34.0
7fbfdeb15000-7fbfdeb40000 r-xp 00000000 08:07 7610419                    /usr/lib/x86_64-linux-gnu/libgraphite2.so.3.0.1
7fbfdeb40000-7fbfded3f000 ---p 0002b000 08:07 7610419                    /usr/lib/x86_64-linux-gnu/libgraphite2.so.3.0.1
7fbfded3f000-7fbfded41000 r--p 0002a000 08:07 7610419                    /usr/lib/x86_64-linux-gnu/libgraphite2.so.3.0.1
7fbfded41000-7fbfded42000 rw-p 0002c000 08:07 7610419                    /usr/lib/x86_64-linux-gnu/libgraphite2.so.3.0.1
7fbfded42000-7fbfdee56000 r-xp 00000000 08:07 7602371                    /usr/lib/x86_64-linux-gnu/libglib-2.0.so.0.5600.4
7fbfdee56000-7fbfdf056000 ---p 00114000 08:07 7602371                    /usr/lib/x86_64-linux-gnu/libglib-2.0.so.0.5600.4
7fbfdf056000-7fbfdf057000 r--p 00114000 08:07 7602371                    /usr/lib/x86_64-linux-gnu/libglib-2.0.so.0.5600.4
7fbfdf057000-7fbfdf058000 rw-p 00115000 08:07 7602371                    /usr/lib/x86_64-linux-gnu/libglib-2.0.so.0.5600.4
7fbfdf058000-7fbfdf059000 rw-p 00000000 00:00 0 
7fbfdf059000-7fbfdf106000 r-xp 00000000 08:07 7602766                    /usr/lib/x86_64-linux-gnu/libfreetype.so.6.15.0
7fbfdf106000-7fbfdf305000 ---p 000ad000 08:07 7602766                    /usr/lib/x86_64-linux-gnu/libfreetype.so.6.15.0
7fbfdf305000-7fbfdf30c000 r--p 000ac000 08:07 7602766                    /usr/lib/x86_64-linux-gnu/libfreetype.so.6.15.0
7fbfdf30c000-7fbfdf30d000 rw-p 000b3000 08:07 7602766                    /usr/lib/x86_64-linux-gnu/libfreetype.so.6.15.0
7fbfdf30d000-7fbfdf3a9000 r-xp 00000000 08:07 7610497                    /usr/lib/x86_64-linux-gnu/libharfbuzz.so.0.10702.0
7fbfdf3a9000-7fbfdf5a9000 ---p 0009c000 08:07 7610497                    /usr/lib/x86_64-linux-gnu/libharfbuzz.so.0.10702.0
7fbfdf5a9000-7fbfdf5aa000 r--p 0009c000 08:07 7610497                    /usr/lib/x86_64-linux-gnu/libharfbuzz.so.0.10702.0
7fbfdf5aa000-7fbfdf5ab000 rw-p 0009d000 08:07 7610497                    /usr/lib/x86_64-linux-gnu/libharfbuzz.so.0.10702.0
7fbfdf5ab000-7fbfdf5b7000 r-xp 00000000 08:07 7656689                    /usr/lib/jvm/java-11-openjdk-amd64/lib/libfontmanager.so
7fbfdf5b7000-7fbfdf7b7000 ---p 0000c000 08:07 7656689                    /usr/lib/jvm/java-11-openjdk-amd64/lib/libfontmanager.so
7fbfdf7b7000-7fbfdf7b8000 r--p 0000c000 08:07 7656689                    /usr/lib/jvm/java-11-openjdk-amd64/lib/libfontmanager.so
7fbfdf7b8000-7fbfdf7b9000 rw-p 0000d000 08:07 7656689                    /usr/lib/jvm/java-11-openjdk-amd64/lib/libfontmanager.so
7fbfdf7b9000-7fbfdf7cc000 r-xp 00000000 08:07 4854768                    /lib/x86_64-linux-gnu/libbsd.so.0.8.7
7fbfdf7cc000-7fbfdf9cb000 ---p 00013000 08:07 4854768                    /lib/x86_64-linux-gnu/libbsd.so.0.8.7
7fbfdf9cb000-7fbfdf9cc000 r--p 00012000 08:07 4854768                    /lib/x86_64-linux-gnu/libbsd.so.0.8.7
7fbfdf9cc000-7fbfdf9cd000 rw-p 00013000 08:07 4854768                    /lib/x86_64-linux-gnu/libbsd.so.0.8.7
7fbfdf9cd000-7fbfdf9ce000 rw-p 00000000 00:00 0 
7fbfdf9ce000-7fbfdf9d3000 r-xp 00000000 08:07 7609947                    /usr/lib/x86_64-linux-gnu/libXdmcp.so.6.0.0
7fbfdf9d3000-7fbfdfbd2000 ---p 00005000 08:07 7609947                    /usr/lib/x86_64-linux-gnu/libXdmcp.so.6.0.0
7fbfdfbd2000-7fbfdfbd3000 r--p 00004000 08:07 7609947                    /usr/lib/x86_64-linux-gnu/libXdmcp.so.6.0.0
7fbfdfbd3000-7fbfdfbd4000 rw-p 00005000 08:07 7609947                    /usr/lib/x86_64-linux-gnu/libXdmcp.so.6.0.0
7fbfdfbd4000-7fbfdfbd6000 r-xp 00000000 08:07 7604422                    /usr/lib/x86_64-linux-gnu/libXau.so.6.0.0
7fbfdfbd6000-7fbfdfdd6000 ---p 00002000 08:07 7604422                    /usr/lib/x86_64-linux-gnu/libXau.so.6.0.0
7fbfdfdd6000-7fbfdfdd7000 r--p 00002000 08:07 7604422                    /usr/lib/x86_64-linux-gnu/libXau.so.6.0.0
7fbfdfdd7000-7fbfdfdd8000 rw-p 00003000 08:07 7604422                    /usr/lib/x86_64-linux-gnu/libXau.so.6.0.0
7fbfdfdd8000-7fbfdfdfe000 r-xp 00000000 08:07 7611110                    /usr/lib/x86_64-linux-gnu/libxcb.so.1.1.0
7fbfdfdfe000-7fbfdfffe000 ---p 00026000 08:07 7611110                    /usr/lib/x86_64-linux-gnu/libxcb.so.1.1.0
7fbfdfffe000-7fbfdffff000 r--p 00026000 08:07 7611110                    /usr/lib/x86_64-linux-gnu/libxcb.so.1.1.0
7fbfdffff000-7fbfe0000000 rw-p 00027000 08:07 7611110                    /usr/lib/x86_64-linux-gnu/libxcb.so.1.1.0
7fbfe0000000-7fbfe0021000 rw-p 00000000 00:00 0 
7fbfe0021000-7fbfe4000000 ---p 00000000 00:00 0 
7fbfe4000000-7fbfe4021000 rw-p 00000000 00:00 0 
7fbfe4021000-7fbfe8000000 ---p 00000000 00:00 0 
7fbfe8000000-7fbfe859f000 rw-p 00000000 00:00 0 
7fbfe859f000-7fbfec000000 ---p 00000000 00:00 0 
7fbfec000000-7fbfec6d9000 rw-p 00000000 00:00 0 
7fbfec6d9000-7fbff0000000 ---p 00000000 00:00 0 
7fbff0000000-7fbff0021000 rw-p 00000000 00:00 0 
7fbff0021000-7fbff4000000 ---p 00000000 00:00 0 
7fbff4000000-7fbff4021000 rw-p 00000000 00:00 0 
7fbff4021000-7fbff8000000 ---p 00000000 00:00 0 
7fbff8000000-7fbff8021000 rw-p 00000000 00:00 0 
7fbff8021000-7fbffc000000 ---p 00000000 00:00 0 
7fbffc000000-7fbffc021000 rw-p 00000000 00:00 0 
7fbffc021000-7fc000000000 ---p 00000000 00:00 0 
7fc000000000-7fc000021000 rw-p 00000000 00:00 0 
7fc000021000-7fc004000000 ---p 00000000 00:00 0 
7fc004000000-7fc004021000 rw-p 00000000 00:00 0 
7fc004021000-7fc008000000 ---p 00000000 00:00 0 
7fc008000000-7fc008021000 rw-p 00000000 00:00 0 
7fc008021000-7fc00c000000 ---p 00000000 00:00 0 
7fc00c000000-7fc00c021000 rw-p 00000000 00:00 0 
7fc00c021000-7fc010000000 ---p 00000000 00:00 0 
7fc0100ae000-7fc0100bd000 r-xp 00000000 08:07 7609957                    /usr/lib/x86_64-linux-gnu/libXi.so.6.1.0
7fc0100bd000-7fc0102bc000 ---p 0000f000 08:07 7609957                    /usr/lib/x86_64-linux-gnu/libXi.so.6.1.0
7fc0102bc000-7fc0102bd000 r--p 0000e000 08:07 7609957                    /usr/lib/x86_64-linux-gnu/libXi.so.6.1.0
7fc0102bd000-7fc0102be000 rw-p 0000f000 08:07 7609957                    /usr/lib/x86_64-linux-gnu/libXi.so.6.1.0
7fc0102be000-7fc0102c3000 r-xp 00000000 08:07 7609975                    /usr/lib/x86_64-linux-gnu/libXtst.so.6.1.0
7fc0102c3000-7fc0104c2000 ---p 00005000 08:07 7609975                    /usr/lib/x86_64-linux-gnu/libXtst.so.6.1.0
7fc0104c2000-7fc0104c3000 r--p 00004000 08:07 7609975                    /usr/lib/x86_64-linux-gnu/libXtst.so.6.1.0
7fc0104c3000-7fc0104c4000 rw-p 00005000 08:07 7609975                    /usr/lib/x86_64-linux-gnu/libXtst.so.6.1.0
7fc0104c4000-7fc0104cd000 r-xp 00000000 08:07 7609969                    /usr/lib/x86_64-linux-gnu/libXrender.so.1.3.0
7fc0104cd000-7fc0106cc000 ---p 00009000 08:07 7609969                    /usr/lib/x86_64-linux-gnu/libXrender.so.1.3.0
7fc0106cc000-7fc0106cd000 r--p 00008000 08:07 7609969                    /usr/lib/x86_64-linux-gnu/libXrender.so.1.3.0
7fc0106cd000-7fc0106ce000 rw-p 00009000 08:07 7609969                    /usr/lib/x86_64-linux-gnu/libXrender.so.1.3.0
7fc0106ce000-7fc010801000 r-xp 00000000 08:07 7609281                    /usr/lib/x86_64-linux-gnu/libX11.so.6.3.0
7fc010801000-7fc010a01000 ---p 00133000 08:07 7609281                    /usr/lib/x86_64-linux-gnu/libX11.so.6.3.0
7fc010a01000-7fc010a02000 r--p 00133000 08:07 7609281                    /usr/lib/x86_64-linux-gnu/libX11.so.6.3.0
7fc010a02000-7fc010a06000 rw-p 00134000 08:07 7609281                    /usr/lib/x86_64-linux-gnu/libX11.so.6.3.0
7fc010a06000-7fc010a17000 r-xp 00000000 08:07 7609949                    /usr/lib/x86_64-linux-gnu/libXext.so.6.4.0
7fc010a17000-7fc010c16000 ---p 00011000 08:07 7609949                    /usr/lib/x86_64-linux-gnu/libXext.so.6.4.0
7fc010c16000-7fc010c17000 r--p 00010000 08:07 7609949                    /usr/lib/x86_64-linux-gnu/libXext.so.6.4.0
7fc010c17000-7fc010c18000 rw-p 00011000 08:07 7609949                    /usr/lib/x86_64-linux-gnu/libXext.so.6.4.0
7fc010c18000-7fc010c76000 r-xp 00000000 08:07 7625232                    /usr/lib/jvm/java-11-openjdk-amd64/lib/libawt_xawt.so
7fc010c76000-7fc010e76000 ---p 0005e000 08:07 7625232                    /usr/lib/jvm/java-11-openjdk-amd64/lib/libawt_xawt.so
7fc010e76000-7fc010e77000 r--p 0005e000 08:07 7625232                    /usr/lib/jvm/java-11-openjdk-amd64/lib/libawt_xawt.so
7fc010e77000-7fc010e79000 rw-p 0005f000 08:07 7625232                    /usr/lib/jvm/java-11-openjdk-amd64/lib/libawt_xawt.so
7fc010e79000-7fc010e7b000 rw-p 00000000 00:00 0 
7fc010e7b000-7fc010f19000 r-xp 00000000 08:07 7656685                    /usr/lib/jvm/java-11-openjdk-amd64/lib/libawt.so
7fc010f19000-7fc011118000 ---p 0009e000 08:07 7656685                    /usr/lib/jvm/java-11-openjdk-amd64/lib/libawt.so
7fc011118000-7fc011119000 r--p 0009d000 08:07 7656685                    /usr/lib/jvm/java-11-openjdk-amd64/lib/libawt.so
7fc011119000-7fc011124000 rw-p 0009e000 08:07 7656685                    /usr/lib/jvm/java-11-openjdk-amd64/lib/libawt.so
7fc011124000-7fc011149000 rw-p 00000000 00:00 0 
7fc011149000-7fc01115f000 r-xp 00000000 08:07 7656706                    /usr/lib/jvm/java-11-openjdk-amd64/lib/libnet.so
7fc01115f000-7fc01135e000 ---p 00016000 08:07 7656706                    /usr/lib/jvm/java-11-openjdk-amd64/lib/libnet.so
7fc01135e000-7fc01135f000 r--p 00015000 08:07 7656706                    /usr/lib/jvm/java-11-openjdk-amd64/lib/libnet.so
7fc01135f000-7fc011360000 rw-p 00016000 08:07 7656706                    /usr/lib/jvm/java-11-openjdk-amd64/lib/libnet.so
7fc011360000-7fc011370000 r-xp 00000000 08:07 7656707                    /usr/lib/jvm/java-11-openjdk-amd64/lib/libnio.so
7fc011370000-7fc01156f000 ---p 00010000 08:07 7656707                    /usr/lib/jvm/java-11-openjdk-amd64/lib/libnio.so
7fc01156f000-7fc011570000 r--p 0000f000 08:07 7656707                    /usr/lib/jvm/java-11-openjdk-amd64/lib/libnio.so
7fc011570000-7fc011571000 rw-p 00010000 08:07 7656707                    /usr/lib/jvm/java-11-openjdk-amd64/lib/libnio.so
7fc011571000-7fc011575000 ---p 00000000 00:00 0 
7fc011575000-7fc011672000 rw-p 00000000 00:00 0 
7fc011672000-7fc011673000 ---p 00000000 00:00 0 
7fc011673000-7fc011774000 rw-p 00000000 00:00 0 
7fc011774000-7fc011778000 ---p 00000000 00:00 0 
7fc011778000-7fc011875000 rw-p 00000000 00:00 0 
7fc011875000-7fc011879000 ---p 00000000 00:00 0 
7fc011879000-7fc011976000 rw-p 00000000 00:00 0 
7fc011976000-7fc01197a000 ---p 00000000 00:00 0 
7fc01197a000-7fc011a77000 rw-p 00000000 00:00 0 
7fc011a77000-7fc012000000 r--p 00000000 08:07 7608791                    /usr/lib/locale/locale-archive
7fc012000000-7fc014000000 rw-p 00000000 00:00 0 
7fc014000000-7fc014021000 rw-p 00000000 00:00 0 
7fc014021000-7fc018000000 ---p 00000000 00:00 0 
7fc0180bd000-7fc0180c1000 ---p 00000000 00:00 0 
7fc0180c1000-7fc0181be000 rw-p 00000000 00:00 0 
7fc0181be000-7fc0181c2000 ---p 00000000 00:00 0 
7fc0181c2000-7fc0182bf000 rw-p 00000000 00:00 0 
7fc0182bf000-7fc0182c3000 ---p 00000000 00:00 0 
7fc0182c3000-7fc0187a8000 rw-p 00000000 00:00 0 
7fc0187a8000-7fc01b1d8000 ---p 00000000 00:00 0 
7fc01b1d8000-7fc01b1e0000 rw-p 00000000 00:00 0 
7fc01b1e0000-7fc01c1e0000 ---p 00000000 00:00 0 
7fc01c1e0000-7fc01c5c8000 rw-p 00000000 00:00 0 
7fc01c5c8000-7fc01eff8000 ---p 00000000 00:00 0 
7fc01eff8000-7fc01f000000 rw-p 00000000 00:00 0 
7fc01f000000-7fc020000000 ---p 00000000 00:00 0 
7fc020000000-7fc020021000 rw-p 00000000 00:00 0 
7fc020021000-7fc024000000 ---p 00000000 00:00 0 
7fc02403c000-7fc024040000 ---p 00000000 00:00 0 
7fc024040000-7fc02413d000 rw-p 00000000 00:00 0 
7fc02413d000-7fc02413e000 ---p 00000000 00:00 0 
7fc02413e000-7fc024a80000 rw-p 00000000 00:00 0 
7fc024a80000-7fc024ac0000 ---p 00000000 00:00 0 
7fc024ac0000-7fc024ac1000 ---p 00000000 00:00 0 
7fc024ac1000-7fc024bc2000 rw-p 00000000 00:00 0 
7fc024bc2000-7fc024bc3000 ---p 00000000 00:00 0 
7fc024bc3000-7fc0254cc000 rw-p 00000000 00:00 0 
7fc0254cc000-7fc0254cd000 ---p 00000000 00:00 0 
7fc0254cd000-7fc0255ce000 rw-p 00000000 00:00 0 
7fc0255ce000-7fc0255cf000 ---p 00000000 00:00 0 
7fc0255cf000-7fc02584e000 rw-p 00000000 00:00 0 
7fc02584e000-7fc025d94000 ---p 00000000 00:00 0 
7fc025d94000-7fc025d95000 rw-p 00000000 00:00 0 
7fc025d95000-7fc025f95000 ---p 00000000 00:00 0 
7fc025f95000-7fc026012000 rw-p 00000000 00:00 0 
7fc026012000-7fc026558000 ---p 00000000 00:00 0 
7fc026558000-7fc026559000 rw-p 00000000 00:00 0 
7fc026559000-7fc026759000 ---p 00000000 00:00 0 
7fc026759000-7fc0267d6000 rw-p 00000000 00:00 0 
7fc0267d6000-7fc026d1c000 ---p 00000000 00:00 0 
7fc026d1c000-7fc026d1d000 rw-p 00000000 00:00 0 
7fc026d1d000-7fc026f1d000 ---p 00000000 00:00 0 
7fc026f1d000-7fc027725000 rw-p 00000000 00:00 0 
7fc027725000-7fc027726000 ---p 00000000 00:00 0 
7fc027726000-7fc02782c000 rw-p 00000000 00:00 0 
7fc02782c000-7fc027912000 ---p 00000000 00:00 0 
7fc027912000-7fc027918000 rw-p 00000000 00:00 0 
7fc027918000-7fc0279fd000 ---p 00000000 00:00 0 
7fc0279fd000-7fc027c6d000 rwxp 00000000 00:00 0 
7fc027c6d000-7fc027f8e000 ---p 00000000 00:00 0 
7fc027f8e000-7fc02823e000 rwxp 00000000 00:00 0 
7fc02823e000-7fc02f4c5000 ---p 00000000 00:00 0 
7fc02f4c5000-7fc02f735000 rwxp 00000000 00:00 0 
7fc02f735000-7fc0369fd000 ---p 00000000 00:00 0 
7fc0369fd000-7fc036a04000 r-xp 00000000 08:07 7656715                    /usr/lib/jvm/java-11-openjdk-amd64/lib/libzip.so
7fc036a04000-7fc036c03000 ---p 00007000 08:07 7656715                    /usr/lib/jvm/java-11-openjdk-amd64/lib/libzip.so
7fc036c03000-7fc036c04000 r--p 00006000 08:07 7656715                    /usr/lib/jvm/java-11-openjdk-amd64/lib/libzip.so
7fc036c04000-7fc036c05000 rw-p 00007000 08:07 7656715                    /usr/lib/jvm/java-11-openjdk-amd64/lib/libzip.so
7fc036c05000-7fc036c10000 r-xp 00000000 08:07 4849757                    /lib/x86_64-linux-gnu/libnss_files-2.27.so
7fc036c10000-7fc036e0f000 ---p 0000b000 08:07 4849757                    /lib/x86_64-linux-gnu/libnss_files-2.27.so
7fc036e0f000-7fc036e10000 r--p 0000a000 08:07 4849757                    /lib/x86_64-linux-gnu/libnss_files-2.27.so
7fc036e10000-7fc036e11000 rw-p 0000b000 08:07 4849757                    /lib/x86_64-linux-gnu/libnss_files-2.27.so
7fc036e11000-7fc036e17000 rw-p 00000000 00:00 0 
7fc036e17000-7fc036e2e000 r-xp 00000000 08:07 4849754                    /lib/x86_64-linux-gnu/libnsl-2.27.so
7fc036e2e000-7fc03702d000 ---p 00017000 08:07 4849754                    /lib/x86_64-linux-gnu/libnsl-2.27.so
7fc03702d000-7fc03702e000 r--p 00016000 08:07 4849754                    /lib/x86_64-linux-gnu/libnsl-2.27.so
7fc03702e000-7fc03702f000 rw-p 00017000 08:07 4849754                    /lib/x86_64-linux-gnu/libnsl-2.27.so
7fc03702f000-7fc037031000 rw-p 00000000 00:00 0 
7fc037031000-7fc03703c000 r-xp 00000000 08:07 4849759                    /lib/x86_64-linux-gnu/libnss_nis-2.27.so
7fc03703c000-7fc03723b000 ---p 0000b000 08:07 4849759                    /lib/x86_64-linux-gnu/libnss_nis-2.27.so
7fc03723b000-7fc03723c000 r--p 0000a000 08:07 4849759                    /lib/x86_64-linux-gnu/libnss_nis-2.27.so
7fc03723c000-7fc03723d000 rw-p 0000b000 08:07 4849759                    /lib/x86_64-linux-gnu/libnss_nis-2.27.so
7fc03723d000-7fc037245000 r-xp 00000000 08:07 4849755                    /lib/x86_64-linux-gnu/libnss_compat-2.27.so
7fc037245000-7fc037445000 ---p 00008000 08:07 4849755                    /lib/x86_64-linux-gnu/libnss_compat-2.27.so
7fc037445000-7fc037446000 r--p 00008000 08:07 4849755                    /lib/x86_64-linux-gnu/libnss_compat-2.27.so
7fc037446000-7fc037447000 rw-p 00009000 08:07 4849755                    /lib/x86_64-linux-gnu/libnss_compat-2.27.so
7fc03face000-7fc03fad2000 ---p 00000000 00:00 0 
7fc03fad2000-7fc03fbcf000 rw-p 00000000 00:00 0 
7fc03fbcf000-7fc03fbd4000 r-xp 00000000 08:07 7656698                    /usr/lib/jvm/java-11-openjdk-amd64/lib/libjimage.so
7fc03fbd4000-7fc03fdd3000 ---p 00005000 08:07 7656698                    /usr/lib/jvm/java-11-openjdk-amd64/lib/libjimage.so
7fc03fdd3000-7fc03fdd4000 r--p 00004000 08:07 7656698                    /usr/lib/jvm/java-11-openjdk-amd64/lib/libjimage.so
7fc03fdd4000-7fc03fdd5000 rw-p 00005000 08:07 7656698                    /usr/lib/jvm/java-11-openjdk-amd64/lib/libjimage.so
7fc03fdd5000-7fc03fdfd000 r-xp 00000000 08:07 7656695                    /usr/lib/jvm/java-11-openjdk-amd64/lib/libjava.so
7fc03fdfd000-7fc03fffd000 ---p 00028000 08:07 7656695                    /usr/lib/jvm/java-11-openjdk-amd64/lib/libjava.so
7fc03fffd000-7fc03fffe000 r--p 00028000 08:07 7656695                    /usr/lib/jvm/java-11-openjdk-amd64/lib/libjava.so
7fc03fffe000-7fc03ffff000 rw-p 00029000 08:07 7656695                    /usr/lib/jvm/java-11-openjdk-amd64/lib/libjava.so
7fc03ffff000-7fc040000000 rw-p 00000000 00:00 0 
7fc040000000-7fc040512000 rw-p 00000000 00:00 0 
7fc040512000-7fc044000000 ---p 00000000 00:00 0 
7fc044026000-7fc04404a000 r--p 00000000 08:07 8519951                    /usr/share/glib-2.0/schemas/gschemas.compiled
7fc04404a000-7fc04407b000 rw-p 00000000 00:00 0 
7fc04407b000-7fc044088000 r-xp 00000000 08:07 7656714                    /usr/lib/jvm/java-11-openjdk-amd64/lib/libverify.so
7fc044088000-7fc044287000 ---p 0000d000 08:07 7656714                    /usr/lib/jvm/java-11-openjdk-amd64/lib/libverify.so
7fc044287000-7fc044289000 r--p 0000c000 08:07 7656714                    /usr/lib/jvm/java-11-openjdk-amd64/lib/libverify.so
7fc044289000-7fc04428a000 rw-p 0000e000 08:07 7656714                    /usr/lib/jvm/java-11-openjdk-amd64/lib/libverify.so
7fc04428a000-7fc044291000 r-xp 00000000 08:07 4854784                    /lib/x86_64-linux-gnu/librt-2.27.so
7fc044291000-7fc044490000 ---p 00007000 08:07 4854784                    /lib/x86_64-linux-gnu/librt-2.27.so
7fc044490000-7fc044491000 r--p 00006000 08:07 4854784                    /lib/x86_64-linux-gnu/librt-2.27.so
7fc044491000-7fc044492000 rw-p 00007000 08:07 4854784                    /lib/x86_64-linux-gnu/librt-2.27.so
7fc044492000-7fc0444a9000 r-xp 00000000 08:07 4849670                    /lib/x86_64-linux-gnu/libgcc_s.so.1
7fc0444a9000-7fc0446a8000 ---p 00017000 08:07 4849670                    /lib/x86_64-linux-gnu/libgcc_s.so.1
7fc0446a8000-7fc0446a9000 r--p 00016000 08:07 4849670                    /lib/x86_64-linux-gnu/libgcc_s.so.1
7fc0446a9000-7fc0446aa000 rw-p 00017000 08:07 4849670                    /lib/x86_64-linux-gnu/libgcc_s.so.1
7fc0446aa000-7fc044847000 r-xp 00000000 08:07 4849751                    /lib/x86_64-linux-gnu/libm-2.27.so
7fc044847000-7fc044a46000 ---p 0019d000 08:07 4849751                    /lib/x86_64-linux-gnu/libm-2.27.so
7fc044a46000-7fc044a47000 r--p 0019c000 08:07 4849751                    /lib/x86_64-linux-gnu/libm-2.27.so
7fc044a47000-7fc044a48000 rw-p 0019d000 08:07 4849751                    /lib/x86_64-linux-gnu/libm-2.27.so
7fc044a48000-7fc044bc1000 r-xp 00000000 08:07 7604364                    /usr/lib/x86_64-linux-gnu/libstdc++.so.6.0.25
7fc044bc1000-7fc044dc1000 ---p 00179000 08:07 7604364                    /usr/lib/x86_64-linux-gnu/libstdc++.so.6.0.25
7fc044dc1000-7fc044dcb000 r--p 00179000 08:07 7604364                    /usr/lib/x86_64-linux-gnu/libstdc++.so.6.0.25
7fc044dcb000-7fc044dcd000 rw-p 00183000 08:07 7604364                    /usr/lib/x86_64-linux-gnu/libstdc++.so.6.0.25
7fc044dcd000-7fc044dd1000 rw-p 00000000 00:00 0 
7fc044dd1000-7fc045eb9000 r-xp 00000000 08:07 7656719                    /usr/lib/jvm/java-11-openjdk-amd64/lib/server/libjvm.so
7fc045eb9000-7fc0460b8000 ---p 010e8000 08:07 7656719                    /usr/lib/jvm/java-11-openjdk-amd64/lib/server/libjvm.so
7fc0460b8000-7fc046179000 r--p 010e7000 08:07 7656719                    /usr/lib/jvm/java-11-openjdk-amd64/lib/server/libjvm.so
7fc046179000-7fc0461b4000 rw-p 011a8000 08:07 7656719                    /usr/lib/jvm/java-11-openjdk-amd64/lib/server/libjvm.so
7fc0461b4000-7fc04620b000 rw-p 00000000 00:00 0 
7fc04620b000-7fc046225000 r-xp 00000000 08:07 4854724                    /lib/x86_64-linux-gnu/libpthread-2.27.so
7fc046225000-7fc046424000 ---p 0001a000 08:07 4854724                    /lib/x86_64-linux-gnu/libpthread-2.27.so
7fc046424000-7fc046425000 r--p 00019000 08:07 4854724                    /lib/x86_64-linux-gnu/libpthread-2.27.so
7fc046425000-7fc046426000 rw-p 0001a000 08:07 4854724                    /lib/x86_64-linux-gnu/libpthread-2.27.so
7fc046426000-7fc04642a000 rw-p 00000000 00:00 0 
7fc04642a000-7fc04642d000 r-xp 00000000 08:07 4849750                    /lib/x86_64-linux-gnu/libdl-2.27.so
7fc04642d000-7fc04662c000 ---p 00003000 08:07 4849750                    /lib/x86_64-linux-gnu/libdl-2.27.so
7fc04662c000-7fc04662d000 r--p 00002000 08:07 4849750                    /lib/x86_64-linux-gnu/libdl-2.27.so
7fc04662d000-7fc04662e000 rw-p 00003000 08:07 4849750                    /lib/x86_64-linux-gnu/libdl-2.27.so
7fc04662e000-7fc04664a000 r-xp 00000000 08:07 4854939                    /lib/x86_64-linux-gnu/libz.so.1.2.11
7fc04664a000-7fc046849000 ---p 0001c000 08:07 4854939                    /lib/x86_64-linux-gnu/libz.so.1.2.11
7fc046849000-7fc04684a000 r--p 0001b000 08:07 4854939                    /lib/x86_64-linux-gnu/libz.so.1.2.11
7fc04684a000-7fc04684b000 rw-p 0001c000 08:07 4854939                    /lib/x86_64-linux-gnu/libz.so.1.2.11
7fc04684b000-7fc046a32000 r-xp 00000000 08:07 4849747                    /lib/x86_64-linux-gnu/libc-2.27.so
7fc046a32000-7fc046c32000 ---p 001e7000 08:07 4849747                    /lib/x86_64-linux-gnu/libc-2.27.so
7fc046c32000-7fc046c36000 r--p 001e7000 08:07 4849747                    /lib/x86_64-linux-gnu/libc-2.27.so
7fc046c36000-7fc046c38000 rw-p 001eb000 08:07 4849747                    /lib/x86_64-linux-gnu/libc-2.27.so
7fc046c38000-7fc046c3c000 rw-p 00000000 00:00 0 
7fc046c3c000-7fc046c4b000 r-xp 00000000 08:07 7656680                    /usr/lib/jvm/java-11-openjdk-amd64/lib/jli/libjli.so
7fc046c4b000-7fc046e4a000 ---p 0000f000 08:07 7656680                    /usr/lib/jvm/java-11-openjdk-amd64/lib/jli/libjli.so
7fc046e4a000-7fc046e4b000 r--p 0000e000 08:07 7656680                    /usr/lib/jvm/java-11-openjdk-amd64/lib/jli/libjli.so
7fc046e4b000-7fc046e4c000 rw-p 0000f000 08:07 7656680                    /usr/lib/jvm/java-11-openjdk-amd64/lib/jli/libjli.so
7fc046e4c000-7fc046e73000 r-xp 00000000 08:07 4849680                    /lib/x86_64-linux-gnu/ld-2.27.so
7fc046e8c000-7fc046e90000 r--p 00000000 08:07 8434770                    /home/mark/.config/dconf/user (deleted)
7fc046e90000-7fc046f55000 rw-p 00000000 00:00 0 
7fc046f55000-7fc046f59000 ---p 00000000 00:00 0 
7fc046f59000-7fc047058000 rw-p 00000000 00:00 0 
7fc047058000-7fc047059000 r--s 00000000 00:38 59                         /run/user/1000/dconf/user (deleted)
7fc047059000-7fc04705e000 rw-p 00000000 00:00 0 
7fc04705e000-7fc047065000 ---p 00000000 00:00 0 
7fc047065000-7fc047067000 r--s 00007000 08:07 7995550                    /usr/share/java/java-atk-wrapper.jar
7fc047067000-7fc04706f000 rw-s 00000000 08:07 7475653                    /tmp/hsperfdata_mark/23491
7fc04706f000-7fc047070000 ---p 00000000 00:00 0 
7fc047070000-7fc047071000 r--p 00000000 00:00 0 
7fc047071000-7fc047073000 rw-p 00000000 00:00 0 
7fc047073000-7fc047074000 r--p 00027000 08:07 4849680                    /lib/x86_64-linux-gnu/ld-2.27.so
7fc047074000-7fc047075000 rw-p 00028000 08:07 4849680                    /lib/x86_64-linux-gnu/ld-2.27.so
7fc047075000-7fc047076000 rw-p 00000000 00:00 0 
7ffd1fc37000-7ffd1fc58000 rw-p 00000000 00:00 0                          [stack]
7ffd1fd73000-7ffd1fd76000 r--p 00000000 00:00 0                          [vvar]
7ffd1fd76000-7ffd1fd77000 r-xp 00000000 00:00 0                          [vdso]
ffffffffff600000-ffffffffff601000 --xp 00000000 00:00 0                  [vsyscall]


VM Arguments:
jvm_args: -Dfile.encoding=UTF-8 
java_command: Main
java_class_path (initial): /home/mark/eclipse-workspace/Sceletonization/bin
Launcher Type: SUN_STANDARD

[Global flags]
     intx CICompilerCount                          = 4                                         {product} {ergonomic}
     uint ConcGCThreads                            = 2                                         {product} {ergonomic}
     uint G1ConcRefinementThreads                  = 8                                         {product} {ergonomic}
   size_t G1HeapRegionSize                         = 1048576                                   {product} {ergonomic}
    uintx GCDrainStackTargetSize                   = 64                                        {product} {ergonomic}
   size_t InitialHeapSize                          = 262144000                                 {product} {ergonomic}
   size_t MarkStackSize                            = 4194304                                   {product} {ergonomic}
   size_t MaxHeapSize                              = 4169138176                                {product} {ergonomic}
   size_t MaxNewSize                               = 2500853760                                {product} {ergonomic}
   size_t MinHeapDeltaBytes                        = 1048576                                   {product} {ergonomic}
    uintx NonNMethodCodeHeapSize                   = 5836300                                {pd product} {ergonomic}
    uintx NonProfiledCodeHeapSize                  = 122910970                              {pd product} {ergonomic}
    uintx ProfiledCodeHeapSize                     = 122910970                              {pd product} {ergonomic}
    uintx ReservedCodeCacheSize                    = 251658240                              {pd product} {ergonomic}
     bool SegmentedCodeCache                       = true                                      {product} {ergonomic}
     bool UseCompressedClassPointers               = true                                 {lp64_product} {ergonomic}
     bool UseCompressedOops                        = true                                 {lp64_product} {ergonomic}
     bool UseG1GC                                  = true                                      {product} {ergonomic}

Logging:
Log output configuration:
 #0: stdout all=warning uptime,level,tags
 #1: stderr all=off uptime,level,tags

Environment Variables:
PATH=/usr/local/sbin:/usr/local/bin:/usr/sbin:/usr/bin:/sbin:/bin:/usr/games:/usr/local/games:/snap/bin
USERNAME=mark
SHELL=/bin/bash
DISPLAY=:0
LANG=en_US.UTF-8

Signal Handlers:
SIGSEGV: [libjvm.so+0xe1d0a0], sa_mask[0]=11111111011111111101111111111110, sa_flags=SA_RESTART|SA_SIGINFO
SIGBUS: [libjvm.so+0xe1d0a0], sa_mask[0]=11111111011111111101111111111110, sa_flags=SA_RESTART|SA_SIGINFO
SIGFPE: [libjvm.so+0xe1d0a0], sa_mask[0]=11111111011111111101111111111110, sa_flags=SA_RESTART|SA_SIGINFO
SIGPIPE: SIG_IGN, sa_mask[0]=00000000000010000000000000000000, sa_flags=SA_RESTART
SIGXFSZ: [libjvm.so+0xb717f0], sa_mask[0]=11111111011111111101111111111110, sa_flags=SA_RESTART|SA_SIGINFO
SIGILL: [libjvm.so+0xe1d0a0], sa_mask[0]=11111111011111111101111111111110, sa_flags=SA_RESTART|SA_SIGINFO
SIGUSR2: [libjvm.so+0xb71680], sa_mask[0]=00100000000000000000000000000000, sa_flags=SA_RESTART|SA_SIGINFO
SIGHUP: [libjvm.so+0xb71b30], sa_mask[0]=11111111011111111101111111111110, sa_flags=SA_RESTART|SA_SIGINFO
SIGINT: [libjvm.so+0xb71b30], sa_mask[0]=11111111011111111101111111111110, sa_flags=SA_RESTART|SA_SIGINFO
SIGTERM: [libjvm.so+0xb71b30], sa_mask[0]=11111111011111111101111111111110, sa_flags=SA_RESTART|SA_SIGINFO
SIGQUIT: [libjvm.so+0xb71b30], sa_mask[0]=11111111011111111101111111111110, sa_flags=SA_RESTART|SA_SIGINFO


---------------  S Y S T E M  ---------------

OS:DISTRIB_ID=Ubuntu
DISTRIB_RELEASE=18.04
DISTRIB_CODENAME=bionic
DISTRIB_DESCRIPTION="Ubuntu 18.04.5 LTS"
uname:Linux 5.4.0-72-generic #80~18.04.1-Ubuntu SMP Mon Apr 12 23:26:25 UTC 2021 x86_64
OS uptime: 0 days 22:12 hours
libc:glibc 2.27 NPTL 2.27 
rlimit (soft/hard): STACK 8192k/infinity , CORE 0k/infinity , NPROC 63405/63405 , NOFILE 1048576/1048576 , AS infinity/infinity , CPU infinity/infinity , DATA infinity/infinity , FSIZE infinity/infinity , MEMLOCK 16384k/16384k
load average:5,78 2,49 2,10

/proc/meminfo:
MemTotal:       16280920 kB
MemFree:        12799348 kB
MemAvailable:   13985984 kB
Buffers:          207772 kB
Cached:          1249332 kB
SwapCached:         1084 kB
Active:          2051324 kB
Inactive:         948272 kB
Active(anon):    1509488 kB
Inactive(anon):   123156 kB
Active(file):     541836 kB
Inactive(file):   825116 kB
Unevictable:       29168 kB
Mlocked:               0 kB
SwapTotal:       2097148 kB
SwapFree:        2086204 kB
Dirty:               868 kB
Writeback:             0 kB
AnonPages:       1570864 kB
Mapped:           133584 kB
Shmem:             90232 kB
KReclaimable:     152600 kB
Slab:             319976 kB
SReclaimable:     152600 kB
SUnreclaim:       167376 kB
KernelStack:       14680 kB
PageTables:        14480 kB
NFS_Unstable:          0 kB
Bounce:                0 kB
WritebackTmp:          0 kB
CommitLimit:    10237608 kB
Committed_AS:    6768268 kB
VmallocTotal:   34359738367 kB
VmallocUsed:       32772 kB
VmallocChunk:          0 kB
Percpu:             7808 kB
HardwareCorrupted:     0 kB
AnonHugePages:         0 kB
ShmemHugePages:        0 kB
ShmemPmdMapped:        0 kB
FileHugePages:         0 kB
FilePmdMapped:         0 kB
CmaTotal:              0 kB
CmaFree:               0 kB
HugePages_Total:       0
HugePages_Free:        0
HugePages_Rsvd:        0
HugePages_Surp:        0
Hugepagesize:       2048 kB
Hugetlb:               0 kB
DirectMap4k:      875124 kB
DirectMap2M:    15785984 kB
DirectMap1G:           0 kB

/sys/kernel/mm/transparent_hugepage/enabled:
always [madvise] never
/sys/kernel/mm/transparent_hugepage/defrag (defrag/compaction efforts parameter):
always defer defer+madvise [madvise] never

Process Memory:
Virtual Size: 7568592K (peak: 15623704K)
Resident Set Size: 84244K (peak: 102084K) (anon: 64260K, file: 15760K, shmem: 4224K)
Swapped out: 0K
C-Heap outstanding allocations: 5429K

/proc/sys/kernel/threads-max (system-wide limit on the number of threads):
126811
/proc/sys/vm/max_map_count (maximum number of memory map areas a process may have):
65530
/proc/sys/kernel/pid_max (system-wide limit on number of process identifiers):
32768

container (cgroup) information:
container_type: cgroupv1
cpu_cpuset_cpus: 0-7
cpu_memory_nodes: 0
active_processor_count: 8
cpu_quota: -1
cpu_period: 100000
cpu_shares: -1
memory_limit_in_bytes: -1
memory_and_swap_limit_in_bytes: -2
memory_soft_limit_in_bytes: -1
memory_usage_in_bytes: 2519961600
memory_max_usage_in_bytes: 15632760832

Steal ticks since vm start: 0
Steal ticks percentage since vm start:  0,000

CPU:total 8 (initial active 8) (4 cores per cpu, 2 threads per core) family 6 model 142 stepping 10 microcode 0xe0, cmov, cx8, fxsr, mmx, sse, sse2, sse3, ssse3, sse4.1, sse4.2, popcnt, avx, avx2, aes, clmul, erms, 3dnowpref, lzcnt, ht, tsc, tscinvbit, bmi1, bmi2, adx, fma
CPU Model and flags from /proc/cpuinfo:
model name	: Intel(R) Core(TM) i7-8550U CPU @ 1.80GHz
flags		: fpu vme de pse tsc msr pae mce cx8 apic sep mtrr pge mca cmov pat pse36 clflush dts acpi mmx fxsr sse sse2 ss ht tm pbe syscall nx pdpe1gb rdtscp lm constant_tsc art arch_perfmon pebs bts rep_good nopl xtopology nonstop_tsc cpuid aperfmperf pni pclmulqdq dtes64 monitor ds_cpl vmx est tm2 ssse3 sdbg fma cx16 xtpr pdcm pcid sse4_1 sse4_2 x2apic movbe popcnt tsc_deadline_timer aes xsave avx f16c rdrand lahf_lm abm 3dnowprefetch cpuid_fault epb invpcid_single pti ssbd ibrs ibpb stibp tpr_shadow vnmi flexpriority ept vpid ept_ad fsgsbase tsc_adjust bmi1 avx2 smep bmi2 erms invpcid mpx rdseed adx smap clflushopt intel_pt xsaveopt xsavec xgetbv1 xsaves dtherm ida arat pln pts hwp hwp_notify hwp_act_window hwp_epp md_clear flush_l1d
Online cpus:
0-7
Offline cpus:

BIOS frequency limitation:
<Not Available>
Frequency switch latency (ns):
0
Available cpu frequencies:
<Not Available>
Current governor:
powersave
Core performance/turbo boost:
<Not Available>

Memory: 4k page, physical 16280920k(12799412k free), swap 2097148k(2086204k free)

vm_info: OpenJDK 64-Bit Server VM (11.0.11+9-Ubuntu-0ubuntu2.18.04) for linux-amd64 JRE (11.0.11+9-Ubuntu-0ubuntu2.18.04), built on Apr 21 2021 09:15:32 by "unknown" with gcc 8.4.0

END.
